 ----------------------header-------------------------- 2018-11-12 16:45:18,201 [6] INFO  log4netlogger - GET http://localhost:54938/
2018-11-12 16:45:48,170 [9] INFO  log4netlogger - POST http://localhost:54938/
2018-11-12 16:45:54,096 [7] INFO  log4netlogger - GET http://localhost:54938/Process
2018-11-12 16:45:56,249 [9] INFO  log4netlogger - GET http://localhost:54938/Content/process.css
2018-11-12 16:45:58,586 [8] INFO  log4netlogger - GET http://localhost:54938/Sync
2018-11-12 16:46:04,409 [7] INFO  log4netlogger - GET http://localhost:54938/Sync
2018-11-12 16:46:07,396 [6] INFO  log4netlogger - GET http://localhost:54938/Sync
2018-11-12 16:46:08,803 [14] INFO  log4netlogger - GET http://localhost:54938/Sync
2018-11-12 16:46:14,775 [7] INFO  log4netlogger - POST http://localhost:54938/Sync/ExportWcapp
2018-11-12 16:46:25,249 [6] INFO  log4netlogger - GET http://localhost:54938/Process
2018-11-12 16:46:29,031 [9] INFO  log4netlogger - POST http://localhost:54938/Process/CheckMessage
2018-11-12 16:47:19,634 [6] INFO  log4netlogger - GET http://localhost:54938/User
2018-11-12 18:27:45,435 [43] INFO  log4netlogger - GET http://localhost:54938/Sync
2018-11-12 18:27:45,666 [25] INFO  log4netlogger - GET http://localhost:54938/
2018-11-12 18:27:54,449 [43] INFO  log4netlogger - POST http://localhost:54938/
2018-11-12 18:27:54,605 [25] INFO  log4netlogger - GET http://localhost:54938/Process
2018-11-12 18:27:58,522 [43] INFO  log4netlogger - GET http://localhost:54938/Sync
2018-11-12 18:28:21,685 [16] INFO  log4netlogger - POST http://localhost:54938/Sync/ExportWcapp
2018-11-12 18:28:25,533 [43] INFO  log4netlogger - GET http://localhost:54938/WcappFiles/649dc512-e9af-4fb5-8596-8546a7efaf29.wcapp
2018-11-12 18:28:31,764 [25] INFO  log4netlogger - GET http://localhost:54938/Process
2018-11-12 18:28:38,846 [43] INFO  log4netlogger - POST http://localhost:54938/Process/DeleteProcess/41
2018-11-12 18:28:40,525 [18] INFO  log4netlogger - GET http://localhost:54938/Home/Empty?http://localhost:54938/Process
2018-11-12 18:28:40,574 [43] INFO  log4netlogger - GET http://localhost:54938/Process
2018-11-12 18:28:42,055 [15] INFO  log4netlogger - GET http://localhost:54938/Sync
2018-11-12 18:29:11,868 [94] INFO  log4netlogger - POST http://localhost:54938/Sync/CheckWcappFile
2018-11-12 18:29:18,167 [25] INFO  log4netlogger - POST http://localhost:54938/Sync/ImportWcapp
2018-11-12 18:29:21,730 [94] INFO  log4netlogger - GET http://localhost:54938/Process
2018-11-12 18:29:25,722 [43] INFO  log4netlogger - GET http://localhost:54938/Process/Detail/47
2018-11-12 18:29:28,835 [43] INFO  log4netlogger - GET http://localhost:54938/Process
 ----------------------header-------------------------- 2018-11-12 20:21:38,314 [9] INFO  log4netlogger - GET http://localhost:54938/
2018-11-12 20:21:50,005 [16] INFO  log4netlogger - GET http://localhost:54938/
2018-11-12 20:22:04,174 [14] INFO  log4netlogger - POST http://localhost:54938/
2018-11-12 20:22:07,113 [12] INFO  log4netlogger - GET http://localhost:54938/Process
2018-11-12 20:22:08,822 [10] INFO  log4netlogger - GET http://localhost:54938/Content/process.css
2018-11-12 20:22:13,892 [9] INFO  log4netlogger - GET http://localhost:54938/Process/Create
2018-11-12 20:22:20,786 [10] INFO  log4netlogger - POST http://localhost:54938/Process/Create
2018-11-12 20:22:21,161 [16] INFO  log4netlogger - GET http://localhost:54938/Process/Creating/48
2018-11-12 20:25:59,683 [6] INFO  log4netlogger - POST http://localhost:54938/Process/AddProcedure?pid=48
2018-11-12 20:25:59,798 [17] INFO  log4netlogger - GET http://localhost:54938/Home/Empty?http://localhost:54938/Process/Creating/48
2018-11-12 20:25:59,828 [11] INFO  log4netlogger - GET http://localhost:54938/Process/Creating/48
2018-11-12 20:26:02,099 [12] INFO  log4netlogger - GET http://localhost:54938/Procedure/Creating/52
2018-11-12 20:26:36,781 [18] INFO  log4netlogger - POST http://localhost:54938/Procedure/AddSeam?prid=52
2018-11-12 20:26:56,596 [11] INFO  log4netlogger - POST http://localhost:54938/Procedure/AddSeam?prid=52
2018-11-12 20:26:56,685 [19] INFO  log4netlogger - GET http://localhost:54938/Home/Empty?http://localhost:54938/Procedure/Creating/52
2018-11-12 20:26:56,709 [13] INFO  log4netlogger - GET http://localhost:54938/Procedure/Creating/52
2018-11-12 20:31:44,307 [16] INFO  log4netlogger - POST http://localhost:54938/Procedure/AddSeam?prid=52
2018-11-12 20:31:48,378 [20] INFO  log4netlogger - POST http://localhost:54938/Procedure/GenParam?sid=67
2018-11-12 20:32:03,059 [16] INFO  log4netlogger - GET http://localhost:54938/Process/Creating/48
2018-11-12 20:32:17,429 [23] INFO  log4netlogger - POST http://localhost:54938/Process/AddProcedure?pid=48
2018-11-12 20:32:17,475 [27] INFO  log4netlogger - GET http://localhost:54938/Home/Empty?http://localhost:54938/Process/Creating/48
2018-11-12 20:32:17,503 [24] INFO  log4netlogger - GET http://localhost:54938/Process/Creating/48
2018-11-12 20:32:19,352 [22] INFO  log4netlogger - GET http://localhost:54938/Procedure/Creating/53
2018-11-12 20:32:44,535 [26] INFO  log4netlogger - POST http://localhost:54938/Procedure/AddSeam?prid=53
2018-11-12 20:32:44,631 [18] INFO  log4netlogger - GET http://localhost:54938/Home/Empty?http://localhost:54938/Procedure/Creating/53
2018-11-12 20:32:44,655 [21] INFO  log4netlogger - GET http://localhost:54938/Procedure/Creating/53
2018-11-12 20:33:32,181 [18] INFO  log4netlogger - GET http://localhost:54938/Process/Creating/48
2018-11-12 20:33:41,270 [16] INFO  log4netlogger - POST http://localhost:54938/Process/AddProcedure?pid=48
2018-11-12 20:33:41,305 [24] INFO  log4netlogger - GET http://localhost:54938/Home/Empty?http://localhost:54938/Process/Creating/48
2018-11-12 20:33:41,329 [25] INFO  log4netlogger - GET http://localhost:54938/Process/Creating/48
2018-11-12 20:33:43,953 [12] INFO  log4netlogger - GET http://localhost:54938/Procedure/Creating/54
2018-11-12 20:33:52,384 [8] INFO  log4netlogger - GET http://localhost:54938/Process/Creating/48
2018-11-12 20:34:05,286 [17] INFO  log4netlogger - POST http://localhost:54938/Process/AddProcedure?pid=48
2018-11-12 20:34:05,319 [8] INFO  log4netlogger - GET http://localhost:54938/Home/Empty?http://localhost:54938/Process/Creating/48
2018-11-12 20:34:05,346 [6] INFO  log4netlogger - GET http://localhost:54938/Process/Creating/48
2018-11-12 20:34:08,458 [21] INFO  log4netlogger - GET http://localhost:54938/Procedure/Creating/55
2018-11-12 21:38:49,417 [55] INFO  log4netlogger - GET http://localhost:54938/Process/Creating/48
2018-11-12 21:38:49,425 [44] INFO  log4netlogger - GET http://localhost:54938/
2018-11-12 21:39:57,874 [35] INFO  log4netlogger - POST http://localhost:54938/
