 ----------------------header-------------------------- 2018-12-05 10:35:21,324 [10] INFO  log4netlogger - GET http://localhost:9991/
2018-12-05 10:35:28,247 [13] INFO  log4netlogger - GET http://localhost:9991/Content/site.css
2018-12-05 10:35:28,247 [15] INFO  log4netlogger - GET http://localhost:9991/Content/bootstrap.css
2018-12-05 10:35:28,248 [11] INFO  log4netlogger - GET http://localhost:9991/Content/themes/base/all.css
2018-12-05 10:35:28,304 [14] INFO  log4netlogger - GET http://localhost:9991/Content/themes/base/base.css
2018-12-05 10:35:28,317 [13] INFO  log4netlogger - GET http://localhost:9991/Content/themes/base/theme.css
2018-12-05 10:35:28,332 [11] INFO  log4netlogger - GET http://localhost:9991/Content/themes/base/core.css
2018-12-05 10:35:28,352 [14] INFO  log4netlogger - GET http://localhost:9991/Content/themes/base/accordion.css
2018-12-05 10:35:28,358 [13] INFO  log4netlogger - GET http://localhost:9991/Content/themes/base/autocomplete.css
2018-12-05 10:35:28,360 [14] INFO  log4netlogger - GET http://localhost:9991/Content/themes/base/button.css
2018-12-05 10:35:28,363 [11] INFO  log4netlogger - GET http://localhost:9991/Content/themes/base/datepicker.css
2018-12-05 10:35:28,365 [13] INFO  log4netlogger - GET http://localhost:9991/Content/themes/base/dialog.css
2018-12-05 10:35:28,367 [14] INFO  log4netlogger - GET http://localhost:9991/Content/themes/base/draggable.css
2018-12-05 10:35:28,370 [11] INFO  log4netlogger - GET http://localhost:9991/Content/themes/base/menu.css
2018-12-05 10:35:28,396 [14] INFO  log4netlogger - GET http://localhost:9991/Content/themes/base/progressbar.css
2018-12-05 10:35:28,403 [13] INFO  log4netlogger - GET http://localhost:9991/Content/themes/base/resizable.css
2018-12-05 10:35:28,406 [11] INFO  log4netlogger - GET http://localhost:9991/Content/themes/base/selectable.css
2018-12-05 10:35:28,407 [15] INFO  log4netlogger - GET http://localhost:9991/Content/themes/base/selectmenu.css
2018-12-05 10:35:28,408 [14] INFO  log4netlogger - GET http://localhost:9991/Content/themes/base/sortable.css
2018-12-05 10:35:28,409 [14] INFO  log4netlogger - GET http://localhost:9991/Content/themes/base/slider.css
2018-12-05 10:35:28,410 [14] INFO  log4netlogger - GET http://localhost:9991/Content/themes/base/spinner.css
2018-12-05 10:35:28,411 [13] INFO  log4netlogger - GET http://localhost:9991/Content/themes/base/tabs.css
2018-12-05 10:35:28,412 [11] INFO  log4netlogger - GET http://localhost:9991/Content/themes/base/tooltip.css
2018-12-05 10:35:28,417 [16] INFO  log4netlogger - GET http://localhost:9991/Scripts/jquery-1.10.2.js
2018-12-05 10:35:28,417 [10] INFO  log4netlogger - GET http://localhost:9991/Scripts/jquery.unobtrusive-ajax.js
2018-12-05 10:35:28,417 [17] INFO  log4netlogger - GET http://localhost:9991/Scripts/modernizr-2.6.2.js
2018-12-05 10:35:28,417 [12] INFO  log4netlogger - GET http://localhost:9991/Scripts/jquery-ui-1.11.4.js
2018-12-05 10:35:28,420 [11] INFO  log4netlogger - GET http://localhost:9991/Scripts/bootstrap.js
2018-12-05 10:35:28,421 [15] INFO  log4netlogger - GET http://localhost:9991/Scripts/md5.js
2018-12-05 10:35:28,421 [14] INFO  log4netlogger - GET http://localhost:9991/Scripts/jquery.form.js
2018-12-05 10:35:28,448 [13] INFO  log4netlogger - GET http://localhost:9991/Scripts/respond.js
2018-12-05 10:35:29,540 [15] INFO  log4netlogger - GET http://localhost:9991/favicon.ico
2018-12-05 10:42:39,440 [28] INFO  log4netlogger - POST http://localhost:9991/
2018-12-05 10:42:45,687 [11] INFO  log4netlogger - GET http://localhost:9991/Process
2018-12-05 10:42:46,878 [36] INFO  log4netlogger - GET http://localhost:9991/Content/process.css
2018-12-05 10:42:46,933 [17] INFO  log4netlogger - GET http://localhost:9991/Images/bg.jpg
2018-12-05 10:47:21,875 [34] INFO  log4netlogger - GET http://localhost:9991/Process
2018-12-05 10:47:22,017 [44] INFO  log4netlogger - GET http://localhost:9991/favicon.ico
 ----------------------footer--------------------------  ----------------------header-------------------------- 2018-12-05 11:23:26,783 [12] INFO  log4netlogger - GET http://localhost:9991/Process
2018-12-05 11:23:26,854 [8] INFO  log4netlogger - GET http://localhost:9991/
2018-12-05 11:23:37,551 [8] INFO  log4netlogger - POST http://localhost:9991/
2018-12-05 11:23:40,425 [9] INFO  log4netlogger - GET http://localhost:9991/Process
 ----------------------footer--------------------------  ----------------------header-------------------------- 2018-12-05 15:02:02,056 [7] INFO  log4netlogger - GET http://localhost:9991/Process/Detail/49
2018-12-05 15:02:02,080 [7] INFO  log4netlogger - GET http://localhost:9991/
2018-12-05 15:02:07,769 [8] INFO  log4netlogger - POST http://localhost:9991/
2018-12-05 15:02:10,564 [7] INFO  log4netlogger - GET http://localhost:9991/Process
2018-12-05 15:02:12,912 [8] INFO  log4netlogger - GET http://localhost:9991/Process/Detail/49
2018-12-05 15:02:17,569 [8] INFO  log4netlogger - GET http://localhost:9991/Process
2018-12-05 15:02:21,752 [5] INFO  log4netlogger - GET http://localhost:9991/Process/Create
2018-12-05 15:03:38,363 [21] INFO  log4netlogger - POST http://localhost:9991/Process/Create
2018-12-05 15:03:39,304 [20] INFO  log4netlogger - GET http://localhost:9991/Process/Creating/73
2018-12-05 15:03:45,528 [19] INFO  log4netlogger - GET http://localhost:9991/Content/themes/base/images/ui-bg_flat_75_ffffff_40x100.png
2018-12-05 15:03:45,529 [8] INFO  log4netlogger - GET http://localhost:9991/Content/themes/base/images/ui-icons_222222_256x240.png
2018-12-05 15:03:45,529 [23] INFO  log4netlogger - GET http://localhost:9991/Content/themes/base/images/ui-bg_highlight-soft_75_cccccc_1x100.png
2018-12-05 15:03:45,634 [5] INFO  log4netlogger - GET http://localhost:9991/Content/themes/base/images/ui-bg_flat_0_aaaaaa_40x100.png
2018-12-05 15:04:12,989 [18] INFO  log4netlogger - POST http://localhost:9991/Process/AddProcedure?pid=73
2018-12-05 15:04:13,239 [21] INFO  log4netlogger - GET http://localhost:9991/Home/Empty?http://localhost:9991/Process/Creating/73
2018-12-05 15:04:13,276 [5] INFO  log4netlogger - GET http://localhost:9991/Process/Creating/73
2018-12-05 15:04:29,496 [17] INFO  log4netlogger - POST http://localhost:9991/Process/AddProcedure?pid=73
2018-12-05 15:04:29,583 [19] INFO  log4netlogger - GET http://localhost:9991/Home/Empty?http://localhost:9991/Process/Creating/73
2018-12-05 15:04:29,606 [18] INFO  log4netlogger - GET http://localhost:9991/Process/Creating/73
2018-12-05 15:04:57,086 [8] INFO  log4netlogger - POST http://localhost:9991/Process/AddProcedure?pid=73
2018-12-05 15:04:57,115 [20] INFO  log4netlogger - GET http://localhost:9991/Home/Empty?http://localhost:9991/Process/Creating/73
2018-12-05 15:04:57,140 [18] INFO  log4netlogger - GET http://localhost:9991/Process/Creating/73
2018-12-05 15:05:24,720 [19] INFO  log4netlogger - POST http://localhost:9991/Process/AddProcedure?pid=73
2018-12-05 15:05:24,780 [20] INFO  log4netlogger - GET http://localhost:9991/Home/Empty?http://localhost:9991/Process/Creating/73
2018-12-05 15:05:24,805 [21] INFO  log4netlogger - GET http://localhost:9991/Process/Creating/73
2018-12-05 15:05:27,682 [8] INFO  log4netlogger - GET http://localhost:9991/Procedure/Creating/66
2018-12-05 15:06:24,640 [18] INFO  log4netlogger - POST http://localhost:9991/Procedure/AddSeam?prid=66
2018-12-05 15:06:24,858 [21] INFO  log4netlogger - GET http://localhost:9991/Home/Empty?http://localhost:9991/Procedure/Creating/66
2018-12-05 15:06:24,882 [8] INFO  log4netlogger - GET http://localhost:9991/Procedure/Creating/66
2018-12-05 15:06:26,249 [20] INFO  log4netlogger - POST http://localhost:9991/Procedure/GenParam?sid=81
2018-12-05 15:07:10,167 [24] INFO  log4netlogger - POST http://localhost:9991/Procedure/EditParam?sid=81
2018-12-05 15:07:10,325 [20] INFO  log4netlogger - GET http://localhost:9991/Home/Empty?http://localhost:9991/Procedure/Creating/66
2018-12-05 15:07:10,348 [5] INFO  log4netlogger - GET http://localhost:9991/Procedure/Creating/66
2018-12-05 15:07:13,395 [8] INFO  log4netlogger - GET http://localhost:9991/Process/Creating/73
2018-12-05 15:07:15,146 [17] INFO  log4netlogger - GET http://localhost:9991/Procedure/Creating/67
2018-12-05 15:07:57,647 [5] INFO  log4netlogger - POST http://localhost:9991/Procedure/AddSeam?prid=67
2018-12-05 15:07:57,688 [18] INFO  log4netlogger - GET http://localhost:9991/Home/Empty?http://localhost:9991/Procedure/Creating/67
2018-12-05 15:07:57,713 [17] INFO  log4netlogger - GET http://localhost:9991/Procedure/Creating/67
2018-12-05 15:07:58,786 [26] INFO  log4netlogger - POST http://localhost:9991/Procedure/GenParam?sid=82
2018-12-05 15:08:26,616 [20] INFO  log4netlogger - POST http://localhost:9991/Procedure/EditParam?sid=82
2018-12-05 15:08:26,657 [23] INFO  log4netlogger - GET http://localhost:9991/Home/Empty?http://localhost:9991/Procedure/Creating/67
2018-12-05 15:08:26,680 [18] INFO  log4netlogger - GET http://localhost:9991/Procedure/Creating/67
2018-12-05 15:08:28,362 [26] INFO  log4netlogger - GET http://localhost:9991/Process/Creating/73
2018-12-05 15:08:29,880 [23] INFO  log4netlogger - GET http://localhost:9991/Procedure/Creating/68
2018-12-05 15:08:57,079 [23] INFO  log4netlogger - POST http://localhost:9991/Procedure/AddSeam?prid=68
2018-12-05 15:08:57,108 [26] INFO  log4netlogger - GET http://localhost:9991/Home/Empty?http://localhost:9991/Procedure/Creating/68
2018-12-05 15:08:57,133 [18] INFO  log4netlogger - GET http://localhost:9991/Procedure/Creating/68
2018-12-05 15:08:58,160 [21] INFO  log4netlogger - POST http://localhost:9991/Procedure/GenParam?sid=83
2018-12-05 15:09:25,630 [17] INFO  log4netlogger - POST http://localhost:9991/Procedure/EditParam?sid=83
2018-12-05 15:09:25,725 [26] INFO  log4netlogger - GET http://localhost:9991/Home/Empty?http://localhost:9991/Procedure/Creating/68
2018-12-05 15:09:25,750 [23] INFO  log4netlogger - GET http://localhost:9991/Procedure/Creating/68
2018-12-05 15:09:27,673 [21] INFO  log4netlogger - GET http://localhost:9991/Process/Creating/73
2018-12-05 15:09:29,104 [26] INFO  log4netlogger - GET http://localhost:9991/Procedure/Creating/69
2018-12-05 15:09:48,774 [17] INFO  log4netlogger - POST http://localhost:9991/Procedure/AddSeam?prid=69
2018-12-05 15:09:48,822 [18] INFO  log4netlogger - GET http://localhost:9991/Home/Empty?http://localhost:9991/Procedure/Creating/69
2018-12-05 15:09:48,850 [27] INFO  log4netlogger - GET http://localhost:9991/Procedure/Creating/69
2018-12-05 15:09:49,800 [21] INFO  log4netlogger - POST http://localhost:9991/Procedure/GenParam?sid=84
2018-12-05 15:10:01,542 [21] INFO  log4netlogger - POST http://localhost:9991/Procedure/EditParam?sid=84
2018-12-05 15:10:01,572 [24] INFO  log4netlogger - GET http://localhost:9991/Home/Empty?http://localhost:9991/Procedure/Creating/69
2018-12-05 15:10:01,596 [18] INFO  log4netlogger - GET http://localhost:9991/Procedure/Creating/69
2018-12-05 15:10:02,993 [23] INFO  log4netlogger - GET http://localhost:9991/Process/Creating/73
2018-12-05 15:10:10,087 [27] INFO  log4netlogger - POST http://localhost:9991/Approve/Submit?pid=73
2018-12-05 15:10:10,339 [21] INFO  log4netlogger - GET http://localhost:9991/Home/Empty?http://localhost:9991/Process/Creating/73
2018-12-05 15:10:10,363 [24] INFO  log4netlogger - GET http://localhost:9991/Process/Creating/73
2018-12-05 15:10:11,529 [26] INFO  log4netlogger - GET http://localhost:9991/Home/Logoff
2018-12-05 15:10:11,535 [18] INFO  log4netlogger - GET http://localhost:9991/
2018-12-05 15:10:16,667 [24] INFO  log4netlogger - POST http://localhost:9991/
2018-12-05 15:10:16,674 [5] INFO  log4netlogger - GET http://localhost:9991/Process
2018-12-05 15:10:18,257 [27] INFO  log4netlogger - GET http://localhost:9991/Approve/Waiting
2018-12-05 15:10:19,931 [24] INFO  log4netlogger - GET http://localhost:9991/Approve/Approve/17
2018-12-05 15:10:21,974 [23] INFO  log4netlogger - POST http://localhost:9991/Approve/Approve/17
2018-12-05 15:10:23,301 [21] INFO  log4netlogger - GET http://localhost:9991/Approve/Waiting
2018-12-05 15:10:24,431 [24] INFO  log4netlogger - GET http://localhost:9991/Home/Logoff
2018-12-05 15:10:24,436 [28] INFO  log4netlogger - GET http://localhost:9991/
2018-12-05 15:10:29,161 [17] INFO  log4netlogger - POST http://localhost:9991/
2018-12-05 15:10:29,167 [23] INFO  log4netlogger - GET http://localhost:9991/Process
2018-12-05 15:10:30,791 [18] INFO  log4netlogger - GET http://localhost:9991/Approve/Waiting
2018-12-05 15:10:31,999 [5] INFO  log4netlogger - GET http://localhost:9991/Approve/Approve/17
2018-12-05 15:10:34,141 [27] INFO  log4netlogger - POST http://localhost:9991/Approve/Approve/17
2018-12-05 15:10:35,505 [17] INFO  log4netlogger - GET http://localhost:9991/Approve/Waiting
2018-12-05 15:10:36,711 [23] INFO  log4netlogger - GET http://localhost:9991/Home/Logoff
2018-12-05 15:10:36,716 [5] INFO  log4netlogger - GET http://localhost:9991/
2018-12-05 15:10:39,913 [18] INFO  log4netlogger - POST http://localhost:9991/
2018-12-05 15:10:39,918 [5] INFO  log4netlogger - GET http://localhost:9991/Process
2018-12-05 15:10:44,567 [5] INFO  log4netlogger - GET http://localhost:9991/Process?copPageNo=2&pageSize=10
2018-12-05 15:10:45,864 [26] INFO  log4netlogger - GET http://localhost:9991/Process?copPageNo=3&pageSize=10
2018-12-05 15:10:50,449 [17] INFO  log4netlogger - GET http://localhost:9991/Process/Detail/73
2018-12-05 15:29:58,900 [40] INFO  log4netlogger - GET http://localhost:9991/Process
2018-12-05 15:30:00,154 [37] INFO  log4netlogger - GET http://localhost:9991/Process/Create
2018-12-05 15:39:57,158 [32] INFO  log4netlogger - POST http://localhost:9991/Process/Create
2018-12-05 15:39:57,209 [42] INFO  log4netlogger - GET http://localhost:9991/Process/Creating/74
2018-12-05 15:48:58,067 [27] INFO  log4netlogger - POST http://localhost:9991/Process/AddProcedure?pid=74
2018-12-05 15:48:58,131 [42] INFO  log4netlogger - GET http://localhost:9991/Home/Empty?http://localhost:9991/Process/Creating/74
2018-12-05 15:48:58,157 [26] INFO  log4netlogger - GET http://localhost:9991/Process/Creating/74
2018-12-05 16:05:52,927 [29] INFO  log4netlogger - POST http://localhost:9991/Process/AddProcedure?pid=74
2018-12-05 16:05:55,815 [36] INFO  log4netlogger - POST http://localhost:9991/Process/AddProcedure?pid=74
2018-12-05 16:05:55,838 [35] INFO  log4netlogger - GET http://localhost:9991/Home/Empty?http://localhost:9991/Process/Creating/74
2018-12-05 16:05:55,865 [31] INFO  log4netlogger - GET http://localhost:9991/Process/Creating/74
2018-12-05 16:12:01,824 [40] INFO  log4netlogger - GET http://localhost:9991/Procedure/Creating/71
2018-12-05 16:15:45,645 [23] INFO  log4netlogger - POST http://localhost:9991/Procedure/AddSeam?prid=71
2018-12-05 16:16:10,438 [34] INFO  log4netlogger - GET http://localhost:9991/Procedure/Creating/71
2018-12-05 16:16:10,531 [29] INFO  log4netlogger - GET http://localhost:9991/favicon.ico
 ----------------------footer--------------------------  ----------------------header-------------------------- 2018-12-05 16:50:40,748 [7] INFO  log4netlogger - POST http://localhost:9991/Procedure/AddSeam?prid=71
2018-12-05 16:50:40,775 [7] INFO  log4netlogger - GET http://localhost:9991/
2018-12-05 16:50:41,518 [9] INFO  log4netlogger - GET http://localhost:9991/Scripts/modernizr-2.6.2.js?_=1543997770493
2018-12-05 16:50:41,585 [8] INFO  log4netlogger - GET http://localhost:9991/Scripts/jquery-1.10.2.js?_=1543997770494
2018-12-05 16:50:41,616 [7] INFO  log4netlogger - GET http://localhost:9991/Scripts/jquery-ui-1.11.4.js?_=1543997770495
2018-12-05 16:50:41,669 [8] INFO  log4netlogger - GET http://localhost:9991/Scripts/jquery.unobtrusive-ajax.js?_=1543997770496
2018-12-05 16:50:41,681 [7] INFO  log4netlogger - GET http://localhost:9991/Scripts/md5.js?_=1543997770497
2018-12-05 16:50:41,697 [8] INFO  log4netlogger - GET http://localhost:9991/Scripts/jquery.form.js?_=1543997770498
2018-12-05 16:50:41,707 [9] INFO  log4netlogger - GET http://localhost:9991/Scripts/bootstrap.js?_=1543997770499
2018-12-05 16:50:41,716 [8] INFO  log4netlogger - GET http://localhost:9991/Scripts/respond.js?_=1543997770500
2018-12-05 16:50:41,859 [7] INFO  log4netlogger - POST http://localhost:9991/Procedure/AddSeam?prid=71
2018-12-05 16:50:41,862 [8] INFO  log4netlogger - GET http://localhost:9991/
2018-12-05 16:50:41,907 [9] INFO  log4netlogger - GET http://localhost:9991/Scripts/modernizr-2.6.2.js?_=1543997770501
2018-12-05 16:50:41,967 [8] INFO  log4netlogger - GET http://localhost:9991/Scripts/jquery-1.10.2.js?_=1543997770502
2018-12-05 16:50:42,037 [7] INFO  log4netlogger - GET http://localhost:9991/Scripts/jquery-ui-1.11.4.js?_=1543997770503
2018-12-05 16:50:42,075 [9] INFO  log4netlogger - GET http://localhost:9991/Scripts/jquery.unobtrusive-ajax.js?_=1543997770504
2018-12-05 16:50:42,093 [8] INFO  log4netlogger - GET http://localhost:9991/Scripts/md5.js?_=1543997770505
2018-12-05 16:50:42,103 [9] INFO  log4netlogger - GET http://localhost:9991/Scripts/jquery.form.js?_=1543997770506
2018-12-05 16:50:42,139 [8] INFO  log4netlogger - GET http://localhost:9991/Scripts/bootstrap.js?_=1543997770507
2018-12-05 16:50:42,153 [7] INFO  log4netlogger - GET http://localhost:9991/Scripts/respond.js?_=1543997770508
2018-12-05 16:50:57,984 [9] INFO  log4netlogger - GET http://localhost:9991/Procedure/Creating/71
2018-12-05 16:50:57,988 [7] INFO  log4netlogger - GET http://localhost:9991/
2018-12-05 16:50:58,041 [8] INFO  log4netlogger - GET http://localhost:9991/favicon.ico
2018-12-05 16:51:01,822 [10] INFO  log4netlogger - POST http://localhost:9991/
2018-12-05 16:51:04,338 [12] INFO  log4netlogger - GET http://localhost:9991/Process
2018-12-05 16:51:08,028 [7] INFO  log4netlogger - GET http://localhost:9991/Process?copPageNo=3&pageSize=10
2018-12-05 16:51:09,879 [5] INFO  log4netlogger - GET http://localhost:9991/Process/Detail/73
2018-12-05 16:51:11,471 [8] INFO  log4netlogger - GET http://localhost:9991/Procedure/Detail/66
2018-12-05 16:51:17,654 [12] INFO  log4netlogger - GET http://localhost:9991/Process/Detail/73
2018-12-05 16:51:20,582 [5] INFO  log4netlogger - GET http://localhost:9991/Process
2018-12-05 16:51:23,101 [10] INFO  log4netlogger - GET http://localhost:9991/Process/Creating/74
2018-12-05 16:51:24,549 [7] INFO  log4netlogger - GET http://localhost:9991/Procedure/Creating/70
2018-12-05 16:51:48,951 [5] INFO  log4netlogger - POST http://localhost:9991/Procedure/AddSeam?prid=70
2018-12-05 16:51:49,292 [15] INFO  log4netlogger - GET http://localhost:9991/Home/Empty?http://localhost:9991/Procedure/Creating/70
2018-12-05 16:51:49,324 [8] INFO  log4netlogger - GET http://localhost:9991/Procedure/Creating/70
2018-12-05 17:02:02,375 [35] INFO  log4netlogger - POST http://localhost:9991/Procedure/GenParam?sid=85
2018-12-05 17:02:12,986 [23] INFO  log4netlogger - POST http://localhost:9991/Procedure/GenParam?sid=85
2018-12-05 17:05:23,487 [33] INFO  log4netlogger - POST http://localhost:9991/Procedure/EditParam?sid=85
2018-12-05 17:05:23,597 [28] INFO  log4netlogger - GET http://localhost:9991/Home/Empty?http://localhost:9991/Procedure/Creating/70
2018-12-05 17:05:23,633 [25] INFO  log4netlogger - GET http://localhost:9991/Procedure/Creating/70
2018-12-05 17:08:49,568 [48] INFO  log4netlogger - POST http://localhost:9991/Procedure/EditParam?sid=85
2018-12-05 17:08:49,589 [51] INFO  log4netlogger - GET http://localhost:9991/Home/Empty?http://localhost:9991/Procedure/Creating/70
2018-12-05 17:08:49,617 [28] INFO  log4netlogger - GET http://localhost:9991/Procedure/Creating/70
2018-12-05 17:11:17,810 [57] INFO  log4netlogger - GET http://localhost:9991/Process/Creating/74
2018-12-05 17:11:19,416 [46] INFO  log4netlogger - GET http://localhost:9991/Procedure/Creating/71
2018-12-05 17:11:20,533 [54] INFO  log4netlogger - GET http://localhost:9991/Process/Creating/74
2018-12-05 17:11:23,156 [33] INFO  log4netlogger - POST http://localhost:9991/Process/DeleteProcedure/74
2018-12-05 17:11:23,422 [54] INFO  log4netlogger - GET http://localhost:9991/Home/Empty?http://localhost:9991/Process/Creating/74
2018-12-05 17:11:23,451 [57] INFO  log4netlogger - GET http://localhost:9991/Process/Creating/74
2018-12-05 17:11:42,247 [57] INFO  log4netlogger - GET http://localhost:9991/User
2018-12-05 17:11:46,154 [38] INFO  log4netlogger - GET http://localhost:9991/User/Modify?userId=18705146&pageNo=1
2018-12-05 17:16:26,640 [60] INFO  log4netlogger - GET http://localhost:9991/Process
2018-12-05 17:20:57,537 [54] INFO  log4netlogger - GET http://localhost:9991/Process/Creating/74
2018-12-05 17:24:36,240 [62] INFO  log4netlogger - POST http://localhost:9991/Approve/Submit?pid=74
2018-12-05 17:24:36,359 [76] INFO  log4netlogger - GET http://localhost:9991/Home/Empty?http://localhost:9991/Process/Creating/74
2018-12-05 17:24:36,387 [78] INFO  log4netlogger - GET http://localhost:9991/Process/Creating/74
2018-12-05 17:24:37,791 [58] INFO  log4netlogger - GET http://localhost:9991/Home/Logoff
2018-12-05 17:24:37,798 [83] INFO  log4netlogger - GET http://localhost:9991/
2018-12-05 17:24:42,703 [74] INFO  log4netlogger - POST http://localhost:9991/
2018-12-05 17:24:42,709 [83] INFO  log4netlogger - GET http://localhost:9991/Process
2018-12-05 17:24:43,849 [75] INFO  log4netlogger - GET http://localhost:9991/Approve/Waiting
2018-12-05 17:28:06,795 [58] INFO  log4netlogger - GET http://localhost:9991/Approve/Approve/18
 ----------------------footer-------------------------- 