 ----------------------header-------------------------- 2018-11-01 16:34:58,357 [6] INFO  log4netlogger - GET http://localhost:54938/
2018-11-01 16:37:20,384 [7] INFO  log4netlogger - POST http://localhost:54938/
2018-11-01 16:37:23,419 [19] INFO  log4netlogger - GET http://localhost:54938/Process
2018-11-01 16:37:25,897 [6] INFO  log4netlogger - GET http://localhost:54938/Sync
2018-11-01 16:37:32,708 [6] INFO  log4netlogger - POST http://localhost:54938/Sync/ImportWcapp
2018-11-01 16:37:40,388 [27] INFO  log4netlogger - POST http://localhost:54938/Sync/ImportWcapp
2018-11-01 16:37:44,222 [7] INFO  log4netlogger - POST http://localhost:54938/Sync/ExportWcapp
2018-11-01 16:37:44,252 [19] INFO  log4netlogger - GET http://localhost:54938/Sync?pageNo=1&searchType=&search=&pageSize=10
2018-11-01 16:37:45,382 [6] INFO  log4netlogger - POST http://localhost:54938/Sync/ExportWcapp
2018-11-01 16:37:55,547 [6] INFO  log4netlogger - POST http://localhost:54938/Sync/ImportWcapp
 ----------------------header-------------------------- 2018-11-01 18:03:06,308 [5] INFO  log4netlogger - GET http://localhost:54938/
2018-11-01 18:03:31,975 [5] INFO  log4netlogger - POST http://localhost:54938/
2018-11-01 18:03:33,871 [6] INFO  log4netlogger - GET http://localhost:54938/Process
2018-11-01 18:03:35,445 [7] INFO  log4netlogger - GET http://localhost:54938/Content/process.css
2018-11-01 18:03:56,469 [6] INFO  log4netlogger - GET http://localhost:54938/Process/Detail/43
2018-11-01 18:03:57,969 [5] INFO  log4netlogger - GET http://localhost:54938/Process/GetRevisePdf/43
2018-11-01 18:04:08,504 [6] INFO  log4netlogger - GET http://localhost:54938/Process/GetRevisePdf/43
2018-11-01 18:04:12,484 [6] INFO  log4netlogger - GET http://localhost:54938/Process
2018-11-01 18:04:14,869 [5] INFO  log4netlogger - GET http://localhost:54938/Process/ReviseIndex?pageSize=10
2018-11-01 18:04:18,696 [6] INFO  log4netlogger - GET http://localhost:54938/Process?pageSize=10
2018-11-01 18:04:23,369 [5] INFO  log4netlogger - GET http://localhost:54938/Process/Detail/4
2018-11-01 18:04:24,929 [5] INFO  log4netlogger - GET http://localhost:54938/Process/GetRevisePdf/4
2018-11-01 18:04:48,841 [6] INFO  log4netlogger - GET http://localhost:54938/Process/GetRevisePdf/4
2018-11-01 18:05:43,740 [5] INFO  log4netlogger - GET http://localhost:54938/Procedure/Detail/5
2018-11-01 18:05:59,441 [5] INFO  log4netlogger - POST http://localhost:54938/Procedure/FinishTest
2018-11-01 18:06:03,551 [5] INFO  log4netlogger - GET http://localhost:54938/Home/Empty?http://localhost:54938/Procedure/Detail/5
2018-11-01 18:06:03,576 [7] INFO  log4netlogger - GET http://localhost:54938/Procedure/Detail/5
2018-11-01 18:06:13,203 [5] INFO  log4netlogger - POST http://localhost:54938/Procedure/FinishTest
2018-11-01 18:06:14,950 [8] INFO  log4netlogger - GET http://localhost:54938/Home/Empty?http://localhost:54938/Procedure/Detail/5
2018-11-01 18:06:14,974 [5] INFO  log4netlogger - GET http://localhost:54938/Procedure/Detail/5
2018-11-01 18:06:19,883 [20] INFO  log4netlogger - GET http://localhost:54938/Process/Detail/4
2018-11-01 18:06:21,053 [5] INFO  log4netlogger - GET http://localhost:54938/Process/GetRevisePdf/4
2018-11-01 18:06:28,969 [6] INFO  log4netlogger - GET http://localhost:54938/Process/GetRevisePdf/4
2018-11-01 18:06:37,333 [6] INFO  log4netlogger - GET http://localhost:54938/Process
2018-11-01 18:06:40,476 [14] INFO  log4netlogger - POST http://localhost:54938/Process/DeleteProcess/43
2018-11-01 18:06:41,557 [6] INFO  log4netlogger - GET http://localhost:54938/Home/Empty?http://localhost:54938/Process
2018-11-01 18:06:41,589 [7] INFO  log4netlogger - GET http://localhost:54938/Process
2018-11-01 18:06:42,493 [20] INFO  log4netlogger - GET http://localhost:54938/Sync
2018-11-01 18:06:48,501 [6] INFO  log4netlogger - POST http://localhost:54938/Sync/ImportWcapp
2018-11-01 18:06:50,419 [14] INFO  log4netlogger - GET http://localhost:54938/Process
2018-11-01 18:06:51,814 [6] INFO  log4netlogger - GET http://localhost:54938/Process/Detail/44
2018-11-01 18:06:53,933 [6] INFO  log4netlogger - GET http://localhost:54938/Procedure/Detail/44
2018-11-01 18:07:03,565 [6] INFO  log4netlogger - POST http://localhost:54938/Procedure/ReviseModifyParam?sid=59
2018-11-01 18:07:03,857 [8] INFO  log4netlogger - GET http://localhost:54938/Home/Empty?http://localhost:54938/Procedure/Detail/44
2018-11-01 18:07:03,884 [19] INFO  log4netlogger - GET http://localhost:54938/Procedure/Detail/44
2018-11-01 18:07:29,707 [8] INFO  log4netlogger - POST http://localhost:54938/Procedure/FinishTest
2018-11-01 18:07:30,972 [7] INFO  log4netlogger - GET http://localhost:54938/Home/Empty?http://localhost:54938/Procedure/Detail/44
2018-11-01 18:07:30,998 [19] INFO  log4netlogger - GET http://localhost:54938/Procedure/Detail/44
2018-11-01 18:07:31,773 [6] INFO  log4netlogger - GET http://localhost:54938/Process/Detail/44
2018-11-01 18:07:32,606 [14] INFO  log4netlogger - GET http://localhost:54938/Process/GetRevisePdf/44
2018-11-01 18:07:41,966 [6] INFO  log4netlogger - GET http://localhost:54938/Process/GetRevisePdf/44
2018-11-01 18:08:56,354 [25] INFO  log4netlogger - GET http://localhost:54938/Process
2018-11-01 18:09:01,956 [7] INFO  log4netlogger - GET http://localhost:54938/Process/Detail/41
2018-11-01 18:09:03,575 [6] INFO  log4netlogger - GET http://localhost:54938/Process
2018-11-01 18:09:04,763 [8] INFO  log4netlogger - GET http://localhost:54938/Process/Detail/2
2018-11-01 18:09:06,203 [6] INFO  log4netlogger - GET http://localhost:54938/Process/GetRevisePdf/2
2018-11-01 18:09:18,294 [6] INFO  log4netlogger - GET http://localhost:54938/Procedure/Detail/3
2018-11-01 18:09:45,678 [6] INFO  log4netlogger - POST http://localhost:54938/Procedure/ReviseModifyParam?sid=4
2018-11-01 18:09:45,730 [8] INFO  log4netlogger - GET http://localhost:54938/Home/Empty?http://localhost:54938/Procedure/Detail/3
2018-11-01 18:09:45,756 [18] INFO  log4netlogger - GET http://localhost:54938/Procedure/Detail/3
2018-11-01 18:09:55,612 [6] INFO  log4netlogger - POST http://localhost:54938/Procedure/ModifyParam?sid=4
2018-11-01 18:09:55,649 [8] INFO  log4netlogger - GET http://localhost:54938/Home/Empty?http://localhost:54938/Procedure/Detail/3
2018-11-01 18:09:55,677 [18] INFO  log4netlogger - GET http://localhost:54938/Procedure/Detail/3
2018-11-01 18:10:00,700 [6] INFO  log4netlogger - GET http://localhost:54938/Process/Detail/2
2018-11-01 18:10:01,877 [8] INFO  log4netlogger - GET http://localhost:54938/Process
2018-11-01 18:10:03,531 [6] INFO  log4netlogger - GET http://localhost:54938/Process/Detail/31
2018-11-01 18:10:05,275 [6] INFO  log4netlogger - GET http://localhost:54938/Procedure/Detail/29
2018-11-01 18:10:14,339 [6] INFO  log4netlogger - POST http://localhost:54938/Procedure/ModifyParam?sid=40
2018-11-01 18:10:14,377 [7] INFO  log4netlogger - GET http://localhost:54938/Home/Empty?http://localhost:54938/Procedure/Detail/29
2018-11-01 18:10:14,410 [8] INFO  log4netlogger - GET http://localhost:54938/Procedure/Detail/29
2018-11-01 18:10:18,323 [6] INFO  log4netlogger - POST http://localhost:54938/Procedure/ModifyParam?sid=40
2018-11-01 18:10:18,343 [7] INFO  log4netlogger - GET http://localhost:54938/Home/Empty?http://localhost:54938/Procedure/Detail/29
2018-11-01 18:10:18,369 [8] INFO  log4netlogger - GET http://localhost:54938/Procedure/Detail/29
2018-11-01 18:10:23,738 [6] INFO  log4netlogger - POST http://localhost:54938/Procedure/ReviseModifyParam?sid=40
2018-11-01 18:10:23,762 [8] INFO  log4netlogger - GET http://localhost:54938/Home/Empty?http://localhost:54938/Procedure/Detail/29
2018-11-01 18:10:23,787 [16] INFO  log4netlogger - GET http://localhost:54938/Procedure/Detail/29
2018-11-01 18:10:31,894 [7] INFO  log4netlogger - GET http://localhost:54938/Process/Detail/31
2018-11-01 18:10:32,939 [6] INFO  log4netlogger - GET http://localhost:54938/Process/GetRevisePdf/31
