 ----------------------header-------------------------- 2018-11-01 10:07:46,252 [10] INFO  log4netlogger - GET http://localhost:54938/
2018-11-01 10:08:19,183 [10] INFO  log4netlogger - POST http://localhost:54938/
2018-11-01 10:08:22,466 [12] INFO  log4netlogger - GET http://localhost:54938/Process
2018-11-01 10:08:23,982 [11] INFO  log4netlogger - GET http://localhost:54938/Content/process.css
2018-11-01 10:08:33,168 [17] INFO  log4netlogger - GET http://localhost:54938/Process/ImportProcesses?processIdes=25,
2018-11-01 10:08:36,296 [11] INFO  log4netlogger - GET http://localhost:54938/Process/ImportProcesses?processIdes=31,
2018-11-01 10:08:38,810 [10] INFO  log4netlogger - GET http://localhost:54938/Process/ImportProcesses?processIdes=32,
2018-11-01 10:08:42,577 [12] INFO  log4netlogger - GET http://localhost:54938/Process/ImportProcesses?processIdes=2,
2018-11-01 10:09:22,386 [11] INFO  log4netlogger - GET http://localhost:54938/Process/ImportProcesses?processIdes=3,
2018-11-01 10:09:32,862 [13] INFO  log4netlogger - GET http://localhost:54938/Process/Detail/31
2018-11-01 10:09:34,191 [10] INFO  log4netlogger - GET http://localhost:54938/Procedure/Detail/29
2018-11-01 10:09:37,287 [10] INFO  log4netlogger - GET http://localhost:54938/Process/Detail/31
2018-11-01 10:09:40,977 [11] INFO  log4netlogger - GET http://localhost:54938/Process
2018-11-01 10:09:44,291 [10] INFO  log4netlogger - GET http://localhost:54938/Process/ImportProcesses?processIdes=31,
2018-11-01 10:09:56,746 [11] INFO  log4netlogger - GET http://localhost:54938/Process/ImportProcesses?processIdes=25,31,32,2,3,4,36
2018-11-01 10:10:31,508 [11] INFO  log4netlogger - GET http://localhost:54938/Process/Detail/36
2018-11-01 10:10:34,231 [10] INFO  log4netlogger - GET http://localhost:54938/Process
2018-11-01 10:10:36,488 [11] INFO  log4netlogger - GET http://localhost:54938/Process/Detail/4
2018-11-01 10:10:38,614 [10] INFO  log4netlogger - GET http://localhost:54938/Process
2018-11-01 10:10:40,310 [16] INFO  log4netlogger - GET http://localhost:54938/Process/Detail/3
2018-11-01 10:10:42,118 [13] INFO  log4netlogger - GET http://localhost:54938/Process
2018-11-01 10:10:47,078 [16] INFO  log4netlogger - GET http://localhost:54938/Process/ImportProcesses?processIdes=3,4
2018-11-01 10:12:27,206 [12] INFO  log4netlogger - GET http://localhost:54938/Process/ImportProcesses?processIdes=3,4
2018-11-01 10:14:26,223 [11] INFO  log4netlogger - GET http://localhost:54938/Process/Detail/4
2018-11-01 10:14:28,128 [10] INFO  log4netlogger - GET http://localhost:54938/Procedure/Detail/5
2018-11-01 10:14:31,374 [10] INFO  log4netlogger - GET http://localhost:54938/Process/Detail/4
2018-11-01 10:14:34,391 [10] INFO  log4netlogger - GET http://localhost:54938/Process
2018-11-01 10:14:35,974 [10] INFO  log4netlogger - GET http://localhost:54938/Process/Detail/3
2018-11-01 10:14:39,039 [10] INFO  log4netlogger - GET http://localhost:54938/Process
2018-11-01 10:14:40,293 [30] INFO  log4netlogger - GET http://localhost:54938/Process/Detail/4
2018-11-01 10:14:42,622 [31] INFO  log4netlogger - GET http://localhost:54938/Process
2018-11-01 10:14:57,277 [11] INFO  log4netlogger - GET http://localhost:54938/Process/Detail/4
2018-11-01 10:14:59,498 [10] INFO  log4netlogger - GET http://localhost:54938/Procedure/Detail/5
2018-11-01 10:15:01,941 [12] INFO  log4netlogger - GET http://localhost:54938/Process/Detail/4
2018-11-01 10:15:02,933 [29] INFO  log4netlogger - GET http://localhost:54938/Process
2018-11-01 10:15:04,381 [10] INFO  log4netlogger - GET http://localhost:54938/Process/Detail/3
2018-11-01 10:15:06,153 [10] INFO  log4netlogger - GET http://localhost:54938/Procedure/Detail/4
2018-11-01 10:15:08,335 [10] INFO  log4netlogger - GET http://localhost:54938/Process/Detail/3
2018-11-01 10:15:09,638 [12] INFO  log4netlogger - GET http://localhost:54938/Process
 ----------------------header-------------------------- 2018-11-01 10:23:01,828 [5] INFO  log4netlogger - GET http://localhost:54938/
2018-11-01 10:23:09,077 [6] INFO  log4netlogger - POST http://localhost:54938/
2018-11-01 10:23:11,309 [7] INFO  log4netlogger - GET http://localhost:54938/Process
2018-11-01 10:23:19,798 [5] INFO  log4netlogger - GET http://localhost:54938/Process/Detail/25
2018-11-01 10:23:23,344 [5] INFO  log4netlogger - GET http://localhost:54938/Procedure/Detail/28
2018-11-01 10:23:26,144 [5] INFO  log4netlogger - GET http://localhost:54938/Process/Detail/25
2018-11-01 10:23:27,166 [8] INFO  log4netlogger - GET http://localhost:54938/Process
2018-11-01 10:23:28,173 [6] INFO  log4netlogger - GET http://localhost:54938/Process/Detail/31
2018-11-01 10:23:31,014 [5] INFO  log4netlogger - GET http://localhost:54938/Process
2018-11-01 10:23:33,771 [5] INFO  log4netlogger - GET http://localhost:54938/Process/ImportProcesses?processIdes=25,31
2018-11-01 10:24:03,819 [5] INFO  log4netlogger - GET http://localhost:54938/Process/Detail/25
2018-11-01 10:24:59,607 [6] INFO  log4netlogger - GET http://localhost:54938/Process
2018-11-01 10:25:02,288 [6] INFO  log4netlogger - GET http://localhost:54938/Process/ImportProcesses?processIdes=25,31
2018-11-01 10:28:10,054 [5] INFO  log4netlogger - GET http://localhost:54938/Process/Detail/31
2018-11-01 10:28:15,046 [5] INFO  log4netlogger - GET http://localhost:54938/Process
2018-11-01 10:28:17,354 [5] INFO  log4netlogger - GET http://localhost:54938/Process/ImportProcesses?processIdes=31,
2018-11-01 10:28:42,188 [8] INFO  log4netlogger - GET http://localhost:54938/Process/Detail/31
2018-11-01 10:28:43,676 [5] INFO  log4netlogger - GET http://localhost:54938/Process
2018-11-01 10:28:45,903 [5] INFO  log4netlogger - GET http://localhost:54938/Process/ImportProcesses?processIdes=2,
2018-11-01 10:29:19,515 [5] INFO  log4netlogger - GET http://localhost:54938/Process/Detail/2
2018-11-01 10:29:21,446 [5] INFO  log4netlogger - GET http://localhost:54938/Procedure/Detail/2
2018-11-01 10:29:23,422 [5] INFO  log4netlogger - GET http://localhost:54938/Process/Detail/2
 ----------------------header-------------------------- 2018-11-01 10:31:10,041 [6] INFO  log4netlogger - GET http://localhost:54938/
2018-11-01 10:31:16,529 [7] INFO  log4netlogger - POST http://localhost:54938/
2018-11-01 10:31:18,650 [6] INFO  log4netlogger - GET http://localhost:54938/Process
2018-11-01 10:31:22,346 [9] INFO  log4netlogger - GET http://localhost:54938/Process/ImportProcesses?processIdes=2,
2018-11-01 10:38:36,296 [26] INFO  log4netlogger - GET http://localhost:54938/Process/ImportProcesses?processIdes=25,31
 ----------------------header-------------------------- 2018-11-01 10:44:30,136 [6] INFO  log4netlogger - GET http://localhost:54938/
2018-11-01 10:44:40,163 [7] INFO  log4netlogger - POST http://localhost:54938/
2018-11-01 10:44:42,134 [8] INFO  log4netlogger - GET http://localhost:54938/Process
2018-11-01 10:44:54,426 [6] INFO  log4netlogger - GET http://localhost:54938/Process/ImportProcesses?processIdes=2,
2018-11-01 10:48:47,968 [6] INFO  log4netlogger - GET http://localhost:54938/Process/ImportProcesses?processIdes=2,
 ----------------------header-------------------------- 2018-11-01 10:56:54,736 [6] INFO  log4netlogger - GET http://localhost:54938/
2018-11-01 10:57:01,436 [7] INFO  log4netlogger - POST http://localhost:54938/
2018-11-01 10:57:03,307 [8] INFO  log4netlogger - GET http://localhost:54938/Process
2018-11-01 10:57:09,012 [7] INFO  log4netlogger - GET http://localhost:54938/Process/ImportProcesses?processIdes=2,
 ----------------------header-------------------------- 2018-11-01 11:01:11,245 [6] INFO  log4netlogger - GET http://localhost:54938/
2018-11-01 11:01:17,419 [6] INFO  log4netlogger - POST http://localhost:54938/
2018-11-01 11:01:19,378 [7] INFO  log4netlogger - GET http://localhost:54938/Process
2018-11-01 11:01:23,152 [6] INFO  log4netlogger - GET http://localhost:54938/Process/ImportProcesses?processIdes=2,
2018-11-01 11:01:39,482 [6] INFO  log4netlogger - GET http://localhost:54938/Process/ImportProcesses?processIdes=25,31,32,2,3,4,36
2018-11-01 11:02:56,156 [6] INFO  log4netlogger - GET http://localhost:54938/Process/ImportProcesses?processIdes=32,
2018-11-01 11:03:15,994 [6] INFO  log4netlogger - GET http://localhost:54938/Process/Detail/32
2018-11-01 11:03:17,188 [16] INFO  log4netlogger - GET http://localhost:54938/Procedure/Detail/35
2018-11-01 11:03:19,498 [6] INFO  log4netlogger - GET http://localhost:54938/Process/Detail/32
2018-11-01 11:03:21,379 [8] INFO  log4netlogger - GET http://localhost:54938/Process
2018-11-01 11:03:22,987 [6] INFO  log4netlogger - GET http://localhost:54938/Process/ImportProcesses?processIdes=31,
2018-11-01 11:03:45,099 [6] INFO  log4netlogger - GET http://localhost:54938/Process/ImportProcesses?processIdes=36,
 ----------------------header-------------------------- 2018-11-01 11:06:03,537 [5] INFO  log4netlogger - GET http://localhost:54938/
2018-11-01 11:06:13,242 [5] INFO  log4netlogger - POST http://localhost:54938/
2018-11-01 11:06:15,120 [6] INFO  log4netlogger - GET http://localhost:54938/Process
2018-11-01 11:06:20,461 [8] INFO  log4netlogger - GET http://localhost:54938/Process/ImportProcesses?processIdes=2,
2018-11-01 11:06:41,829 [5] INFO  log4netlogger - GET http://localhost:54938/Process/ImportProcesses?processIdes=31,
2018-11-01 11:06:46,066 [5] INFO  log4netlogger - GET http://localhost:54938/Process/ImportProcesses?processIdes=3,
2018-11-01 11:06:48,460 [5] INFO  log4netlogger - GET http://localhost:54938/Process/ImportProcesses?processIdes=31,
2018-11-01 11:07:03,636 [6] INFO  log4netlogger - GET http://localhost:54938/Process/ImportProcesses?processIdes=2,
2018-11-01 11:07:12,571 [5] INFO  log4netlogger - GET http://localhost:54938/Process/ImportProcesses?processIdes=2,
 ----------------------header-------------------------- 2018-11-01 11:10:06,389 [6] INFO  log4netlogger - GET http://localhost:54938/
2018-11-01 11:12:31,324 [7] INFO  log4netlogger - POST http://localhost:54938/
2018-11-01 11:12:33,136 [8] INFO  log4netlogger - GET http://localhost:54938/Process
2018-11-01 11:12:37,550 [7] INFO  log4netlogger - GET http://localhost:54938/Process/ImportProcesses?processIdes=2,
 ----------------------header-------------------------- 2018-11-01 14:04:06,291 [6] INFO  log4netlogger - GET http://localhost:54938/
2018-11-01 14:04:21,884 [7] INFO  log4netlogger - POST http://localhost:54938/
2018-11-01 14:04:23,844 [8] INFO  log4netlogger - GET http://localhost:54938/Process
2018-11-01 14:04:27,454 [7] INFO  log4netlogger - GET http://localhost:54938/Process/ImportProcesses?processIdes=25,
2018-11-01 14:04:30,670 [6] INFO  log4netlogger - GET http://localhost:54938/Process/ImportProcesses?processIdes=2,
2018-11-01 14:04:46,204 [6] INFO  log4netlogger - GET http://localhost:54938/Process/Detail/25
2018-11-01 14:04:47,636 [11] INFO  log4netlogger - GET http://localhost:54938/Process
2018-11-01 14:04:49,500 [6] INFO  log4netlogger - GET http://localhost:54938/Process/ImportProcesses?processIdes=31,
2018-11-01 14:04:57,311 [9] INFO  log4netlogger - GET http://localhost:54938/Process/ImportProcesses?processIdes=32,
2018-11-01 14:05:06,015 [6] INFO  log4netlogger - GET http://localhost:54938/Process/ImportProcesses?processIdes=31,32
2018-11-01 14:05:28,222 [6] INFO  log4netlogger - GET http://localhost:54938/Process/ImportProcesses?processIdes=25,31,32,2,3,4,36
2018-11-01 14:06:33,379 [6] INFO  log4netlogger - GET http://localhost:54938/Process/Create
2018-11-01 14:06:38,786 [7] INFO  log4netlogger - POST http://localhost:54938/Process/Create
2018-11-01 14:06:39,443 [8] INFO  log4netlogger - GET http://localhost:54938/Process/Creating/40
2018-11-01 14:06:47,889 [6] INFO  log4netlogger - POST http://localhost:54938/Process/AddProcedure?pid=40
2018-11-01 14:06:48,112 [8] INFO  log4netlogger - GET http://localhost:54938/Home/Empty?http://localhost:54938/Process/Creating/40
2018-11-01 14:06:48,138 [15] INFO  log4netlogger - GET http://localhost:54938/Process/Creating/40
2018-11-01 14:06:56,657 [7] INFO  log4netlogger - POST http://localhost:54938/Process/AddProcedure?pid=40
2018-11-01 14:06:56,679 [8] INFO  log4netlogger - GET http://localhost:54938/Home/Empty?http://localhost:54938/Process/Creating/40
2018-11-01 14:06:56,703 [13] INFO  log4netlogger - GET http://localhost:54938/Process/Creating/40
2018-11-01 14:07:03,585 [7] INFO  log4netlogger - POST http://localhost:54938/Process/AddProcedure?pid=40
2018-11-01 14:07:03,609 [8] INFO  log4netlogger - GET http://localhost:54938/Home/Empty?http://localhost:54938/Process/Creating/40
2018-11-01 14:07:03,631 [15] INFO  log4netlogger - GET http://localhost:54938/Process/Creating/40
2018-11-01 14:07:11,319 [6] INFO  log4netlogger - POST http://localhost:54938/Process/AddProcedure?pid=40
2018-11-01 14:07:11,343 [8] INFO  log4netlogger - GET http://localhost:54938/Home/Empty?http://localhost:54938/Process/Creating/40
2018-11-01 14:07:11,369 [15] INFO  log4netlogger - GET http://localhost:54938/Process/Creating/40
2018-11-01 14:07:13,956 [7] INFO  log4netlogger - GET http://localhost:54938/Procedure/Creating/38
2018-11-01 14:07:26,994 [8] INFO  log4netlogger - POST http://localhost:54938/Procedure/AddSeam?prid=38
2018-11-01 14:07:27,153 [15] INFO  log4netlogger - GET http://localhost:54938/Home/Empty?http://localhost:54938/Procedure/Creating/38
2018-11-01 14:07:27,177 [13] INFO  log4netlogger - GET http://localhost:54938/Procedure/Creating/38
2018-11-01 14:07:28,586 [8] INFO  log4netlogger - POST http://localhost:54938/Procedure/GenParam?sid=52
2018-11-01 14:07:30,814 [7] INFO  log4netlogger - POST http://localhost:54938/Procedure/EditParam?sid=52
2018-11-01 14:07:30,871 [15] INFO  log4netlogger - GET http://localhost:54938/Home/Empty?http://localhost:54938/Procedure/Creating/38
2018-11-01 14:07:30,897 [13] INFO  log4netlogger - GET http://localhost:54938/Procedure/Creating/38
2018-11-01 14:07:31,811 [8] INFO  log4netlogger - GET http://localhost:54938/Process/Creating/40
2018-11-01 14:07:33,163 [7] INFO  log4netlogger - GET http://localhost:54938/Procedure/Creating/39
2018-11-01 14:07:48,281 [7] INFO  log4netlogger - POST http://localhost:54938/Procedure/AddSeam?prid=39
2018-11-01 14:07:48,351 [15] INFO  log4netlogger - GET http://localhost:54938/Home/Empty?http://localhost:54938/Procedure/Creating/39
2018-11-01 14:07:48,378 [17] INFO  log4netlogger - GET http://localhost:54938/Procedure/Creating/39
2018-11-01 14:07:49,666 [8] INFO  log4netlogger - POST http://localhost:54938/Procedure/GenParam?sid=53
2018-11-01 14:07:51,422 [7] INFO  log4netlogger - POST http://localhost:54938/Procedure/EditParam?sid=53
2018-11-01 14:07:51,451 [15] INFO  log4netlogger - GET http://localhost:54938/Home/Empty?http://localhost:54938/Procedure/Creating/39
2018-11-01 14:07:51,474 [13] INFO  log4netlogger - GET http://localhost:54938/Procedure/Creating/39
2018-11-01 14:08:05,809 [7] INFO  log4netlogger - POST http://localhost:54938/Procedure/AddSeam?prid=39
2018-11-01 14:08:06,498 [15] INFO  log4netlogger - GET http://localhost:54938/Home/Empty?http://localhost:54938/Procedure/Creating/39
2018-11-01 14:08:06,523 [13] INFO  log4netlogger - GET http://localhost:54938/Procedure/Creating/39
2018-11-01 14:08:06,925 [8] INFO  log4netlogger - POST http://localhost:54938/Procedure/AddSeam?prid=39
2018-11-01 14:08:07,465 [13] INFO  log4netlogger - POST http://localhost:54938/Procedure/GenParam?sid=54
2018-11-01 14:08:09,328 [7] INFO  log4netlogger - POST http://localhost:54938/Procedure/EditParam?sid=54
2018-11-01 14:08:09,401 [15] INFO  log4netlogger - GET http://localhost:54938/Home/Empty?http://localhost:54938/Procedure/Creating/39
2018-11-01 14:08:09,425 [13] INFO  log4netlogger - GET http://localhost:54938/Procedure/Creating/39
2018-11-01 14:08:10,219 [8] INFO  log4netlogger - GET http://localhost:54938/Process/Creating/40
2018-11-01 14:08:11,835 [7] INFO  log4netlogger - GET http://localhost:54938/Procedure/Creating/40
2018-11-01 14:08:21,585 [7] INFO  log4netlogger - POST http://localhost:54938/Procedure/AddSeam?prid=40
2018-11-01 14:08:21,626 [15] INFO  log4netlogger - GET http://localhost:54938/Home/Empty?http://localhost:54938/Procedure/Creating/40
2018-11-01 14:08:21,651 [13] INFO  log4netlogger - GET http://localhost:54938/Procedure/Creating/40
2018-11-01 14:08:22,587 [20] INFO  log4netlogger - POST http://localhost:54938/Procedure/GenParam?sid=55
2018-11-01 14:08:24,574 [7] INFO  log4netlogger - POST http://localhost:54938/Procedure/EditParam?sid=55
2018-11-01 14:08:24,602 [15] INFO  log4netlogger - GET http://localhost:54938/Home/Empty?http://localhost:54938/Procedure/Creating/40
2018-11-01 14:08:24,628 [17] INFO  log4netlogger - GET http://localhost:54938/Procedure/Creating/40
2018-11-01 14:08:25,322 [8] INFO  log4netlogger - GET http://localhost:54938/Process/Creating/40
2018-11-01 14:08:26,811 [13] INFO  log4netlogger - GET http://localhost:54938/Procedure/Creating/41
2018-11-01 14:08:39,105 [8] INFO  log4netlogger - POST http://localhost:54938/Procedure/AddSeam?prid=41
2018-11-01 14:08:39,135 [15] INFO  log4netlogger - GET http://localhost:54938/Home/Empty?http://localhost:54938/Procedure/Creating/41
2018-11-01 14:08:39,159 [13] INFO  log4netlogger - GET http://localhost:54938/Procedure/Creating/41
2018-11-01 14:08:40,225 [7] INFO  log4netlogger - POST http://localhost:54938/Procedure/GenParam?sid=56
2018-11-01 14:08:41,646 [7] INFO  log4netlogger - POST http://localhost:54938/Procedure/EditParam?sid=56
2018-11-01 14:08:41,673 [15] INFO  log4netlogger - GET http://localhost:54938/Home/Empty?http://localhost:54938/Procedure/Creating/41
2018-11-01 14:08:41,697 [13] INFO  log4netlogger - GET http://localhost:54938/Procedure/Creating/41
2018-11-01 14:08:43,564 [7] INFO  log4netlogger - GET http://localhost:54938/Process/Creating/40
2018-11-01 14:08:48,865 [7] INFO  log4netlogger - POST http://localhost:54938/Approve/Submit?pid=40
2018-11-01 14:08:49,000 [15] INFO  log4netlogger - GET http://localhost:54938/Home/Empty?http://localhost:54938/Process/Creating/40
2018-11-01 14:08:49,029 [13] INFO  log4netlogger - GET http://localhost:54938/Process/Creating/40
2018-11-01 14:08:50,866 [7] INFO  log4netlogger - GET http://localhost:54938/Home/Logoff
2018-11-01 14:08:51,010 [13] INFO  log4netlogger - GET http://localhost:54938/
2018-11-01 14:08:56,713 [15] INFO  log4netlogger - POST http://localhost:54938/
2018-11-01 14:08:56,720 [7] INFO  log4netlogger - GET http://localhost:54938/Process
2018-11-01 14:08:58,334 [7] INFO  log4netlogger - GET http://localhost:54938/Approve/Waiting
2018-11-01 14:08:59,749 [15] INFO  log4netlogger - GET http://localhost:54938/Approve/Approve/10
2018-11-01 14:09:02,169 [16] INFO  log4netlogger - POST http://localhost:54938/Approve/Approve/10
2018-11-01 14:09:03,048 [7] INFO  log4netlogger - GET http://localhost:54938/Approve/Waiting
2018-11-01 14:09:03,849 [8] INFO  log4netlogger - GET http://localhost:54938/Home/Logoff
2018-11-01 14:09:03,857 [15] INFO  log4netlogger - GET http://localhost:54938/
2018-11-01 14:09:09,706 [7] INFO  log4netlogger - POST http://localhost:54938/
2018-11-01 14:09:09,736 [20] INFO  log4netlogger - GET http://localhost:54938/Process
2018-11-01 14:09:11,296 [16] INFO  log4netlogger - GET http://localhost:54938/Approve/Waiting
2018-11-01 14:09:13,120 [22] INFO  log4netlogger - GET http://localhost:54938/Home/Logoff
2018-11-01 14:09:13,149 [20] INFO  log4netlogger - GET http://localhost:54938/
2018-11-01 14:09:16,491 [20] INFO  log4netlogger - POST http://localhost:54938/
2018-11-01 14:09:16,501 [21] INFO  log4netlogger - GET http://localhost:54938/Process
2018-11-01 14:09:17,945 [22] INFO  log4netlogger - GET http://localhost:54938/Approve/Waiting
2018-11-01 14:09:19,482 [22] INFO  log4netlogger - GET http://localhost:54938/Approve/Approve/10
2018-11-01 14:09:21,552 [22] INFO  log4netlogger - POST http://localhost:54938/Approve/Approve/10
2018-11-01 14:09:22,561 [25] INFO  log4netlogger - GET http://localhost:54938/Approve/Waiting
2018-11-01 14:09:25,337 [22] INFO  log4netlogger - GET http://localhost:54938/Home/Logoff
2018-11-01 14:09:25,344 [20] INFO  log4netlogger - GET http://localhost:54938/
2018-11-01 14:09:29,083 [22] INFO  log4netlogger - POST http://localhost:54938/
2018-11-01 14:09:29,092 [16] INFO  log4netlogger - GET http://localhost:54938/Process
2018-11-01 14:09:32,848 [25] INFO  log4netlogger - GET http://localhost:54938/Process/ImportProcesses?processIdes=36,
2018-11-01 14:09:40,954 [22] INFO  log4netlogger - GET http://localhost:54938/Process/Detail/40
2018-11-01 14:09:42,490 [21] INFO  log4netlogger - GET http://localhost:54938/Process
2018-11-01 14:09:43,776 [22] INFO  log4netlogger - GET http://localhost:54938/Process/ImportProcesses?processIdes=40,
2018-11-01 14:09:54,270 [22] INFO  log4netlogger - GET http://localhost:54938/Process/ImportProcesses?processIdes=40,36
 ----------------------header-------------------------- 2018-11-01 14:50:32,718 [7] INFO  log4netlogger - GET http://localhost:9991/
2018-11-01 14:50:35,312 [7] INFO  log4netlogger - GET http://localhost:9991/Content/themes/base/theme.css
2018-11-01 14:50:35,312 [8] INFO  log4netlogger - GET http://localhost:9991/Content/themes/base/base.css
2018-11-01 14:50:35,327 [8] INFO  log4netlogger - GET http://localhost:9991/Content/themes/base/core.css
2018-11-01 14:50:35,327 [16] INFO  log4netlogger - GET http://localhost:9991/Content/themes/base/accordion.css
2018-11-01 14:50:35,329 [8] INFO  log4netlogger - GET http://localhost:9991/Content/themes/base/autocomplete.css
2018-11-01 14:50:35,329 [16] INFO  log4netlogger - GET http://localhost:9991/Content/themes/base/button.css
2018-11-01 14:50:35,330 [7] INFO  log4netlogger - GET http://localhost:9991/Content/themes/base/datepicker.css
2018-11-01 14:50:35,332 [17] INFO  log4netlogger - GET http://localhost:9991/Content/themes/base/dialog.css
2018-11-01 14:50:35,332 [16] INFO  log4netlogger - GET http://localhost:9991/Content/themes/base/menu.css
2018-11-01 14:50:35,332 [8] INFO  log4netlogger - GET http://localhost:9991/Content/themes/base/draggable.css
2018-11-01 14:50:35,335 [7] INFO  log4netlogger - GET http://localhost:9991/Content/themes/base/progressbar.css
2018-11-01 14:50:35,335 [8] INFO  log4netlogger - GET http://localhost:9991/Content/themes/base/resizable.css
2018-11-01 14:50:35,342 [7] INFO  log4netlogger - GET http://localhost:9991/Content/themes/base/selectable.css
2018-11-01 14:50:35,342 [17] INFO  log4netlogger - GET http://localhost:9991/Content/themes/base/selectmenu.css
2018-11-01 14:50:35,342 [8] INFO  log4netlogger - GET http://localhost:9991/Content/themes/base/sortable.css
2018-11-01 14:50:35,353 [17] INFO  log4netlogger - GET http://localhost:9991/Content/themes/base/slider.css
2018-11-01 14:50:35,356 [8] INFO  log4netlogger - GET http://localhost:9991/Content/themes/base/tabs.css
2018-11-01 14:50:35,356 [7] INFO  log4netlogger - GET http://localhost:9991/Content/themes/base/spinner.css
2018-11-01 14:50:35,356 [17] INFO  log4netlogger - GET http://localhost:9991/Content/themes/base/tooltip.css
2018-11-01 14:50:40,934 [17] INFO  log4netlogger - POST http://localhost:9991/
2018-11-01 14:50:44,893 [21] INFO  log4netlogger - GET http://localhost:9991/Process
2018-11-01 14:50:46,959 [20] INFO  log4netlogger - GET http://localhost:9991/Content/process.css
2018-11-01 14:50:46,981 [7] INFO  log4netlogger - GET http://localhost:9991/Images/bg.jpg
2018-11-01 14:50:48,628 [8] INFO  log4netlogger - GET http://localhost:9991/Task
2018-11-01 14:53:27,830 [24] INFO  log4netlogger - GET http://localhost:9991/Process
2018-11-01 14:53:34,580 [16] INFO  log4netlogger - GET http://localhost:9991/Process/Detail/36
2018-11-01 14:53:36,084 [24] INFO  log4netlogger - GET http://localhost:9991/Process
2018-11-01 14:53:37,300 [25] INFO  log4netlogger - GET http://localhost:9991/Process/Detail/40
2018-11-01 14:53:38,421 [8] INFO  log4netlogger - GET http://localhost:9991/Process
2018-11-01 14:53:41,828 [16] INFO  log4netlogger - GET http://localhost:9991/Process/Detail/36
2018-11-01 14:53:42,884 [26] INFO  log4netlogger - GET http://localhost:9991/Process
2018-11-01 14:53:44,468 [24] INFO  log4netlogger - GET http://localhost:9991/Process/Detail/40
2018-11-01 14:53:45,731 [21] INFO  log4netlogger - GET http://localhost:9991/Process
2018-11-01 14:53:47,100 [16] INFO  log4netlogger - GET http://localhost:9991/Task
2018-11-01 14:53:48,061 [26] INFO  log4netlogger - GET http://localhost:9991/Sync
2018-11-01 14:54:41,680 [26] INFO  log4netlogger - GET http://localhost:9991/Process/Detail/31
2018-11-01 14:54:46,629 [8] INFO  log4netlogger - GET http://localhost:9991/Process
2018-11-01 14:54:49,427 [26] INFO  log4netlogger - GET http://localhost:9991/Content/themes/base/images/ui-bg_flat_75_ffffff_40x100.png
2018-11-01 14:54:49,448 [24] INFO  log4netlogger - GET http://localhost:9991/Content/themes/base/images/ui-icons_222222_256x240.png
2018-11-01 14:54:49,448 [16] INFO  log4netlogger - GET http://localhost:9991/Content/themes/base/images/ui-bg_highlight-soft_75_cccccc_1x100.png
2018-11-01 14:54:49,482 [25] INFO  log4netlogger - GET http://localhost:9991/Content/themes/base/images/ui-bg_flat_0_aaaaaa_40x100.png
2018-11-01 14:55:08,425 [31] INFO  log4netlogger - GET http://localhost:9991/Process/ImportProcesses?processIdes=32,2
 ----------------------footer--------------------------  ----------------------header-------------------------- 2018-11-01 16:32:36,346 [7] INFO  log4netlogger - GET http://localhost:9991/
2018-11-01 16:32:41,005 [17] INFO  log4netlogger - POST http://localhost:9991/
2018-11-01 16:32:43,459 [16] INFO  log4netlogger - GET http://localhost:9991/Process
2018-11-01 16:32:47,414 [18] INFO  log4netlogger - GET http://localhost:9991/Process/Detail/31
2018-11-01 16:32:49,013 [17] INFO  log4netlogger - GET http://localhost:9991/Procedure/Detail/10
2018-11-01 16:32:52,084 [18] INFO  log4netlogger - GET http://localhost:9991/Process/Detail/31
2018-11-01 16:32:53,100 [16] INFO  log4netlogger - GET http://localhost:9991/Process
2018-11-01 16:33:20,268 [16] INFO  log4netlogger - GET http://localhost:9991/Sync
2018-11-01 16:33:26,164 [7] INFO  log4netlogger - POST http://localhost:9991/Sync/CheckWcappFile
2018-11-01 16:33:27,948 [5] INFO  log4netlogger - GET http://localhost:9991/Procedure/Detail?id=undefined
2018-11-01 16:34:02,171 [16] INFO  log4netlogger - POST http://localhost:9991/Sync/ImportWcapp
2018-11-01 16:34:04,973 [17] INFO  log4netlogger - GET http://localhost:9991/Procedure/Detail?id=undefined
 ----------------------footer--------------------------  ----------------------header-------------------------- 2018-11-01 17:29:52,017 [7] INFO  log4netlogger - GET http://localhost:9991/
2018-11-01 17:29:57,465 [16] INFO  log4netlogger - POST http://localhost:9991/
2018-11-01 17:29:58,773 [7] INFO  log4netlogger - GET http://localhost:9991/Process
2018-11-01 17:30:01,336 [7] INFO  log4netlogger - GET http://localhost:9991/Sync
2018-11-01 17:30:10,607 [18] INFO  log4netlogger - POST http://localhost:9991/Sync/ExportWcapp
2018-11-01 17:30:11,127 [21] INFO  log4netlogger - GET http://localhost:9991/Sync?pageNo=1&searchType=&search=&pageSize=10
2018-11-01 17:30:12,935 [20] INFO  log4netlogger - GET http://localhost:9991/Sync
2018-11-01 17:46:35,736 [49] INFO  log4netlogger - GET http://localhost:9991/Process
2018-11-01 17:46:47,775 [71] INFO  log4netlogger - GET http://localhost:9991/Process/Create
2018-11-01 17:47:42,630 [62] INFO  log4netlogger - POST http://localhost:9991/Process/Create
2018-11-01 17:47:47,013 [69] INFO  log4netlogger - POST http://localhost:9991/Process/Create
2018-11-01 17:47:47,195 [65] INFO  log4netlogger - GET http://localhost:9991/Process/Creating/42
2018-11-01 17:47:58,702 [62] INFO  log4netlogger - POST http://localhost:9991/Process/AddProcedure?pid=42
2018-11-01 17:47:58,835 [74] INFO  log4netlogger - GET http://localhost:9991/Home/Empty?http://localhost:9991/Process/Creating/42
2018-11-01 17:47:58,863 [72] INFO  log4netlogger - GET http://localhost:9991/Process/Creating/42
2018-11-01 17:48:00,494 [43] INFO  log4netlogger - GET http://localhost:9991/Procedure/Creating/42
2018-11-01 17:48:29,213 [62] INFO  log4netlogger - GET http://localhost:9991/Process/Creating/42
2018-11-01 17:48:30,791 [43] INFO  log4netlogger - GET http://localhost:9991/Process
2018-11-01 17:48:35,323 [68] INFO  log4netlogger - GET http://localhost:9991/Process/ReviseIndex?pageSize=10
2018-11-01 17:48:35,930 [62] INFO  log4netlogger - GET http://localhost:9991/Process?pageSize=10
2018-11-01 17:48:42,139 [43] INFO  log4netlogger - POST http://localhost:9991/Process/DisPlayApprovalState
2018-11-01 17:49:03,191 [17] INFO  log4netlogger - GET http://localhost:9991/Process/Creating/33
2018-11-01 17:49:09,653 [67] INFO  log4netlogger - GET http://localhost:9991/Procedure/Creating/34
2018-11-01 17:49:10,988 [72] INFO  log4netlogger - GET http://localhost:9991/Process/Creating/33
2018-11-01 17:49:12,052 [68] INFO  log4netlogger - GET http://localhost:9991/Process
2018-11-01 17:51:56,927 [64] INFO  log4netlogger - GET http://localhost:9991/Process/Creating/42
2018-11-01 17:51:59,375 [53] INFO  log4netlogger - GET http://localhost:9991/Procedure/Creating/42
2018-11-01 17:52:40,125 [53] INFO  log4netlogger - POST http://localhost:9991/Procedure/AddSeam?prid=42
2018-11-01 17:52:55,786 [73] INFO  log4netlogger - POST http://localhost:9991/Procedure/AddSeam?prid=42
2018-11-01 17:52:55,854 [70] INFO  log4netlogger - GET http://localhost:9991/Home/Empty?http://localhost:9991/Procedure/Creating/42
2018-11-01 17:52:55,879 [54] INFO  log4netlogger - GET http://localhost:9991/Procedure/Creating/42
2018-11-01 17:52:57,079 [55] INFO  log4netlogger - POST http://localhost:9991/Procedure/GenParam?sid=57
2018-11-01 17:53:32,547 [54] INFO  log4netlogger - POST http://localhost:9991/Procedure/EditParam?sid=57
2018-11-01 17:53:32,695 [49] INFO  log4netlogger - GET http://localhost:9991/Home/Empty?http://localhost:9991/Procedure/Creating/42
2018-11-01 17:53:32,719 [64] INFO  log4netlogger - GET http://localhost:9991/Procedure/Creating/42
2018-11-01 17:53:36,663 [54] INFO  log4netlogger - GET http://localhost:9991/Process/Creating/42
2018-11-01 17:53:45,484 [55] INFO  log4netlogger - POST http://localhost:9991/Approve/Submit?pid=42
2018-11-01 17:53:45,592 [51] INFO  log4netlogger - GET http://localhost:9991/Home/Empty?http://localhost:9991/Process/Creating/42
2018-11-01 17:53:45,614 [70] INFO  log4netlogger - GET http://localhost:9991/Process/Creating/42
2018-11-01 17:53:46,397 [64] INFO  log4netlogger - GET http://localhost:9991/User/NowUser
2018-11-01 17:53:47,428 [47] INFO  log4netlogger - GET http://localhost:9991/Home/Logoff
2018-11-01 17:53:47,475 [52] INFO  log4netlogger - GET http://localhost:9991/
2018-11-01 17:53:53,814 [17] INFO  log4netlogger - POST http://localhost:9991/
2018-11-01 17:53:54,661 [73] INFO  log4netlogger - GET http://localhost:9991/Process
2018-11-01 17:53:55,741 [51] INFO  log4netlogger - GET http://localhost:9991/Approve/Waiting
2018-11-01 17:53:56,901 [70] INFO  log4netlogger - GET http://localhost:9991/Approve/Approve/11
2018-11-01 17:53:59,340 [46] INFO  log4netlogger - POST http://localhost:9991/Approve/Approve/11
2018-11-01 17:54:00,195 [17] INFO  log4netlogger - GET http://localhost:9991/Approve/Waiting
2018-11-01 17:54:00,931 [50] INFO  log4netlogger - GET http://localhost:9991/Home/Logoff
2018-11-01 17:54:00,938 [70] INFO  log4netlogger - GET http://localhost:9991/
2018-11-01 17:54:03,814 [49] INFO  log4netlogger - POST http://localhost:9991/
2018-11-01 17:54:03,821 [47] INFO  log4netlogger - GET http://localhost:9991/Process
2018-11-01 17:54:05,164 [46] INFO  log4netlogger - GET http://localhost:9991/Approve/Waiting
2018-11-01 17:54:06,459 [58] INFO  log4netlogger - GET http://localhost:9991/Approve/Approve/11
2018-11-01 17:54:09,370 [70] INFO  log4netlogger - POST http://localhost:9991/Approve/Approve/11
2018-11-01 17:54:10,333 [17] INFO  log4netlogger - GET http://localhost:9991/Approve/Waiting
2018-11-01 17:54:10,836 [64] INFO  log4netlogger - GET http://localhost:9991/Home/Logoff
2018-11-01 17:54:10,841 [47] INFO  log4netlogger - GET http://localhost:9991/
2018-11-01 17:54:15,414 [58] INFO  log4netlogger - POST http://localhost:9991/
2018-11-01 17:54:15,419 [48] INFO  log4netlogger - GET http://localhost:9991/Process
2018-11-01 17:54:16,788 [54] INFO  log4netlogger - GET http://localhost:9991/Approve/Waiting
2018-11-01 17:54:18,268 [17] INFO  log4netlogger - GET http://localhost:9991/Process
2018-11-01 17:54:19,485 [64] INFO  log4netlogger - GET http://localhost:9991/Process/Detail/42
2018-11-01 17:54:20,717 [17] INFO  log4netlogger - GET http://localhost:9991/Procedure/Detail/42
2018-11-01 17:54:24,883 [17] INFO  log4netlogger - POST http://localhost:9991/Procedure/StartTest?sid=57
2018-11-01 17:54:24,919 [51] INFO  log4netlogger - GET http://localhost:9991/Home/Empty?http://localhost:9991/Procedure/Detail/42
2018-11-01 17:54:24,943 [55] INFO  log4netlogger - GET http://localhost:9991/Procedure/Detail/42
2018-11-01 17:54:34,596 [17] INFO  log4netlogger - POST http://localhost:9991/Procedure/ModifyParam?sid=57
2018-11-01 17:54:34,627 [51] INFO  log4netlogger - GET http://localhost:9991/Home/Empty?http://localhost:9991/Procedure/Detail/42
2018-11-01 17:54:34,649 [55] INFO  log4netlogger - GET http://localhost:9991/Procedure/Detail/42
2018-11-01 17:55:01,620 [55] INFO  log4netlogger - POST http://localhost:9991/Procedure/ReviseModifyParam?sid=57
2018-11-01 17:55:01,722 [46] INFO  log4netlogger - GET http://localhost:9991/Home/Empty?http://localhost:9991/Procedure/Detail/42
2018-11-01 17:55:01,746 [70] INFO  log4netlogger - GET http://localhost:9991/Procedure/Detail/42
2018-11-01 17:55:03,053 [73] INFO  log4netlogger - GET http://localhost:9991/Process/Detail/42
2018-11-01 17:55:04,055 [64] INFO  log4netlogger - GET http://localhost:9991/Process/GetRevisePdf/42
2018-11-01 17:56:54,510 [48] INFO  log4netlogger - GET http://localhost:9991/Process
2018-11-01 17:56:59,676 [17] INFO  log4netlogger - GET http://localhost:9991/Sync
2018-11-01 17:57:04,555 [56] INFO  log4netlogger - POST http://localhost:9991/Sync/ExportWcapp
2018-11-01 17:57:06,037 [49] INFO  log4netlogger - GET http://localhost:9991/WcappFiles/4b390154-3c39-4195-b263-129443a3bf94.wcapp
2018-11-01 17:57:27,739 [73] INFO  log4netlogger - GET http://localhost:9991/Sync
2018-11-01 17:57:27,822 [66] INFO  log4netlogger - GET http://localhost:9991/favicon.ico
2018-11-01 17:57:29,091 [73] INFO  log4netlogger - GET http://localhost:9991/Process
2018-11-01 17:57:32,179 [49] INFO  log4netlogger - POST http://localhost:9991/Process/DeleteProcess/42
2018-11-01 17:57:33,480 [73] INFO  log4netlogger - GET http://localhost:9991/Home/Empty?http://localhost:9991/Process
2018-11-01 17:57:33,504 [70] INFO  log4netlogger - GET http://localhost:9991/Process
2018-11-01 17:57:35,124 [53] INFO  log4netlogger - GET http://localhost:9991/User
2018-11-01 17:57:35,780 [61] INFO  log4netlogger - GET http://localhost:9991/Process
2018-11-01 17:57:36,548 [66] INFO  log4netlogger - GET http://localhost:9991/Sync
2018-11-01 17:57:43,285 [61] INFO  log4netlogger - POST http://localhost:9991/Sync/ImportWcapp
2018-11-01 17:57:46,179 [17] INFO  log4netlogger - GET http://localhost:9991/Process
2018-11-01 17:57:50,162 [66] INFO  log4netlogger - GET http://localhost:9991/Process
2018-11-01 17:57:50,249 [61] INFO  log4netlogger - GET http://localhost:9991/favicon.ico
2018-11-01 17:58:01,923 [17] INFO  log4netlogger - GET http://localhost:9991/Process
2018-11-01 17:58:01,994 [53] INFO  log4netlogger - GET http://localhost:9991/favicon.ico
2018-11-01 17:58:05,722 [49] INFO  log4netlogger - GET http://localhost:9991/Sync
 ----------------------footer--------------------------  ----------------------header-------------------------- 2018-11-01 17:59:27,178 [67] INFO  log4netlogger - GET http://localhost:9991/Sync
2018-11-01 17:59:32,125 [69] INFO  log4netlogger - GET http://localhost:9991/favicon.ico
2018-11-01 18:00:32,340 [44] INFO  log4netlogger - POST http://localhost:9991/Sync/ImportWcapp
2018-11-01 18:00:37,086 [17] INFO  log4netlogger - GET http://localhost:9991/Process
2018-11-01 18:00:40,893 [45] INFO  log4netlogger - GET http://localhost:9991/Process/Detail/43
2018-11-01 18:00:42,806 [61] INFO  log4netlogger - GET http://localhost:9991/Procedure/Detail/43
2018-11-01 18:00:52,204 [53] INFO  log4netlogger - GET http://localhost:9991/Process/Detail/43
2018-11-01 18:00:53,451 [42] INFO  log4netlogger - GET http://localhost:9991/Process/GetRevisePdf/43
2018-11-01 18:00:56,908 [67] INFO  log4netlogger - GET http://localhost:9991/Procedure/Detail/43
2018-11-01 18:01:07,476 [63] INFO  log4netlogger - POST http://localhost:9991/Procedure/ReviseModifyParam?sid=58
2018-11-01 18:01:07,581 [70] INFO  log4netlogger - GET http://localhost:9991/Home/Empty?http://localhost:9991/Procedure/Detail/43
2018-11-01 18:01:07,910 [67] INFO  log4netlogger - GET http://localhost:9991/Procedure/Detail/43
2018-11-01 18:01:10,541 [68] INFO  log4netlogger - GET http://localhost:9991/Process/Detail/43
2018-11-01 18:01:11,374 [61] INFO  log4netlogger - GET http://localhost:9991/Process/GetRevisePdf/43
2018-11-01 18:01:15,507 [63] INFO  log4netlogger - GET http://localhost:9991/Procedure/Detail/43
2018-11-01 18:01:24,267 [69] INFO  log4netlogger - POST http://localhost:9991/Procedure/ReviseModifyParam?sid=58
2018-11-01 18:01:24,293 [63] INFO  log4netlogger - GET http://localhost:9991/Home/Empty?http://localhost:9991/Procedure/Detail/43
2018-11-01 18:01:24,318 [71] INFO  log4netlogger - GET http://localhost:9991/Procedure/Detail/43
2018-11-01 18:01:25,334 [67] INFO  log4netlogger - GET http://localhost:9991/Process/Detail/43
2018-11-01 18:01:26,174 [42] INFO  log4netlogger - GET http://localhost:9991/Process/GetRevisePdf/43
2018-11-01 18:01:35,083 [70] INFO  log4netlogger - GET http://localhost:9991/Process
2018-11-01 18:01:37,108 [17] INFO  log4netlogger - GET http://localhost:9991/Process/Detail/43
2018-11-01 18:01:38,060 [67] INFO  log4netlogger - GET http://localhost:9991/Procedure/Detail/43
2018-11-01 18:01:44,906 [67] INFO  log4netlogger - POST http://localhost:9991/Procedure/ReviseModifyParam?sid=58
2018-11-01 18:01:44,946 [17] INFO  log4netlogger - GET http://localhost:9991/Home/Empty?http://localhost:9991/Procedure/Detail/43
2018-11-01 18:01:44,967 [31] INFO  log4netlogger - GET http://localhost:9991/Procedure/Detail/43
2018-11-01 18:01:51,985 [70] INFO  log4netlogger - POST http://localhost:9991/Procedure/ReviseModifyParam?sid=58
2018-11-01 18:01:52,046 [68] INFO  log4netlogger - GET http://localhost:9991/Home/Empty?http://localhost:9991/Procedure/Detail/43
2018-11-01 18:01:52,067 [53] INFO  log4netlogger - GET http://localhost:9991/Procedure/Detail/43
2018-11-01 18:01:53,108 [67] INFO  log4netlogger - GET http://localhost:9991/Process/Detail/43
2018-11-01 18:01:54,054 [70] INFO  log4netlogger - GET http://localhost:9991/Process/GetRevisePdf/43
2018-11-01 18:01:55,573 [53] INFO  log4netlogger - GET http://localhost:9991/Process/GetRevisePdf/43
2018-11-01 18:01:55,600 [68] INFO  log4netlogger - GET http://localhost:9991/favicon.ico
 ----------------------footer-------------------------- 