 ----------------------header-------------------------- 2018-11-13 09:29:24,846 [6] INFO  log4netlogger - GET http://localhost:9991/
2018-11-13 09:29:27,498 [10] INFO  log4netlogger - GET http://localhost:9991/Content/themes/base/theme.css
2018-11-13 09:29:27,498 [7] INFO  log4netlogger - GET http://localhost:9991/Content/themes/base/base.css
2018-11-13 09:29:27,658 [12] INFO  log4netlogger - GET http://localhost:9991/Content/themes/base/core.css
2018-11-13 09:29:27,660 [9] INFO  log4netlogger - GET http://localhost:9991/Content/themes/base/accordion.css
2018-11-13 09:29:27,661 [11] INFO  log4netlogger - GET http://localhost:9991/Content/themes/base/autocomplete.css
2018-11-13 09:29:27,661 [6] INFO  log4netlogger - GET http://localhost:9991/Content/themes/base/button.css
2018-11-13 09:29:27,661 [7] INFO  log4netlogger - GET http://localhost:9991/Content/themes/base/datepicker.css
2018-11-13 09:29:27,661 [5] INFO  log4netlogger - GET http://localhost:9991/Content/themes/base/dialog.css
2018-11-13 09:29:27,662 [10] INFO  log4netlogger - GET http://localhost:9991/Content/themes/base/draggable.css
2018-11-13 09:29:27,663 [7] INFO  log4netlogger - GET http://localhost:9991/Content/themes/base/menu.css
2018-11-13 09:29:27,666 [8] INFO  log4netlogger - GET http://localhost:9991/Content/themes/base/progressbar.css
2018-11-13 09:29:27,666 [6] INFO  log4netlogger - GET http://localhost:9991/Content/themes/base/resizable.css
2018-11-13 09:29:27,666 [12] INFO  log4netlogger - GET http://localhost:9991/Content/themes/base/selectable.css
2018-11-13 09:29:27,668 [11] INFO  log4netlogger - GET http://localhost:9991/Content/themes/base/sortable.css
2018-11-13 09:29:27,670 [5] INFO  log4netlogger - GET http://localhost:9991/Content/themes/base/slider.css
2018-11-13 09:29:27,672 [12] INFO  log4netlogger - GET http://localhost:9991/Content/themes/base/spinner.css
2018-11-13 09:29:27,675 [9] INFO  log4netlogger - GET http://localhost:9991/Content/themes/base/tabs.css
2018-11-13 09:29:27,675 [5] INFO  log4netlogger - GET http://localhost:9991/Content/themes/base/tooltip.css
2018-11-13 09:29:27,694 [10] INFO  log4netlogger - GET http://localhost:9991/Content/themes/base/selectmenu.css
2018-11-13 09:29:27,885 [7] INFO  log4netlogger - GET http://localhost:9991/favicon.ico
2018-11-13 09:29:49,827 [11] INFO  log4netlogger - POST http://localhost:9991/
2018-11-13 09:29:52,212 [6] INFO  log4netlogger - POST http://localhost:9991/
2018-11-13 09:29:52,852 [7] INFO  log4netlogger - GET http://localhost:9991/Process
2018-11-13 09:29:55,246 [9] INFO  log4netlogger - GET http://localhost:9991/Content/process.css
2018-11-13 09:29:55,264 [10] INFO  log4netlogger - GET http://localhost:9991/Images/bg.jpg
2018-11-13 09:29:59,266 [12] INFO  log4netlogger - GET http://localhost:9991/Process/Create
2018-11-13 09:30:02,897 [12] INFO  log4netlogger - GET http://localhost:9991/Process
2018-11-13 09:30:05,129 [10] INFO  log4netlogger - GET http://localhost:9991/Process/Creating/33
2018-11-13 09:30:06,887 [6] INFO  log4netlogger - GET http://localhost:9991/Process
2018-11-13 09:30:13,376 [9] INFO  log4netlogger - GET http://localhost:9991/Process/Creating/34
2018-11-13 09:30:15,890 [6] INFO  log4netlogger - GET http://localhost:9991/Content/themes/base/images/ui-bg_flat_75_ffffff_40x100.png
2018-11-13 09:30:15,904 [7] INFO  log4netlogger - GET http://localhost:9991/Content/themes/base/images/ui-icons_222222_256x240.png
2018-11-13 09:30:15,905 [5] INFO  log4netlogger - GET http://localhost:9991/Content/themes/base/images/ui-bg_highlight-soft_75_cccccc_1x100.png
2018-11-13 09:30:15,938 [11] INFO  log4netlogger - GET http://localhost:9991/Content/themes/base/images/ui-bg_flat_0_aaaaaa_40x100.png
2018-11-13 09:31:04,941 [6] INFO  log4netlogger - POST http://localhost:9991/Process/AddProcedure?pid=34
2018-11-13 09:31:05,359 [8] INFO  log4netlogger - GET http://localhost:9991/Home/Empty?http://localhost:9991/Process/Creating/34
2018-11-13 09:31:05,387 [9] INFO  log4netlogger - GET http://localhost:9991/Process/Creating/34
2018-11-13 09:31:06,915 [11] INFO  log4netlogger - GET http://localhost:9991/Procedure/Creating/13
 ----------------------footer--------------------------  ----------------------header-------------------------- 2018-11-13 09:40:07,685 [9] INFO  log4netlogger - GET http://localhost:54938/
2018-11-13 09:41:24,874 [9] INFO  log4netlogger - POST http://localhost:54938/
2018-11-13 09:41:27,953 [11] INFO  log4netlogger - GET http://localhost:54938/Process
2018-11-13 09:41:34,962 [9] INFO  log4netlogger - GET http://localhost:54938/Process/ImportProcesses?processIdes=25,
2018-11-13 09:41:35,374 [9] ERROR log4netlogger -    在 System.Linq.Enumerable.Any[TSource](IEnumerable`1 source)
   在 WCAPP.Controllers.ProcessController.GetDataTableForPercents(String[] areaid) 位置 D:\liyang\wcapp\WCAPP\Controllers\ProcessController.cs:行号 1598
2018-11-13 09:41:35,412 [9] ERROR log4netlogger -    在 WCAPP.Controllers.ProcessController.ExportExcelForPercentForWebs(String sheetName, String xlsname, String[] areaid) 位置 D:\liyang\wcapp\WCAPP\Controllers\ProcessController.cs:行号 1425
 ----------------------header-------------------------- 2018-11-13 09:45:39,704 [6] INFO  log4netlogger - GET http://localhost:54938/
2018-11-13 09:45:49,899 [9] INFO  log4netlogger - POST http://localhost:54938/
2018-11-13 09:45:52,964 [7] INFO  log4netlogger - GET http://localhost:54938/Process
2018-11-13 09:45:58,528 [8] INFO  log4netlogger - GET http://localhost:54938/Process/ImportProcesses?processIdes=25,
2018-11-13 09:45:58,922 [8] ERROR log4netlogger -    在 System.Data.DataColumn.set_Item(Int32 record, Object value)
   在 System.Data.DataRow.set_Item(DataColumn column, Object value)
   在 WCAPP.Controllers.ProcessController.GetDataTableForPercents(String[] areaid) 位置 D:\liyang\wcapp\WCAPP\Controllers\ProcessController.cs:行号 1656
2018-11-13 09:45:58,952 [8] ERROR log4netlogger -    在 WCAPP.Controllers.ProcessController.ExportExcelForPercentForWebs(String sheetName, String xlsname, String[] areaid) 位置 D:\liyang\wcapp\WCAPP\Controllers\ProcessController.cs:行号 1425
2018-11-13 09:48:59,106 [6] INFO  log4netlogger - GET http://localhost:54938/Process/Creating/33
2018-11-13 09:49:07,507 [6] INFO  log4netlogger - GET http://localhost:54938/Procedure/Creating/34
 ----------------------header-------------------------- 2018-11-13 09:50:05,247 [57] INFO  log4netlogger - GET http://localhost:9991/Process/Creating/34
2018-11-13 09:50:50,573 [69] INFO  log4netlogger - POST http://localhost:9991/Process/AddProcedure?pid=34
2018-11-13 09:50:50,786 [67] INFO  log4netlogger - GET http://localhost:9991/Home/Empty?http://localhost:9991/Process/Creating/34
2018-11-13 09:50:51,299 [65] INFO  log4netlogger - GET http://localhost:9991/Process/Creating/34
2018-11-13 09:50:53,425 [66] INFO  log4netlogger - GET http://localhost:9991/Procedure/Creating/57
2018-11-13 09:51:00,038 [68] INFO  log4netlogger - POST http://localhost:9991/Procedure/AddSeam?prid=57
2018-11-13 09:51:10,874 [57] INFO  log4netlogger - POST http://localhost:9991/Procedure/AddSeam?prid=57
2018-11-13 09:51:10,925 [58] INFO  log4netlogger - GET http://localhost:9991/Home/Empty?http://localhost:9991/Procedure/Creating/57
2018-11-13 09:51:10,950 [64] INFO  log4netlogger - GET http://localhost:9991/Procedure/Creating/57
2018-11-13 09:51:12,612 [62] INFO  log4netlogger - POST http://localhost:9991/Procedure/GenParam?sid=69
2018-11-13 09:51:21,252 [61] INFO  log4netlogger - GET http://localhost:9991/Process/Creating/34
2018-11-13 09:51:23,641 [67] INFO  log4netlogger - GET http://localhost:9991/Procedure/Creating/56
2018-11-13 09:51:52,900 [68] INFO  log4netlogger - POST http://localhost:9991/Procedure/AddSeam?prid=56
2018-11-13 09:51:52,940 [67] INFO  log4netlogger - GET http://localhost:9991/Home/Empty?http://localhost:9991/Procedure/Creating/56
2018-11-13 09:51:52,966 [58] INFO  log4netlogger - GET http://localhost:9991/Procedure/Creating/56
2018-11-13 09:51:54,203 [57] INFO  log4netlogger - POST http://localhost:9991/Procedure/GenParam?sid=70
 ----------------------footer--------------------------  ----------------------header-------------------------- 2018-11-13 09:52:17,659 [6] INFO  log4netlogger - GET http://localhost:54938/
2018-11-13 09:52:17,769 [6] INFO  log4netlogger - GET http://localhost:54938/Process
2018-11-13 09:52:33,997 [6] INFO  log4netlogger - GET http://localhost:54938/Process/ImportProcesses?processIdes=25,
2018-11-13 09:52:34,260 [6] ERROR log4netlogger -    在 System.Data.DataColumn.set_Item(Int32 record, Object value)
   在 System.Data.DataRow.set_Item(DataColumn column, Object value)
   在 WCAPP.Controllers.ProcessController.GetDataTableForPercents(String[] areaid) 位置 D:\liyang\wcapp\WCAPP\Controllers\ProcessController.cs:行号 1656
2018-11-13 09:52:34,261 [6] ERROR log4netlogger -    在 WCAPP.Controllers.ProcessController.ExportExcelForPercentForWebs(String sheetName, String xlsname, String[] areaid) 位置 D:\liyang\wcapp\WCAPP\Controllers\ProcessController.cs:行号 1425
 ----------------------footer--------------------------  ----------------------header-------------------------- 2018-11-13 09:56:14,021 [12] INFO  log4netlogger - GET http://localhost:54938/Process/ImportProcesses?processIdes=25,
2018-11-13 09:56:16,758 [12] ERROR log4netlogger -    在 System.Data.DataColumn.set_Item(Int32 record, Object value)
   在 System.Data.DataRow.set_Item(DataColumn column, Object value)
   在 WCAPP.Controllers.ProcessController.GetDataTableForPercents(String[] areaid) 位置 D:\liyang\wcapp\WCAPP\Controllers\ProcessController.cs:行号 1652
2018-11-13 09:56:16,758 [12] ERROR log4netlogger -    在 WCAPP.Controllers.ProcessController.ExportExcelForPercentForWebs(String sheetName, String xlsname, String[] areaid) 位置 D:\liyang\wcapp\WCAPP\Controllers\ProcessController.cs:行号 1425
 ----------------------header-------------------------- 2018-11-13 10:03:54,798 [6] INFO  log4netlogger - GET http://localhost:54938/
2018-11-13 10:04:28,319 [6] INFO  log4netlogger - POST http://localhost:54938/
2018-11-13 10:04:31,438 [8] INFO  log4netlogger - GET http://localhost:54938/Process
2018-11-13 10:04:56,317 [6] INFO  log4netlogger - GET http://localhost:54938/Process/Detail/25
2018-11-13 10:05:00,341 [6] INFO  log4netlogger - GET http://localhost:54938/Process
2018-11-13 10:05:03,533 [7] INFO  log4netlogger - GET http://localhost:54938/Process/ImportProcesses?processIdes=25,
2018-11-13 10:07:10,187 [7] ERROR log4netlogger -    在 System.Data.DataColumn.set_Item(Int32 record, Object value)
   在 System.Data.DataRow.set_Item(DataColumn column, Object value)
   在 WCAPP.Controllers.ProcessController.GetDataTableForPercents(String[] areaid) 位置 D:\liyang\wcapp\WCAPP\Controllers\ProcessController.cs:行号 1652
2018-11-13 10:07:10,229 [7] ERROR log4netlogger -    在 WCAPP.Controllers.ProcessController.ExportExcelForPercentForWebs(String sheetName, String xlsname, String[] areaid) 位置 D:\liyang\wcapp\WCAPP\Controllers\ProcessController.cs:行号 1425
2018-11-13 10:07:14,683 [6] INFO  log4netlogger - GET http://localhost:54938/Process/ImportProcesses?processIdes=25,
2018-11-13 10:11:52,916 [6] ERROR log4netlogger -    在 System.Data.DataColumn.set_Item(Int32 record, Object value)
   在 System.Data.DataRow.set_Item(DataColumn column, Object value)
   在 WCAPP.Controllers.ProcessController.GetDataTableForPercents(String[] areaid) 位置 D:\liyang\wcapp\WCAPP\Controllers\ProcessController.cs:行号 1652
2018-11-13 10:12:00,060 [6] ERROR log4netlogger -    在 WCAPP.Controllers.ProcessController.ExportExcelForPercentForWebs(String sheetName, String xlsname, String[] areaid) 位置 D:\liyang\wcapp\WCAPP\Controllers\ProcessController.cs:行号 1425
2018-11-13 10:12:04,732 [6] INFO  log4netlogger - GET http://localhost:54938/Process/Detail/25
2018-11-13 10:12:06,834 [6] INFO  log4netlogger - GET http://localhost:54938/Procedure/Detail/28
 ----------------------header-------------------------- 2018-11-13 10:14:23,284 [6] INFO  log4netlogger - GET http://localhost:54938/
2018-11-13 10:14:23,402 [6] INFO  log4netlogger - GET http://localhost:54938/Process
2018-11-13 10:14:34,292 [7] INFO  log4netlogger - GET http://localhost:54938/Process/ImportProcesses?processIdes=25,
2018-11-13 10:14:54,106 [13] INFO  log4netlogger - GET http://localhost:54938/Process/ImportProcesses?processIdes=31,
2018-11-13 10:14:54,149 [13] ERROR log4netlogger -    在 System.Data.DataRow.set_Item(DataColumn column, Object value)
   在 WCAPP.Controllers.ProcessController.GetDataTableForPercents(String[] areaid) 位置 D:\liyang\wcapp\WCAPP\Controllers\ProcessController.cs:行号 1619
2018-11-13 10:14:54,149 [13] ERROR log4netlogger -    在 WCAPP.Controllers.ProcessController.ExportExcelForPercentForWebs(String sheetName, String xlsname, String[] areaid) 位置 D:\liyang\wcapp\WCAPP\Controllers\ProcessController.cs:行号 1425
2018-11-13 10:15:01,156 [6] INFO  log4netlogger - GET http://localhost:54938/Process/Detail/31
 ----------------------footer--------------------------  ----------------------header-------------------------- 2018-11-13 10:20:02,449 [15] INFO  log4netlogger - GET http://localhost:54938/Process/Detail/31
2018-11-13 10:20:07,987 [22] INFO  log4netlogger - GET http://localhost:54938/Process
2018-11-13 10:20:08,556 [19] INFO  log4netlogger - GET http://localhost:54938/favicon.ico
2018-11-13 10:20:11,203 [14] INFO  log4netlogger - GET http://localhost:54938/Process/ImportProcesses?processIdes=31,
2018-11-13 10:20:42,034 [15] INFO  log4netlogger - GET http://localhost:54938/Process/ImportProcesses?processIdes=32,
2018-11-13 10:20:46,466 [8] INFO  log4netlogger - GET http://localhost:54938/Process/Detail/32
2018-11-13 10:20:51,768 [18] INFO  log4netlogger - GET http://localhost:54938/Process
2018-11-13 10:20:53,674 [19] INFO  log4netlogger - GET http://localhost:54938/Process/Detail/2
2018-11-13 10:20:55,728 [21] INFO  log4netlogger - GET http://localhost:54938/Process
2018-11-13 10:20:57,569 [22] INFO  log4netlogger - GET http://localhost:54938/Process/ImportProcesses?processIdes=2,
2018-11-13 10:21:23,309 [19] INFO  log4netlogger - GET http://localhost:54938/Process/Detail/47
2018-11-13 10:21:24,576 [20] INFO  log4netlogger - GET http://localhost:54938/Process
2018-11-13 10:21:27,227 [18] INFO  log4netlogger - GET http://localhost:54938/Process/Detail/1
2018-11-13 10:21:29,650 [22] INFO  log4netlogger - GET http://localhost:54938/Process
2018-11-13 10:21:32,822 [19] INFO  log4netlogger - GET http://localhost:54938/Process/Detail/1
2018-11-13 10:21:34,334 [20] INFO  log4netlogger - GET http://localhost:54938/Process
2018-11-13 10:21:36,612 [18] INFO  log4netlogger - GET http://localhost:54938/Process/ImportProcesses?processIdes=1,
2018-11-13 10:22:30,971 [12] INFO  log4netlogger - GET http://localhost:54938/Process/ImportProcesses?processIdes=25,31,32,2,3,4,47,44,40,1
2018-11-13 10:23:14,372 [7] INFO  log4netlogger - GET http://localhost:54938/Sync
2018-11-13 10:23:22,644 [7] INFO  log4netlogger - POST http://localhost:54938/Sync/ImportExcel
2018-11-13 10:23:24,341 [7] ERROR log4netlogger -    在 System.Data.DataRow.GetDataColumn(String columnName)
   在 System.Data.DataRow.get_Item(String columnName)
   在 WCAPP.Libs.WcappExcel.Import(String path) 位置 D:\liyang\wcapp\WCAPP\Libs\WcappExcel.cs:行号 71
2018-11-13 10:23:24,741 [7] ERROR log4netlogger -    在 WCAPP.Libs.WcappExcel.Import(String path) 位置 D:\liyang\wcapp\WCAPP\Libs\WcappExcel.cs:行号 187
   在 WCAPP.Controllers.SyncController.ImportExcel(HttpPostedFileBase file) 位置 D:\liyang\wcapp\WCAPP\Controllers\SyncController.cs:行号 118
2018-11-13 10:24:08,543 [13] INFO  log4netlogger - POST http://localhost:54938/Sync/ImportExcel
2018-11-13 10:24:08,582 [13] ERROR log4netlogger -    在 System.Data.DataRow.GetDataColumn(String columnName)
   在 System.Data.DataRow.get_Item(String columnName)
   在 WCAPP.Libs.WcappExcel.Import(String path) 位置 D:\liyang\wcapp\WCAPP\Libs\WcappExcel.cs:行号 71
2018-11-13 10:24:08,635 [13] ERROR log4netlogger -    在 WCAPP.Libs.WcappExcel.Import(String path) 位置 D:\liyang\wcapp\WCAPP\Libs\WcappExcel.cs:行号 187
   在 WCAPP.Controllers.SyncController.ImportExcel(HttpPostedFileBase file) 位置 D:\liyang\wcapp\WCAPP\Controllers\SyncController.cs:行号 118
2018-11-13 10:25:13,839 [25] INFO  log4netlogger - GET http://localhost:54938/Process
2018-11-13 10:25:18,020 [13] INFO  log4netlogger - GET http://localhost:54938/Process/ImportProcesses?processIdes=25,31,32,2,3,4,47,44,40,1
2018-11-13 10:25:59,670 [28] INFO  log4netlogger - GET http://localhost:54938/Sync
2018-11-13 10:26:05,179 [12] INFO  log4netlogger - POST http://localhost:54938/Sync/ImportExcel
2018-11-13 10:26:05,218 [12] ERROR log4netlogger -    在 System.Data.DataRow.GetDataColumn(String columnName)
   在 System.Data.DataRow.get_Item(String columnName)
   在 WCAPP.Libs.WcappExcel.Import(String path) 位置 D:\liyang\wcapp\WCAPP\Libs\WcappExcel.cs:行号 71
2018-11-13 10:26:05,253 [12] ERROR log4netlogger -    在 WCAPP.Libs.WcappExcel.Import(String path) 位置 D:\liyang\wcapp\WCAPP\Libs\WcappExcel.cs:行号 187
   在 WCAPP.Controllers.SyncController.ImportExcel(HttpPostedFileBase file) 位置 D:\liyang\wcapp\WCAPP\Controllers\SyncController.cs:行号 118
 ----------------------header-------------------------- 2018-11-13 10:26:37,565 [6] INFO  log4netlogger - GET http://localhost:54938/
2018-11-13 10:27:38,299 [6] INFO  log4netlogger - POST http://localhost:54938/
2018-11-13 10:27:41,242 [9] INFO  log4netlogger - GET http://localhost:54938/Process
2018-11-13 10:27:44,789 [6] INFO  log4netlogger - GET http://localhost:54938/Sync
2018-11-13 10:27:53,099 [6] INFO  log4netlogger - POST http://localhost:54938/Sync/ImportExcel
 ----------------------header-------------------------- 2018-11-13 10:34:07,168 [6] INFO  log4netlogger - GET http://localhost:54938/
2018-11-13 10:34:17,124 [7] INFO  log4netlogger - POST http://localhost:54938/
2018-11-13 10:34:20,141 [8] INFO  log4netlogger - GET http://localhost:54938/Process
2018-11-13 10:34:24,458 [6] INFO  log4netlogger - GET http://localhost:54938/Sync
2018-11-13 10:34:31,892 [6] INFO  log4netlogger - POST http://localhost:54938/Sync/ImportExcel
2018-11-13 10:35:36,672 [6] ERROR log4netlogger -    在 System.Data.DataRow.GetDataColumn(String columnName)
   在 System.Data.DataRow.get_Item(String columnName)
   在 WCAPP.Libs.WcappExcel.Import(String path) 位置 D:\liyang\wcapp\WCAPP\Libs\WcappExcel.cs:行号 69
2018-11-13 10:35:36,823 [6] ERROR log4netlogger -    在 WCAPP.Libs.WcappExcel.Import(String path) 位置 D:\liyang\wcapp\WCAPP\Libs\WcappExcel.cs:行号 191
   在 WCAPP.Controllers.SyncController.ImportExcel(HttpPostedFileBase file) 位置 D:\liyang\wcapp\WCAPP\Controllers\SyncController.cs:行号 118
2018-11-13 10:35:44,490 [7] INFO  log4netlogger - POST http://localhost:54938/Sync/ImportExcel
2018-11-13 10:36:26,184 [7] ERROR log4netlogger -    在 WCAPP.Utils.Common.GetDbEnum[T](Object cell) 位置 D:\liyang\wcapp\WCAPP\Utils\Common.cs:行号 231
   在 WCAPP.Libs.WcappExcel.Import(String path) 位置 D:\liyang\wcapp\WCAPP\Libs\WcappExcel.cs:行号 119
2018-11-13 10:36:26,235 [7] ERROR log4netlogger -    在 WCAPP.Libs.WcappExcel.Import(String path) 位置 D:\liyang\wcapp\WCAPP\Libs\WcappExcel.cs:行号 191
   在 WCAPP.Controllers.SyncController.ImportExcel(HttpPostedFileBase file) 位置 D:\liyang\wcapp\WCAPP\Controllers\SyncController.cs:行号 118
2018-11-13 10:36:55,142 [6] INFO  log4netlogger - POST http://localhost:54938/Sync/ImportExcel
2018-11-13 10:38:49,829 [6] ERROR log4netlogger -    在 System.Data.DataRow.GetDataColumn(String columnName)
   在 System.Data.DataRow.get_Item(String columnName)
   在 WCAPP.Libs.WcappExcel.Import(String path) 位置 D:\liyang\wcapp\WCAPP\Libs\WcappExcel.cs:行号 69
2018-11-13 10:38:49,891 [6] ERROR log4netlogger -    在 WCAPP.Libs.WcappExcel.Import(String path) 位置 D:\liyang\wcapp\WCAPP\Libs\WcappExcel.cs:行号 191
   在 WCAPP.Controllers.SyncController.ImportExcel(HttpPostedFileBase file) 位置 D:\liyang\wcapp\WCAPP\Controllers\SyncController.cs:行号 118
2018-11-13 10:38:56,936 [6] INFO  log4netlogger - POST http://localhost:54938/Sync/ImportExcel
2018-11-13 10:39:40,520 [6] ERROR log4netlogger -    在 WCAPP.Utils.Common.GetDbEnum[T](Object cell) 位置 D:\liyang\wcapp\WCAPP\Utils\Common.cs:行号 231
   在 WCAPP.Libs.WcappExcel.Import(String path) 位置 D:\liyang\wcapp\WCAPP\Libs\WcappExcel.cs:行号 119
2018-11-13 10:39:40,617 [6] ERROR log4netlogger -    在 WCAPP.Libs.WcappExcel.Import(String path) 位置 D:\liyang\wcapp\WCAPP\Libs\WcappExcel.cs:行号 191
   在 WCAPP.Controllers.SyncController.ImportExcel(HttpPostedFileBase file) 位置 D:\liyang\wcapp\WCAPP\Controllers\SyncController.cs:行号 118
2018-11-13 10:39:48,100 [6] INFO  log4netlogger - POST http://localhost:54938/Sync/ImportExcel
2018-11-13 10:40:18,394 [6] ERROR log4netlogger -    在 WCAPP.Utils.Common.GetDbEnum[T](Object cell) 位置 D:\liyang\wcapp\WCAPP\Utils\Common.cs:行号 231
   在 WCAPP.Libs.WcappExcel.Import(String path) 位置 D:\liyang\wcapp\WCAPP\Libs\WcappExcel.cs:行号 119
2018-11-13 10:40:18,443 [6] ERROR log4netlogger -    在 WCAPP.Libs.WcappExcel.Import(String path) 位置 D:\liyang\wcapp\WCAPP\Libs\WcappExcel.cs:行号 191
   在 WCAPP.Controllers.SyncController.ImportExcel(HttpPostedFileBase file) 位置 D:\liyang\wcapp\WCAPP\Controllers\SyncController.cs:行号 118
2018-11-13 10:40:26,364 [6] INFO  log4netlogger - POST http://localhost:54938/Sync/ImportExcel
 ----------------------header-------------------------- 2018-11-13 10:48:42,149 [5] INFO  log4netlogger - GET http://localhost:54938/
2018-11-13 10:48:53,833 [10] INFO  log4netlogger - POST http://localhost:54938/
2018-11-13 10:48:56,872 [9] INFO  log4netlogger - GET http://localhost:54938/Process
2018-11-13 10:49:36,679 [14] INFO  log4netlogger - GET http://localhost:54938/Sync
2018-11-13 10:49:43,602 [10] INFO  log4netlogger - POST http://localhost:54938/Sync/ImportExcel
2018-11-13 10:49:43,687 [10] ERROR log4netlogger -    在 System.Data.DataRow.GetDataColumn(String columnName)
   在 System.Data.DataRow.get_Item(String columnName)
   在 WCAPP.Libs.WcappExcel.Import(String path) 位置 D:\liyang\wcapp\WCAPP\Libs\WcappExcel.cs:行号 73
2018-11-13 10:49:43,747 [10] ERROR log4netlogger -    在 WCAPP.Libs.WcappExcel.Import(String path) 位置 D:\liyang\wcapp\WCAPP\Libs\WcappExcel.cs:行号 191
   在 WCAPP.Controllers.SyncController.ImportExcel(HttpPostedFileBase file) 位置 D:\liyang\wcapp\WCAPP\Controllers\SyncController.cs:行号 118
2018-11-13 10:49:51,851 [11] INFO  log4netlogger - GET http://localhost:54938/Process
2018-11-13 10:49:54,625 [5] INFO  log4netlogger - GET http://localhost:54938/Process/ImportProcesses?processIdes=25,31,32,2,3,4,47,44,40,1
2018-11-13 10:50:47,444 [6] INFO  log4netlogger - GET http://localhost:54938/Sync
2018-11-13 10:51:33,164 [12] INFO  log4netlogger - POST http://localhost:54938/Sync/ImportExcel
2018-11-13 10:51:33,198 [12] ERROR log4netlogger -    在 System.Data.DataRow.GetDataColumn(String columnName)
   在 System.Data.DataRow.get_Item(String columnName)
   在 WCAPP.Libs.WcappExcel.Import(String path) 位置 D:\liyang\wcapp\WCAPP\Libs\WcappExcel.cs:行号 73
2018-11-13 10:51:33,233 [12] ERROR log4netlogger -    在 WCAPP.Libs.WcappExcel.Import(String path) 位置 D:\liyang\wcapp\WCAPP\Libs\WcappExcel.cs:行号 191
   在 WCAPP.Controllers.SyncController.ImportExcel(HttpPostedFileBase file) 位置 D:\liyang\wcapp\WCAPP\Controllers\SyncController.cs:行号 118
 ----------------------header-------------------------- 2018-11-13 11:02:58,027 [6] INFO  log4netlogger - GET http://localhost:54938/
2018-11-13 11:03:06,435 [6] INFO  log4netlogger - POST http://localhost:54938/
2018-11-13 11:03:10,029 [8] INFO  log4netlogger - GET http://localhost:54938/Process
2018-11-13 11:03:16,600 [8] INFO  log4netlogger - GET http://localhost:54938/Sync
2018-11-13 11:03:23,006 [6] INFO  log4netlogger - POST http://localhost:54938/Sync/ImportExcel
2018-11-13 11:10:12,772 [6] ERROR log4netlogger -    在 System.Data.DataRow.GetDataColumn(String columnName)
   在 System.Data.DataRow.get_Item(String columnName)
   在 WCAPP.Libs.WcappExcel.Import(String path) 位置 D:\liyang\wcapp\WCAPP\Libs\WcappExcel.cs:行号 73
2018-11-13 11:10:12,833 [6] ERROR log4netlogger -    在 WCAPP.Libs.WcappExcel.Import(String path) 位置 D:\liyang\wcapp\WCAPP\Libs\WcappExcel.cs:行号 191
   在 WCAPP.Controllers.SyncController.ImportExcel(HttpPostedFileBase file) 位置 D:\liyang\wcapp\WCAPP\Controllers\SyncController.cs:行号 118
2018-11-13 11:10:19,889 [6] INFO  log4netlogger - POST http://localhost:54938/Sync/ImportExcel
2018-11-13 11:11:26,265 [6] ERROR log4netlogger -    在 WCAPP.Utils.Common.GetDbEnum[T](Object cell) 位置 D:\liyang\wcapp\WCAPP\Utils\Common.cs:行号 231
   在 WCAPP.Libs.WcappExcel.Import(String path) 位置 D:\liyang\wcapp\WCAPP\Libs\WcappExcel.cs:行号 119
2018-11-13 11:11:26,321 [6] ERROR log4netlogger -    在 WCAPP.Libs.WcappExcel.Import(String path) 位置 D:\liyang\wcapp\WCAPP\Libs\WcappExcel.cs:行号 191
   在 WCAPP.Controllers.SyncController.ImportExcel(HttpPostedFileBase file) 位置 D:\liyang\wcapp\WCAPP\Controllers\SyncController.cs:行号 118
2018-11-13 11:11:33,448 [6] INFO  log4netlogger - POST http://localhost:54938/Sync/ImportExcel
 ----------------------header-------------------------- 2018-11-13 11:41:25,372 [6] INFO  log4netlogger - GET http://localhost:54938/
2018-11-13 11:41:36,665 [6] INFO  log4netlogger - POST http://localhost:54938/
2018-11-13 11:41:39,629 [7] INFO  log4netlogger - GET http://localhost:54938/Process
2018-11-13 11:41:43,063 [10] INFO  log4netlogger - POST http://localhost:54938/Process/CheckMessage
2018-11-13 11:42:00,632 [11] INFO  log4netlogger - GET http://localhost:54938/Process/CheckMessage
2018-11-13 11:42:17,186 [13] INFO  log4netlogger - GET http://localhost:54938/
2018-11-13 11:42:20,205 [14] INFO  log4netlogger - GET http://localhost:54938/Process
2018-11-13 11:42:24,592 [13] INFO  log4netlogger - POST http://localhost:54938/Process/CheckMessage
 ----------------------footer--------------------------  ----------------------header-------------------------- 2018-11-13 11:43:26,967 [14] INFO  log4netlogger - GET http://localhost:54938/Process
2018-11-13 11:43:32,666 [12] INFO  log4netlogger - GET http://localhost:54938/favicon.ico
2018-11-13 11:43:34,464 [7] INFO  log4netlogger - POST http://localhost:54938/Process/CheckMessage
 ----------------------footer--------------------------  ----------------------header-------------------------- 2018-11-13 11:50:59,575 [25] INFO  log4netlogger - GET http://localhost:54938/Process
2018-11-13 11:51:05,608 [13] INFO  log4netlogger - GET http://localhost:54938/favicon.ico
2018-11-13 11:51:07,627 [17] INFO  log4netlogger - POST http://localhost:54938/Process/CheckMessage
2018-11-13 11:51:28,157 [6] INFO  log4netlogger - POST http://localhost:54938/Process/CheckMessage
2018-11-13 11:51:38,896 [30] INFO  log4netlogger - GET http://localhost:54938/Process
2018-11-13 11:51:40,305 [26] INFO  log4netlogger - GET http://localhost:54938/Process/checkM
2018-11-13 11:51:40,375 [25] INFO  log4netlogger - GET http://localhost:54938/favicon.ico
2018-11-13 11:52:30,981 [28] INFO  log4netlogger - POST http://localhost:54938/Process/CheckMessage
2018-11-13 11:52:32,158 [31] INFO  log4netlogger - GET http://localhost:54938/Process/checkM
 ----------------------header-------------------------- 2018-11-13 11:52:46,780 [9] INFO  log4netlogger - GET http://localhost:54938/
2018-11-13 11:52:59,041 [9] INFO  log4netlogger - POST http://localhost:54938/
2018-11-13 11:53:02,573 [11] INFO  log4netlogger - GET http://localhost:54938/Process
2018-11-13 11:53:06,101 [10] INFO  log4netlogger - POST http://localhost:54938/Process/CheckMessage
2018-11-13 11:53:36,747 [10] INFO  log4netlogger - POST http://localhost:54938/Process/CheckMessage
2018-11-13 11:53:49,012 [12] INFO  log4netlogger - POST http://localhost:54938/Process/CheckMessage
2018-11-13 11:53:59,966 [10] INFO  log4netlogger - GET http://localhost:54938/Process/checkM
2018-11-13 11:54:25,074 [12] INFO  log4netlogger - GET http://localhost:54938/Process/checkM
 ----------------------header-------------------------- 2018-11-13 11:59:44,444 [7] INFO  log4netlogger - GET http://localhost:54938/
2018-11-13 11:59:44,938 [8] INFO  log4netlogger - GET http://localhost:54938/Process
2018-11-13 11:59:50,763 [6] INFO  log4netlogger - GET http://localhost:54938/Process
2018-11-13 11:59:50,895 [8] INFO  log4netlogger - GET http://localhost:54938/favicon.ico
2018-11-13 11:59:57,190 [6] INFO  log4netlogger - POST http://localhost:54938/Process/CheckMessage
2018-11-13 11:59:59,094 [7] INFO  log4netlogger - GET http://localhost:54938/Process/checkM?newList=工艺规程编号:1234567890零件号:123.433,工艺规程编号:13B-2J-1321零件号:1300029,工艺规程编号:13B-2J-1331零件号:1300029,工艺规程编号:13B-2J-13212零件号:1300029,工艺规程编号:113B-2J-1321231零件号:1300029,工艺规程编号:113B-2J-1321232零件号:1300029,工艺规程编号:113B-2J-1321233零件号:1300029,工艺规程编号:113B-2J-1321234零件号:1300029,工艺规程编号:113B-2J-1321235零件号:1300029,工艺规程编号:3123零件号:312
 ----------------------header-------------------------- 2018-11-13 12:00:35,372 [6] INFO  log4netlogger - GET http://localhost:54938/
2018-11-13 12:00:47,382 [6] INFO  log4netlogger - POST http://localhost:54938/
2018-11-13 12:00:50,411 [8] INFO  log4netlogger - GET http://localhost:54938/Process
2018-11-13 12:01:39,980 [6] INFO  log4netlogger - POST http://localhost:54938/Process/CheckMessage
2018-11-13 12:01:45,629 [6] INFO  log4netlogger - GET http://localhost:54938/Process/checkM?newList=工艺规程编号:1234567890零件号:123.433,工艺规程编号:13B-2J-1321零件号:1300029,工艺规程编号:13B-2J-1331零件号:1300029,工艺规程编号:13B-2J-13212零件号:1300029,工艺规程编号:113B-2J-1321231零件号:1300029,工艺规程编号:113B-2J-1321232零件号:1300029,工艺规程编号:113B-2J-1321233零件号:1300029,工艺规程编号:113B-2J-1321234零件号:1300029,工艺规程编号:113B-2J-1321235零件号:1300029,工艺规程编号:3123零件号:312
 ----------------------header-------------------------- 2018-11-13 12:04:39,672 [6] INFO  log4netlogger - GET http://localhost:54938/
2018-11-13 12:04:49,874 [8] INFO  log4netlogger - POST http://localhost:54938/
2018-11-13 12:04:52,938 [7] INFO  log4netlogger - GET http://localhost:54938/Process
2018-11-13 12:04:55,091 [8] INFO  log4netlogger - POST http://localhost:54938/
2018-11-13 12:04:55,101 [6] INFO  log4netlogger - GET http://localhost:54938/Process
2018-11-13 12:04:57,223 [6] INFO  log4netlogger - POST http://localhost:54938/Process/CheckMessage
2018-11-13 12:05:01,925 [6] INFO  log4netlogger - GET http://localhost:54938/Process/checkM?newList=工艺规程编号:1234567890零件号:123.433,工艺规程编号:13B-2J-1321零件号:1300029,工艺规程编号:13B-2J-1331零件号:1300029,工艺规程编号:13B-2J-13212零件号:1300029,工艺规程编号:113B-2J-1321231零件号:1300029,工艺规程编号:113B-2J-1321232零件号:1300029,工艺规程编号:113B-2J-1321233零件号:1300029,工艺规程编号:113B-2J-1321234零件号:1300029,工艺规程编号:113B-2J-1321235零件号:1300029,工艺规程编号:3123零件号:312
 ----------------------header-------------------------- 2018-11-13 12:07:04,353 [6] INFO  log4netlogger - GET http://localhost:54938/
2018-11-13 12:07:04,483 [6] INFO  log4netlogger - GET http://localhost:54938/Process
2018-11-13 12:07:13,669 [6] INFO  log4netlogger - POST http://localhost:54938/Process/CheckMessage
2018-11-13 12:07:16,326 [7] INFO  log4netlogger - GET http://localhost:54938/Process/checkM?newList=工艺规程编号:1234567890,工艺规程编号:13B-2J-1321,工艺规程编号:13B-2J-1331,工艺规程编号:13B-2J-13212,工艺规程编号:113B-2J-1321231,工艺规程编号:113B-2J-1321232,工艺规程编号:113B-2J-1321233,工艺规程编号:113B-2J-1321234,工艺规程编号:113B-2J-1321235,工艺规程编号:3123
 ----------------------footer--------------------------  ----------------------header-------------------------- 2018-11-13 12:07:51,815 [6] INFO  log4netlogger - GET http://localhost:54938/Process
2018-11-13 12:07:57,337 [11] INFO  log4netlogger - GET http://localhost:54938/favicon.ico
2018-11-13 12:07:58,669 [14] INFO  log4netlogger - POST http://localhost:54938/Process/CheckMessage
2018-11-13 12:08:08,978 [11] INFO  log4netlogger - GET http://localhost:54938/Process
2018-11-13 12:08:09,009 [13] INFO  log4netlogger - POST http://localhost:54938/Process/CheckMessage
2018-11-13 12:08:09,194 [9] INFO  log4netlogger - POST http://localhost:54938/Process/CheckMessage
2018-11-13 12:08:09,351 [11] INFO  log4netlogger - POST http://localhost:54938/Process/CheckMessage
2018-11-13 12:08:09,491 [13] INFO  log4netlogger - POST http://localhost:54938/Process/CheckMessage
2018-11-13 12:08:09,694 [12] INFO  log4netlogger - POST http://localhost:54938/Process/CheckMessage
2018-11-13 12:08:10,006 [11] INFO  log4netlogger - POST http://localhost:54938/Process/CheckMessage
2018-11-13 12:08:10,999 [14] INFO  log4netlogger - GET http://localhost:54938/Process/checkM?newList=工艺规程编号:1234567890,工艺规程编号:13B-2J-1321,工艺规程编号:13B-2J-1331,工艺规程编号:13B-2J-13212,工艺规程编号:113B-2J-1321231,工艺规程编号:113B-2J-1321232,工艺规程编号:113B-2J-1321233,工艺规程编号:113B-2J-1321234,工艺规程编号:113B-2J-1321235,工艺规程编号:3123
2018-11-13 12:08:11,085 [7] INFO  log4netlogger - GET http://localhost:54938/favicon.ico
2018-11-13 12:08:11,103 [12] INFO  log4netlogger - GET http://localhost:54938/Process/checkM?newList=工艺规程编号:1234567890,工艺规程编号:13B-2J-1321,工艺规程编号:13B-2J-1331,工艺规程编号:13B-2J-13212,工艺规程编号:113B-2J-1321231,工艺规程编号:113B-2J-1321232,工艺规程编号:113B-2J-1321233,工艺规程编号:113B-2J-1321234,工艺规程编号:113B-2J-1321235,工艺规程编号:3123
2018-11-13 12:08:11,105 [10] INFO  log4netlogger - GET http://localhost:54938/Process/checkM?newList=工艺规程编号:1234567890,工艺规程编号:13B-2J-1321,工艺规程编号:13B-2J-1331,工艺规程编号:13B-2J-13212,工艺规程编号:113B-2J-1321231,工艺规程编号:113B-2J-1321232,工艺规程编号:113B-2J-1321233,工艺规程编号:113B-2J-1321234,工艺规程编号:113B-2J-1321235,工艺规程编号:3123
2018-11-13 12:08:11,604 [13] INFO  log4netlogger - GET http://localhost:54938/Process/checkM?newList=工艺规程编号:1234567890,工艺规程编号:13B-2J-1321,工艺规程编号:13B-2J-1331,工艺规程编号:13B-2J-13212,工艺规程编号:113B-2J-1321231,工艺规程编号:113B-2J-1321232,工艺规程编号:113B-2J-1321233,工艺规程编号:113B-2J-1321234,工艺规程编号:113B-2J-1321235,工艺规程编号:3123
2018-11-13 12:08:11,616 [7] INFO  log4netlogger - GET http://localhost:54938/Process/checkM?newList=工艺规程编号:1234567890,工艺规程编号:13B-2J-1321,工艺规程编号:13B-2J-1331,工艺规程编号:13B-2J-13212,工艺规程编号:113B-2J-1321231,工艺规程编号:113B-2J-1321232,工艺规程编号:113B-2J-1321233,工艺规程编号:113B-2J-1321234,工艺规程编号:113B-2J-1321235,工艺规程编号:3123
2018-11-13 12:08:11,620 [12] INFO  log4netlogger - GET http://localhost:54938/Process/checkM?newList=工艺规程编号:1234567890,工艺规程编号:13B-2J-1321,工艺规程编号:13B-2J-1331,工艺规程编号:13B-2J-13212,工艺规程编号:113B-2J-1321231,工艺规程编号:113B-2J-1321232,工艺规程编号:113B-2J-1321233,工艺规程编号:113B-2J-1321234,工艺规程编号:113B-2J-1321235,工艺规程编号:3123
2018-11-13 12:08:11,623 [10] INFO  log4netlogger - GET http://localhost:54938/Process/checkM?newList=工艺规程编号:1234567890,工艺规程编号:13B-2J-1321,工艺规程编号:13B-2J-1331,工艺规程编号:13B-2J-13212,工艺规程编号:113B-2J-1321231,工艺规程编号:113B-2J-1321232,工艺规程编号:113B-2J-1321233,工艺规程编号:113B-2J-1321234,工艺规程编号:113B-2J-1321235,工艺规程编号:3123
2018-11-13 12:08:12,114 [13] INFO  log4netlogger - GET http://localhost:54938/Process/checkM?newList=工艺规程编号:1234567890,工艺规程编号:13B-2J-1321,工艺规程编号:13B-2J-1331,工艺规程编号:13B-2J-13212,工艺规程编号:113B-2J-1321231,工艺规程编号:113B-2J-1321232,工艺规程编号:113B-2J-1321233,工艺规程编号:113B-2J-1321234,工艺规程编号:113B-2J-1321235,工艺规程编号:3123
2018-11-13 12:08:12,615 [10] INFO  log4netlogger - GET http://localhost:54938/Process/checkM?newList=工艺规程编号:1234567890,工艺规程编号:13B-2J-1321,工艺规程编号:13B-2J-1331,工艺规程编号:13B-2J-13212,工艺规程编号:113B-2J-1321231,工艺规程编号:113B-2J-1321232,工艺规程编号:113B-2J-1321233,工艺规程编号:113B-2J-1321234,工艺规程编号:113B-2J-1321235,工艺规程编号:3123
 ----------------------header-------------------------- 2018-11-13 12:08:47,592 [6] INFO  log4netlogger - GET http://localhost:54938/
2018-11-13 12:09:15,083 [6] INFO  log4netlogger - POST http://localhost:54938/
2018-11-13 12:09:18,048 [9] INFO  log4netlogger - GET http://localhost:54938/Process
2018-11-13 12:09:23,478 [9] INFO  log4netlogger - POST http://localhost:54938/Process/CheckMessage
2018-11-13 12:09:28,643 [6] INFO  log4netlogger - GET http://localhost:54938/Process/checkM?newList=工艺规程编号:1234567890,工艺规程编号:13B-2J-1321,工艺规程编号:13B-2J-1331,工艺规程编号:13B-2J-13212,工艺规程编号:113B-2J-1321231,工艺规程编号:113B-2J-1321232,工艺规程编号:113B-2J-1321233,工艺规程编号:113B-2J-1321234,工艺规程编号:113B-2J-1321235,工艺规程编号:3123
 ----------------------header-------------------------- 2018-11-13 12:13:16,425 [6] INFO  log4netlogger - GET http://localhost:54938/
2018-11-13 12:13:24,087 [7] INFO  log4netlogger - POST http://localhost:54938/
2018-11-13 12:13:26,987 [10] INFO  log4netlogger - GET http://localhost:54938/Process
2018-11-13 12:13:33,912 [7] INFO  log4netlogger - GET http://localhost:54938/Sync
2018-11-13 12:13:36,588 [12] INFO  log4netlogger - GET http://localhost:54938/Process
2018-11-13 12:13:37,951 [8] INFO  log4netlogger - POST http://localhost:54938/Process/CheckMessage
2018-11-13 12:13:39,264 [9] INFO  log4netlogger - GET http://localhost:54938/Process/checkM?newList=工艺规程编号:1234567890,工艺规程编号:13B-2J-1321,工艺规程编号:13B-2J-1331,工艺规程编号:13B-2J-13212,工艺规程编号:113B-2J-1321231,工艺规程编号:113B-2J-1321232,工艺规程编号:113B-2J-1321233,工艺规程编号:113B-2J-1321234,工艺规程编号:113B-2J-1321235,工艺规程编号:3123
 ----------------------footer--------------------------  ----------------------header-------------------------- 2018-11-13 12:14:43,342 [12] INFO  log4netlogger - GET http://localhost:54938/Process
2018-11-13 12:14:48,814 [14] INFO  log4netlogger - GET http://localhost:54938/favicon.ico
2018-11-13 12:14:50,846 [7] INFO  log4netlogger - POST http://localhost:54938/Process/CheckMessage
2018-11-13 12:14:52,498 [11] INFO  log4netlogger - GET http://localhost:54938/Process/checkM?newList=工艺规程编号:1234567890零件号:123.433,工艺规程编号:13B-2J-1321零件号:1300029,工艺规程编号:13B-2J-1331零件号:1300029,工艺规程编号:13B-2J-13212零件号:1300029,工艺规程编号:113B-2J-1321231零件号:1300029,工艺规程编号:113B-2J-1321232零件号:1300029,工艺规程编号:113B-2J-1321233零件号:1300029,工艺规程编号:113B-2J-1321234零件号:1300029,工艺规程编号:113B-2J-1321235零件号:1300029,工艺规程编号:3123零件号:312
 ----------------------footer--------------------------  ----------------------header-------------------------- 2018-11-13 12:20:43,466 [8] INFO  log4netlogger - GET http://localhost:54938/Process
2018-11-13 12:20:49,464 [12] INFO  log4netlogger - GET http://localhost:54938/favicon.ico
2018-11-13 12:22:05,393 [9] INFO  log4netlogger - GET http://localhost:54938/Process
2018-11-13 12:22:06,594 [19] INFO  log4netlogger - GET http://localhost:54938/favicon.ico
2018-11-13 12:22:12,717 [15] INFO  log4netlogger - GET http://localhost:54938/Process/ImportProcesses?processIdes=33,
2018-11-13 12:22:19,118 [10] INFO  log4netlogger - GET http://localhost:54938/Process/ImportProcesses?processIdes=34,
2018-11-13 12:22:26,769 [6] INFO  log4netlogger - GET http://localhost:54938/Process/Creating/33
2018-11-13 12:22:33,134 [10] INFO  log4netlogger - GET http://localhost:54938/Process/Detail/31
2018-11-13 12:22:41,016 [6] INFO  log4netlogger - GET http://localhost:54938/Process/ImportProcesses?processIdes=32,
2018-11-13 12:22:56,141 [16] INFO  log4netlogger - GET http://localhost:54938/Process/ImportProcesses?processIdes=25,31,32,2,3,4,47,44,40,1,33,34,35,27,39,48,45,46
2018-11-13 12:23:41,310 [19] INFO  log4netlogger - GET http://localhost:54938/Process?copPageNo=2&pageSize=10
 ----------------------footer--------------------------  ----------------------header-------------------------- 2018-11-13 12:27:39,588 [17] INFO  log4netlogger - GET http://localhost:54938/Process?copPageNo=2&pageSize=10
2018-11-13 12:27:45,315 [6] INFO  log4netlogger - GET http://localhost:54938/favicon.ico
2018-11-13 12:27:50,094 [28] INFO  log4netlogger - GET http://localhost:54938/Process?copPageNo=1&pageSize=10
 ----------------------footer--------------------------  ----------------------header-------------------------- 2018-11-13 12:28:56,672 [7] INFO  log4netlogger - GET http://localhost:54938/Process?copPageNo=1&pageSize=10
2018-11-13 12:29:10,526 [17] INFO  log4netlogger - GET http://localhost:54938/Process/ImportProcesses?processIdes=33,34,35,27,39,48,45,46
2018-11-13 12:29:58,387 [29] INFO  log4netlogger - GET http://localhost:54938/User
 ----------------------footer--------------------------  ----------------------header-------------------------- 2018-11-13 12:35:13,438 [36] INFO  log4netlogger - GET http://localhost:54938/User
2018-11-13 12:35:18,402 [20] INFO  log4netlogger - GET http://localhost:54938/favicon.ico
2018-11-13 12:35:37,709 [34] INFO  log4netlogger - GET http://localhost:54938/User/ImportUserExcel?userIdes=admin,
 ----------------------footer--------------------------  ----------------------header-------------------------- 2018-11-13 12:38:16,081 [35] INFO  log4netlogger - GET http://localhost:54938/User
2018-11-13 12:38:21,053 [34] INFO  log4netlogger - GET http://localhost:54938/favicon.ico
2018-11-13 12:38:24,107 [36] INFO  log4netlogger - GET http://localhost:54938/User/ImportUserExcel?userIdes=admin,
2018-11-13 12:38:24,175 [36] ERROR log4netlogger -    在 WCAPP.Controllers.UserController.GetDataTableForPercents(String[] areaid) 位置 D:\liyang\wcapp\WCAPP\Controllers\UserController.cs:行号 555
 ----------------------footer--------------------------  ----------------------header-------------------------- 2018-11-13 12:40:58,201 [32] INFO  log4netlogger - GET http://localhost:54938/User
2018-11-13 12:41:04,089 [40] INFO  log4netlogger - GET http://localhost:54938/favicon.ico
2018-11-13 12:41:06,485 [36] INFO  log4netlogger - GET http://localhost:54938/User/ImportUserExcel?userIdes=cj,
2018-11-13 12:41:06,560 [36] ERROR log4netlogger -    在 System.Linq.Enumerable.ToList[TSource](IEnumerable`1 source)
   在 WCAPP.Controllers.UserController.GetDataTableForPercents(String[] areaid) 位置 D:\liyang\wcapp\WCAPP\Controllers\UserController.cs:行号 555
 ----------------------footer--------------------------  ----------------------header-------------------------- 2018-11-13 12:44:36,893 [16] INFO  log4netlogger - GET http://localhost:54938/User
2018-11-13 12:44:42,013 [30] INFO  log4netlogger - GET http://localhost:54938/favicon.ico
2018-11-13 12:45:39,167 [16] INFO  log4netlogger - GET http://localhost:54938/User/ImportUserExcel?userIdes=admin,
2018-11-13 12:45:39,231 [16] ERROR log4netlogger -    在 System.Linq.Enumerable.ToList[TSource](IEnumerable`1 source)
   在 WCAPP.Controllers.UserController.GetDataTableForPercents(String[] areaid) 位置 D:\liyang\wcapp\WCAPP\Controllers\UserController.cs:行号 555
 ----------------------footer--------------------------  ----------------------header-------------------------- 2018-11-13 12:46:20,622 [7] INFO  log4netlogger - GET http://localhost:54938/
2018-11-13 12:46:53,427 [7] INFO  log4netlogger - POST http://localhost:54938/
2018-11-13 12:46:56,584 [9] INFO  log4netlogger - GET http://localhost:54938/Process
2018-11-13 12:47:07,203 [10] INFO  log4netlogger - GET http://localhost:54938/User
2018-11-13 12:47:09,585 [7] INFO  log4netlogger - GET http://localhost:54938/User/ImportUserExcel?userIdes=admin,
2018-11-13 12:47:09,731 [7] ERROR log4netlogger -    在 System.Linq.Enumerable.ToList[TSource](IEnumerable`1 source)
   在 WCAPP.Controllers.UserController.GetDataTableForPercents(String[] areaid) 位置 D:\liyang\wcapp\WCAPP\Controllers\UserController.cs:行号 555
2018-11-13 12:47:20,387 [14] INFO  log4netlogger - GET http://localhost:54938/User/ImportUserExcel?userIdes=admin,
 ----------------------header-------------------------- 2018-11-13 12:49:12,589 [7] INFO  log4netlogger - GET http://localhost:54938/User/Modify
2018-11-13 12:49:13,095 [8] INFO  log4netlogger - GET http://localhost:54938/User
2018-11-13 12:51:01,696 [8] INFO  log4netlogger - GET http://localhost:54938/
2018-11-13 12:51:01,725 [6] INFO  log4netlogger - GET http://localhost:54938/Process
2018-11-13 12:51:05,946 [9] INFO  log4netlogger - GET http://localhost:54938/User
2018-11-13 12:51:08,006 [10] INFO  log4netlogger - GET http://localhost:54938/User/Modify?userId=admin&pageNo=1
2018-11-13 12:51:11,980 [13] INFO  log4netlogger - POST http://localhost:54938/User/Modify
2018-11-13 12:51:12,376 [14] INFO  log4netlogger - GET http://localhost:54938/User/Index/1
2018-11-13 12:51:19,661 [6] INFO  log4netlogger - GET http://localhost:54938/User/ImportUserExcel?userIdes=admin,
2018-11-13 12:51:41,194 [10] INFO  log4netlogger - GET http://localhost:54938/User/ImportUserExcel?userIdes=admin,cj,cjsh,infodba,sh,test1,wjq,yd
 ----------------------footer--------------------------  ----------------------header-------------------------- 2018-11-13 12:55:23,166 [16] INFO  log4netlogger - GET http://localhost:54938/User/Index/1
2018-11-13 12:55:28,522 [10] INFO  log4netlogger - GET http://localhost:54938/favicon.ico
2018-11-13 12:55:56,391 [8] INFO  log4netlogger - GET http://localhost:54938/User/ImportUserExcel?userIdes=admin,
2018-11-13 12:56:07,315 [23] INFO  log4netlogger - GET http://localhost:54938/User/ImportUserExcel?userIdes=admin,cj,cjsh,infodba,sh,test1,wjq,yd
 ----------------------header-------------------------- 2018-11-13 13:47:15,598 [6] INFO  log4netlogger - GET http://localhost:54938/
2018-11-13 13:48:36,312 [8] INFO  log4netlogger - POST http://localhost:54938/
2018-11-13 13:48:39,152 [7] INFO  log4netlogger - GET http://localhost:54938/Process
2018-11-13 13:48:43,723 [6] INFO  log4netlogger - GET http://localhost:54938/User
2018-11-13 13:48:48,768 [7] INFO  log4netlogger - GET http://localhost:54938/User/ImportUserExcel?userIdes=admin,
2018-11-13 13:49:27,993 [7] INFO  log4netlogger - POST http://localhost:54938/User/SuccessExcel
 ----------------------header-------------------------- 2018-11-13 13:49:58,951 [6] INFO  log4netlogger - GET http://localhost:54938/
2018-11-13 13:50:08,962 [9] INFO  log4netlogger - POST http://localhost:54938/
2018-11-13 13:50:12,049 [7] INFO  log4netlogger - GET http://localhost:54938/Process
2018-11-13 13:50:16,142 [6] INFO  log4netlogger - GET http://localhost:54938/User
2018-11-13 13:50:23,387 [7] INFO  log4netlogger - POST http://localhost:54938/User/SuccessExcel
2018-11-13 13:50:45,720 [7] ERROR log4netlogger -    在 WCAPP.Libs.UserExcel.Import(String path) 位置 D:\liyang\wcapp\WCAPP\Libs\UserExcel.cs:行号 78
   在 WCAPP.Controllers.UserController.SuccessExcel(HttpPostedFileBase file) 位置 D:\liyang\wcapp\WCAPP\Controllers\UserController.cs:行号 343
 ----------------------header-------------------------- 2018-11-13 13:52:50,630 [6] INFO  log4netlogger - GET http://localhost:54938/
2018-11-13 13:54:23,412 [13] INFO  log4netlogger - POST http://localhost:54938/
2018-11-13 13:54:26,151 [11] INFO  log4netlogger - GET http://localhost:54938/Process
2018-11-13 13:54:32,898 [12] INFO  log4netlogger - GET http://localhost:54938/User
2018-11-13 13:54:43,304 [6] INFO  log4netlogger - POST http://localhost:54938/User/SuccessExcel
2018-11-13 13:54:43,424 [6] ERROR log4netlogger -    在 WCAPP.Libs.UserExcel.Import(String path) 位置 D:\liyang\wcapp\WCAPP\Libs\UserExcel.cs:行号 78
   在 WCAPP.Controllers.UserController.SuccessExcel(HttpPostedFileBase file) 位置 D:\liyang\wcapp\WCAPP\Controllers\UserController.cs:行号 343
2018-11-13 13:58:25,870 [25] INFO  log4netlogger - GET http://localhost:54938/Process
2018-11-13 13:58:37,893 [13] INFO  log4netlogger - GET http://localhost:54938/Process/ReviseIndex?pageSize=10
2018-11-13 13:58:38,972 [11] INFO  log4netlogger - GET http://localhost:54938/Process?pageSize=10
2018-11-13 13:58:42,813 [21] INFO  log4netlogger - GET http://localhost:54938/User
2018-11-13 16:05:57,690 [81] INFO  log4netlogger - POST http://localhost:54938/User/SuccessExcel
2018-11-13 16:05:57,727 [65] INFO  log4netlogger - GET http://localhost:54938/
2018-11-13 16:06:00,267 [64] INFO  log4netlogger - GET http://localhost:54938/User
2018-11-13 16:06:00,273 [104] INFO  log4netlogger - GET http://localhost:54938/
2018-11-13 16:06:05,161 [78] INFO  log4netlogger - POST http://localhost:54938/
2018-11-13 16:06:05,363 [81] INFO  log4netlogger - GET http://localhost:54938/Process
2018-11-13 16:07:55,062 [60] INFO  log4netlogger - GET http://localhost:54938/User
2018-11-13 16:08:06,801 [64] INFO  log4netlogger - POST http://localhost:54938/User/SuccessExcel
2018-11-13 16:08:06,877 [64] ERROR log4netlogger -    在 WCAPP.Libs.UserExcel.Import(String path) 位置 D:\liyang\wcapp\WCAPP\Libs\UserExcel.cs:行号 78
   在 WCAPP.Controllers.UserController.SuccessExcel(HttpPostedFileBase file) 位置 D:\liyang\wcapp\WCAPP\Controllers\UserController.cs:行号 343
 ----------------------header-------------------------- 2018-11-13 16:08:28,200 [6] INFO  log4netlogger - GET http://localhost:54938/
2018-11-13 16:08:39,277 [7] INFO  log4netlogger - POST http://localhost:54938/
2018-11-13 16:08:42,470 [8] INFO  log4netlogger - GET http://localhost:54938/Process
2018-11-13 16:08:46,697 [6] INFO  log4netlogger - GET http://localhost:54938/User
2018-11-13 16:08:58,637 [8] INFO  log4netlogger - POST http://localhost:54938/User/SuccessExcel
2018-11-13 16:10:17,423 [8] ERROR log4netlogger -    在 WCAPP.Libs.UserExcel.Import(String path) 位置 D:\liyang\wcapp\WCAPP\Libs\UserExcel.cs:行号 78
   在 WCAPP.Controllers.UserController.SuccessExcel(HttpPostedFileBase file) 位置 D:\liyang\wcapp\WCAPP\Controllers\UserController.cs:行号 343
2018-11-13 16:11:00,642 [7] INFO  log4netlogger - POST http://localhost:54938/User/SuccessExcel
2018-11-13 16:27:02,896 [8] ERROR log4netlogger -    在 WCAPP.Libs.UserExcel.Import(String path) 位置 D:\liyang\wcapp\WCAPP\Libs\UserExcel.cs:行号 78
   在 WCAPP.Controllers.UserController.SuccessExcel(HttpPostedFileBase file) 位置 D:\liyang\wcapp\WCAPP\Controllers\UserController.cs:行号 343
 ----------------------header-------------------------- 2018-11-13 16:45:37,227 [6] INFO  log4netlogger - GET http://localhost:54938/
2018-11-13 16:45:44,281 [6] INFO  log4netlogger - POST http://localhost:54938/
2018-11-13 16:45:47,612 [8] INFO  log4netlogger - GET http://localhost:54938/Process
2018-11-13 16:45:58,689 [6] INFO  log4netlogger - GET http://localhost:54938/Sync
2018-11-13 16:46:07,999 [8] INFO  log4netlogger - POST http://localhost:54938/Sync/ImportExcel
2018-11-13 16:46:44,704 [9] ERROR log4netlogger -    在 System.Data.DataRow.GetDataColumn(String columnName)
   在 System.Data.DataRow.get_Item(String columnName)
   在 WCAPP.Libs.WcappExcel.Import(String path) 位置 D:\liyang\wcapp\WCAPP\Libs\WcappExcel.cs:行号 73
2018-11-13 16:46:44,765 [9] ERROR log4netlogger -    在 WCAPP.Libs.WcappExcel.Import(String path) 位置 D:\liyang\wcapp\WCAPP\Libs\WcappExcel.cs:行号 191
   在 WCAPP.Controllers.SyncController.ImportExcel(HttpPostedFileBase file) 位置 D:\liyang\wcapp\WCAPP\Controllers\SyncController.cs:行号 118
 ----------------------header-------------------------- 2018-11-13 16:48:10,098 [6] INFO  log4netlogger - GET http://localhost:54938/
2018-11-13 16:48:22,064 [6] INFO  log4netlogger - POST http://localhost:54938/
2018-11-13 16:48:25,432 [8] INFO  log4netlogger - GET http://localhost:54938/Process
2018-11-13 16:48:38,040 [7] INFO  log4netlogger - GET http://localhost:54938/Sync
2018-11-13 16:48:53,471 [9] INFO  log4netlogger - POST http://localhost:54938/Sync/ImportExcel
2018-11-13 16:49:37,531 [9] ERROR log4netlogger -    在 System.Data.DataRow.GetDataColumn(String columnName)
   在 System.Data.DataRow.get_Item(String columnName)
   在 WCAPP.Libs.WcappExcel.Import(String path) 位置 D:\liyang\wcapp\WCAPP\Libs\WcappExcel.cs:行号 73
2018-11-13 16:49:37,609 [9] ERROR log4netlogger -    在 WCAPP.Libs.WcappExcel.Import(String path) 位置 D:\liyang\wcapp\WCAPP\Libs\WcappExcel.cs:行号 191
   在 WCAPP.Controllers.SyncController.ImportExcel(HttpPostedFileBase file) 位置 D:\liyang\wcapp\WCAPP\Controllers\SyncController.cs:行号 118
 ----------------------header-------------------------- 2018-11-13 16:50:10,581 [6] INFO  log4netlogger - GET http://localhost:54938/
2018-11-13 16:50:20,103 [7] INFO  log4netlogger - POST http://localhost:54938/
2018-11-13 16:50:23,082 [12] INFO  log4netlogger - GET http://localhost:54938/Process
2018-11-13 16:50:30,035 [10] INFO  log4netlogger - GET http://localhost:54938/Sync
2018-11-13 16:50:43,834 [12] INFO  log4netlogger - POST http://localhost:54938/Sync/ImportExcel
2018-11-13 16:50:43,919 [12] ERROR log4netlogger -    在 System.Data.DataRow.GetDataColumn(String columnName)
   在 System.Data.DataRow.get_Item(String columnName)
   在 WCAPP.Libs.WcappExcel.Import(String path) 位置 D:\liyang\wcapp\WCAPP\Libs\WcappExcel.cs:行号 73
2018-11-13 16:50:43,963 [12] ERROR log4netlogger -    在 WCAPP.Libs.WcappExcel.Import(String path) 位置 D:\liyang\wcapp\WCAPP\Libs\WcappExcel.cs:行号 191
   在 WCAPP.Controllers.SyncController.ImportExcel(HttpPostedFileBase file) 位置 D:\liyang\wcapp\WCAPP\Controllers\SyncController.cs:行号 118
2018-11-13 16:50:47,773 [7] INFO  log4netlogger - GET http://localhost:54938/User
2018-11-13 16:50:56,639 [9] INFO  log4netlogger - POST http://localhost:54938/User/SuccessExcel
2018-11-13 16:50:56,723 [9] ERROR log4netlogger -    在 WCAPP.Libs.UserExcel.Import(String path) 位置 D:\liyang\wcapp\WCAPP\Libs\UserExcel.cs:行号 78
   在 WCAPP.Controllers.UserController.SuccessExcel(HttpPostedFileBase file) 位置 D:\liyang\wcapp\WCAPP\Controllers\UserController.cs:行号 343
 ----------------------header-------------------------- 2018-11-13 18:24:31,107 [6] INFO  log4netlogger - GET http://localhost:54938/
2018-11-13 18:24:40,246 [6] INFO  log4netlogger - POST http://localhost:54938/
2018-11-13 18:24:44,099 [8] INFO  log4netlogger - GET http://localhost:54938/Process
2018-11-13 18:24:50,715 [13] INFO  log4netlogger - GET http://localhost:54938/User
2018-11-13 18:24:57,712 [10] INFO  log4netlogger - POST http://localhost:54938/User/SuccessExcel
2018-11-13 18:24:57,926 [10] ERROR log4netlogger -    在 WCAPP.Libs.UserExcel.Import(String path) 位置 D:\liyang\wcapp\WCAPP\Libs\UserExcel.cs:行号 78
   在 WCAPP.Controllers.UserController.SuccessExcel(HttpPostedFileBase file) 位置 D:\liyang\wcapp\WCAPP\Controllers\UserController.cs:行号 343
2018-11-13 18:25:03,308 [12] INFO  log4netlogger - POST http://localhost:54938/User/SuccessExcel
2018-11-13 18:25:03,399 [12] ERROR log4netlogger -    在 WCAPP.Libs.UserExcel.Import(String path) 位置 D:\liyang\wcapp\WCAPP\Libs\UserExcel.cs:行号 78
   在 WCAPP.Controllers.UserController.SuccessExcel(HttpPostedFileBase file) 位置 D:\liyang\wcapp\WCAPP\Controllers\UserController.cs:行号 343
2018-11-13 18:25:09,501 [8] INFO  log4netlogger - POST http://localhost:54938/User/SuccessExcel
2018-11-13 18:25:09,564 [8] ERROR log4netlogger -    在 WCAPP.Libs.UserExcel.Import(String path) 位置 D:\liyang\wcapp\WCAPP\Libs\UserExcel.cs:行号 78
   在 WCAPP.Controllers.UserController.SuccessExcel(HttpPostedFileBase file) 位置 D:\liyang\wcapp\WCAPP\Controllers\UserController.cs:行号 343
2018-11-13 18:25:16,408 [7] INFO  log4netlogger - GET http://localhost:54938/Process
2018-11-13 18:25:17,488 [17] INFO  log4netlogger - GET http://localhost:54938/Process/ReviseIndex?pageSize=10
2018-11-13 18:25:18,358 [10] INFO  log4netlogger - GET http://localhost:54938/Sync
2018-11-13 18:25:24,805 [10] INFO  log4netlogger - POST http://localhost:54938/Sync/ImportExcel
2018-11-13 18:25:24,882 [17] ERROR log4netlogger -    在 System.Data.DataRow.GetDataColumn(String columnName)
   在 System.Data.DataRow.get_Item(String columnName)
   在 WCAPP.Libs.WcappExcel.Import(String path) 位置 D:\liyang\wcapp\WCAPP\Libs\WcappExcel.cs:行号 73
2018-11-13 18:25:24,917 [17] ERROR log4netlogger -    在 WCAPP.Libs.WcappExcel.Import(String path) 位置 D:\liyang\wcapp\WCAPP\Libs\WcappExcel.cs:行号 191
   在 WCAPP.Controllers.SyncController.ImportExcel(HttpPostedFileBase file) 位置 D:\liyang\wcapp\WCAPP\Controllers\SyncController.cs:行号 118
 ----------------------header-------------------------- 2018-11-13 19:24:44,683 [6] INFO  log4netlogger - GET http://localhost:54938/
2018-11-13 19:24:51,564 [7] INFO  log4netlogger - POST http://localhost:54938/
2018-11-13 19:24:54,150 [7] INFO  log4netlogger - GET http://localhost:54938/Process
2018-11-13 19:25:01,357 [7] INFO  log4netlogger - GET http://localhost:54938/User
2018-11-13 19:25:05,314 [11] INFO  log4netlogger - GET http://localhost:54938/Sync
2018-11-13 19:25:13,403 [12] INFO  log4netlogger - POST http://localhost:54938/Sync/ImportExcel
2018-11-13 19:25:13,498 [12] ERROR log4netlogger -    在 WCAPP.Utils.Common.GetDbEnum[T](Object cell) 位置 D:\liyang\wcapp\WCAPP\Utils\Common.cs:行号 231
   在 WCAPP.Libs.WcappExcel.Import(String path) 位置 D:\liyang\wcapp\WCAPP\Libs\WcappExcel.cs:行号 119
2018-11-13 19:25:13,541 [12] ERROR log4netlogger -    在 WCAPP.Libs.WcappExcel.Import(String path) 位置 D:\liyang\wcapp\WCAPP\Libs\WcappExcel.cs:行号 191
   在 WCAPP.Controllers.SyncController.ImportExcel(HttpPostedFileBase file) 位置 D:\liyang\wcapp\WCAPP\Controllers\SyncController.cs:行号 118
2018-11-13 19:27:05,653 [9] INFO  log4netlogger - GET http://localhost:54938/User
2018-11-13 19:27:19,950 [6] INFO  log4netlogger - POST http://localhost:54938/User/SuccessExcel
2018-11-13 19:27:22,772 [7] INFO  log4netlogger - GET http://localhost:54938/User
2018-11-13 19:27:38,486 [9] INFO  log4netlogger - GET http://localhost:54938/User
2018-11-13 19:27:38,996 [10] INFO  log4netlogger - GET http://localhost:54938/User
2018-11-13 19:27:39,497 [6] INFO  log4netlogger - GET http://localhost:54938/User
2018-11-13 19:42:39,368 [14] INFO  log4netlogger - GET http://localhost:54938/Sync
2018-11-13 19:42:48,511 [32] INFO  log4netlogger - POST http://localhost:54938/Sync/ImportExcel
2018-11-13 19:42:48,544 [32] ERROR log4netlogger -    在 WCAPP.Utils.Common.GetDbEnum[T](Object cell) 位置 D:\liyang\wcapp\WCAPP\Utils\Common.cs:行号 231
   在 WCAPP.Libs.WcappExcel.Import(String path) 位置 D:\liyang\wcapp\WCAPP\Libs\WcappExcel.cs:行号 119
2018-11-13 19:42:48,578 [32] ERROR log4netlogger -    在 WCAPP.Libs.WcappExcel.Import(String path) 位置 D:\liyang\wcapp\WCAPP\Libs\WcappExcel.cs:行号 191
   在 WCAPP.Controllers.SyncController.ImportExcel(HttpPostedFileBase file) 位置 D:\liyang\wcapp\WCAPP\Controllers\SyncController.cs:行号 118
2018-11-13 19:43:53,850 [21] INFO  log4netlogger - POST http://localhost:54938/Sync/ImportExcel
2018-11-13 19:43:53,879 [21] ERROR log4netlogger -    在 System.Data.DataRow.GetDataColumn(String columnName)
   在 System.Data.DataRow.get_Item(String columnName)
   在 WCAPP.Libs.WcappExcel.Import(String path) 位置 D:\liyang\wcapp\WCAPP\Libs\WcappExcel.cs:行号 73
2018-11-13 19:43:53,912 [21] ERROR log4netlogger -    在 WCAPP.Libs.WcappExcel.Import(String path) 位置 D:\liyang\wcapp\WCAPP\Libs\WcappExcel.cs:行号 191
   在 WCAPP.Controllers.SyncController.ImportExcel(HttpPostedFileBase file) 位置 D:\liyang\wcapp\WCAPP\Controllers\SyncController.cs:行号 118
2018-11-13 19:44:03,818 [34] INFO  log4netlogger - POST http://localhost:54938/Sync/ImportExcel
2018-11-13 19:44:03,879 [34] ERROR log4netlogger -    在 WCAPP.Utils.Common.GetDbEnum[T](Object cell) 位置 D:\liyang\wcapp\WCAPP\Utils\Common.cs:行号 231
   在 WCAPP.Libs.WcappExcel.Import(String path) 位置 D:\liyang\wcapp\WCAPP\Libs\WcappExcel.cs:行号 119
2018-11-13 19:44:03,913 [34] ERROR log4netlogger -    在 WCAPP.Libs.WcappExcel.Import(String path) 位置 D:\liyang\wcapp\WCAPP\Libs\WcappExcel.cs:行号 191
   在 WCAPP.Controllers.SyncController.ImportExcel(HttpPostedFileBase file) 位置 D:\liyang\wcapp\WCAPP\Controllers\SyncController.cs:行号 118
2018-11-13 19:44:39,214 [7] INFO  log4netlogger - POST http://localhost:54938/Sync/ImportExcel
2018-11-13 19:44:39,251 [7] ERROR log4netlogger -    在 WCAPP.Utils.Common.GetDbEnum[T](Object cell) 位置 D:\liyang\wcapp\WCAPP\Utils\Common.cs:行号 231
   在 WCAPP.Libs.WcappExcel.Import(String path) 位置 D:\liyang\wcapp\WCAPP\Libs\WcappExcel.cs:行号 119
2018-11-13 19:44:39,283 [7] ERROR log4netlogger -    在 WCAPP.Libs.WcappExcel.Import(String path) 位置 D:\liyang\wcapp\WCAPP\Libs\WcappExcel.cs:行号 191
   在 WCAPP.Controllers.SyncController.ImportExcel(HttpPostedFileBase file) 位置 D:\liyang\wcapp\WCAPP\Controllers\SyncController.cs:行号 118
2018-11-13 19:44:59,654 [35] INFO  log4netlogger - POST http://localhost:54938/Sync/ImportExcel
2018-11-13 19:44:59,693 [35] ERROR log4netlogger -    在 WCAPP.Utils.Common.GetDbEnum[T](Object cell) 位置 D:\liyang\wcapp\WCAPP\Utils\Common.cs:行号 231
   在 WCAPP.Libs.WcappExcel.Import(String path) 位置 D:\liyang\wcapp\WCAPP\Libs\WcappExcel.cs:行号 119
2018-11-13 19:44:59,729 [35] ERROR log4netlogger -    在 WCAPP.Libs.WcappExcel.Import(String path) 位置 D:\liyang\wcapp\WCAPP\Libs\WcappExcel.cs:行号 191
   在 WCAPP.Controllers.SyncController.ImportExcel(HttpPostedFileBase file) 位置 D:\liyang\wcapp\WCAPP\Controllers\SyncController.cs:行号 118
2018-11-13 19:45:33,520 [37] INFO  log4netlogger - POST http://localhost:54938/Sync/ImportExcel
2018-11-13 19:45:33,556 [37] ERROR log4netlogger -    在 WCAPP.Utils.Common.GetDbEnum[T](Object cell) 位置 D:\liyang\wcapp\WCAPP\Utils\Common.cs:行号 231
   在 WCAPP.Libs.WcappExcel.Import(String path) 位置 D:\liyang\wcapp\WCAPP\Libs\WcappExcel.cs:行号 119
2018-11-13 19:45:33,588 [37] ERROR log4netlogger -    在 WCAPP.Libs.WcappExcel.Import(String path) 位置 D:\liyang\wcapp\WCAPP\Libs\WcappExcel.cs:行号 191
   在 WCAPP.Controllers.SyncController.ImportExcel(HttpPostedFileBase file) 位置 D:\liyang\wcapp\WCAPP\Controllers\SyncController.cs:行号 118
2018-11-13 19:45:57,136 [38] INFO  log4netlogger - POST http://localhost:54938/Sync/ImportExcel
2018-11-13 19:45:57,172 [38] ERROR log4netlogger -    在 WCAPP.Utils.Common.GetDbEnum[T](Object cell) 位置 D:\liyang\wcapp\WCAPP\Utils\Common.cs:行号 231
   在 WCAPP.Libs.WcappExcel.Import(String path) 位置 D:\liyang\wcapp\WCAPP\Libs\WcappExcel.cs:行号 119
2018-11-13 19:45:57,207 [38] ERROR log4netlogger -    在 WCAPP.Libs.WcappExcel.Import(String path) 位置 D:\liyang\wcapp\WCAPP\Libs\WcappExcel.cs:行号 191
   在 WCAPP.Controllers.SyncController.ImportExcel(HttpPostedFileBase file) 位置 D:\liyang\wcapp\WCAPP\Controllers\SyncController.cs:行号 118
2018-11-13 19:46:39,641 [44] INFO  log4netlogger - POST http://localhost:54938/Sync/ImportExcel
2018-11-13 19:46:39,678 [44] ERROR log4netlogger -    在 WCAPP.Utils.Common.GetDbEnum[T](Object cell) 位置 D:\liyang\wcapp\WCAPP\Utils\Common.cs:行号 231
   在 WCAPP.Libs.WcappExcel.Import(String path) 位置 D:\liyang\wcapp\WCAPP\Libs\WcappExcel.cs:行号 119
2018-11-13 19:46:39,712 [44] ERROR log4netlogger -    在 WCAPP.Libs.WcappExcel.Import(String path) 位置 D:\liyang\wcapp\WCAPP\Libs\WcappExcel.cs:行号 191
   在 WCAPP.Controllers.SyncController.ImportExcel(HttpPostedFileBase file) 位置 D:\liyang\wcapp\WCAPP\Controllers\SyncController.cs:行号 118
2018-11-13 19:47:36,292 [35] INFO  log4netlogger - POST http://localhost:54938/Sync/ImportExcel
2018-11-13 19:47:36,333 [35] ERROR log4netlogger -    在 WCAPP.Utils.Common.GetDbEnum[T](Object cell) 位置 D:\liyang\wcapp\WCAPP\Utils\Common.cs:行号 231
   在 WCAPP.Libs.WcappExcel.Import(String path) 位置 D:\liyang\wcapp\WCAPP\Libs\WcappExcel.cs:行号 119
2018-11-13 19:47:36,367 [35] ERROR log4netlogger -    在 WCAPP.Libs.WcappExcel.Import(String path) 位置 D:\liyang\wcapp\WCAPP\Libs\WcappExcel.cs:行号 191
   在 WCAPP.Controllers.SyncController.ImportExcel(HttpPostedFileBase file) 位置 D:\liyang\wcapp\WCAPP\Controllers\SyncController.cs:行号 118
2018-11-13 19:48:02,549 [39] INFO  log4netlogger - POST http://localhost:54938/Sync/ImportExcel
2018-11-13 19:48:02,586 [39] ERROR log4netlogger -    在 WCAPP.Utils.Common.GetDbEnum[T](Object cell) 位置 D:\liyang\wcapp\WCAPP\Utils\Common.cs:行号 231
   在 WCAPP.Libs.WcappExcel.Import(String path) 位置 D:\liyang\wcapp\WCAPP\Libs\WcappExcel.cs:行号 119
2018-11-13 19:48:02,619 [39] ERROR log4netlogger -    在 WCAPP.Libs.WcappExcel.Import(String path) 位置 D:\liyang\wcapp\WCAPP\Libs\WcappExcel.cs:行号 191
   在 WCAPP.Controllers.SyncController.ImportExcel(HttpPostedFileBase file) 位置 D:\liyang\wcapp\WCAPP\Controllers\SyncController.cs:行号 118
2018-11-13 19:48:41,914 [35] INFO  log4netlogger - POST http://localhost:54938/Sync/ImportExcel
2018-11-13 19:48:41,951 [36] ERROR log4netlogger -    在 WCAPP.Utils.Common.GetDbEnum[T](Object cell) 位置 D:\liyang\wcapp\WCAPP\Utils\Common.cs:行号 231
   在 WCAPP.Libs.WcappExcel.Import(String path) 位置 D:\liyang\wcapp\WCAPP\Libs\WcappExcel.cs:行号 119
2018-11-13 19:48:41,984 [36] ERROR log4netlogger -    在 WCAPP.Libs.WcappExcel.Import(String path) 位置 D:\liyang\wcapp\WCAPP\Libs\WcappExcel.cs:行号 191
   在 WCAPP.Controllers.SyncController.ImportExcel(HttpPostedFileBase file) 位置 D:\liyang\wcapp\WCAPP\Controllers\SyncController.cs:行号 118
2018-11-13 19:49:29,044 [43] INFO  log4netlogger - POST http://localhost:54938/Sync/ImportExcel
2018-11-13 19:49:29,070 [43] ERROR log4netlogger -    在 System.Data.DataRow.GetDataColumn(String columnName)
   在 System.Data.DataRow.get_Item(String columnName)
   在 WCAPP.Libs.WcappExcel.Import(String path) 位置 D:\liyang\wcapp\WCAPP\Libs\WcappExcel.cs:行号 142
2018-11-13 19:49:29,103 [43] ERROR log4netlogger -    在 WCAPP.Libs.WcappExcel.Import(String path) 位置 D:\liyang\wcapp\WCAPP\Libs\WcappExcel.cs:行号 191
   在 WCAPP.Controllers.SyncController.ImportExcel(HttpPostedFileBase file) 位置 D:\liyang\wcapp\WCAPP\Controllers\SyncController.cs:行号 118
2018-11-13 19:50:08,817 [41] INFO  log4netlogger - POST http://localhost:54938/Sync/ImportExcel
2018-11-13 19:50:11,714 [47] INFO  log4netlogger - GET http://localhost:54938/Sync
