 ----------------------header-------------------------- 2018-11-07 09:27:37,923 [9] INFO  log4netlogger - GET http://localhost:54938/
2018-11-07 09:27:44,586 [9] INFO  log4netlogger - POST http://localhost:54938/
2018-11-07 09:27:47,251 [12] INFO  log4netlogger - GET http://localhost:54938/Process
2018-11-07 09:27:51,873 [10] INFO  log4netlogger - GET http://localhost:54938/Process/ImportProcesses?processIdes=25,31,32,2,3,4,41,44,40,1
 ----------------------header-------------------------- 2018-11-07 14:17:50,650 [6] INFO  log4netlogger - GET http://localhost:54938/
2018-11-07 14:18:33,636 [13] INFO  log4netlogger - POST http://localhost:54938/
2018-11-07 14:18:36,138 [11] INFO  log4netlogger - GET http://localhost:54938/Process
2018-11-07 14:18:38,496 [7] INFO  log4netlogger - GET http://localhost:54938/Content/process.css
2018-11-07 14:18:44,251 [9] INFO  log4netlogger - GET http://localhost:54938/Process?copPageNo=1&searchType=partno&search=1
2018-11-07 14:18:54,211 [13] INFO  log4netlogger - GET http://localhost:54938/Process?copPageNo=1&searchType=partno&search=113B-2J-1321232
2018-11-07 14:19:04,065 [14] INFO  log4netlogger - GET http://localhost:54938/Process?crtPageNo=1&searchType=author&search=
2018-11-07 14:19:10,305 [11] INFO  log4netlogger - GET http://localhost:54938/Process?crtPageNo=1&searchType=partno&search=312312
2018-11-07 14:19:15,273 [6] INFO  log4netlogger - GET http://localhost:54938/Process?crtPageNo=1&searchType=partno&search=31231
2018-11-07 14:19:23,349 [10] INFO  log4netlogger - GET http://localhost:54938/Process?crtPageNo=1&searchType=partno&search=12312
2018-11-07 14:29:18,629 [20] INFO  log4netlogger - GET http://localhost:54938/
2018-11-07 14:29:18,657 [32] INFO  log4netlogger - GET http://localhost:54938/Process
2018-11-07 14:29:29,401 [28] INFO  log4netlogger - GET http://localhost:54938/Sync
2018-11-07 14:29:38,300 [28] INFO  log4netlogger - POST http://localhost:54938/Sync/ImportExcel
2018-11-07 14:29:38,822 [28] ERROR log4netlogger -    在 System.Data.Odbc.OdbcConnection.HandleError(OdbcHandle hrHandle, RetCode retcode)
   在 System.Data.Odbc.OdbcConnectionHandle..ctor(OdbcConnection connection, OdbcConnectionString constr, OdbcEnvironmentHandle environmentHandle)
   在 System.Data.Odbc.OdbcConnectionOpen..ctor(OdbcConnection outerConnection, OdbcConnectionString connectionOptions)
   在 System.Data.Odbc.OdbcConnectionFactory.CreateConnection(DbConnectionOptions options, DbConnectionPoolKey poolKey, Object poolGroupProviderInfo, DbConnectionPool pool, DbConnection owningObject)
   在 System.Data.ProviderBase.DbConnectionFactory.CreateConnection(DbConnectionOptions options, DbConnectionPoolKey poolKey, Object poolGroupProviderInfo, DbConnectionPool pool, DbConnection owningConnection, DbConnectionOptions userOptions)
   在 System.Data.ProviderBase.DbConnectionFactory.CreateNonPooledConnection(DbConnection owningConnection, DbConnectionPoolGroup poolGroup, DbConnectionOptions userOptions)
   在 System.Data.ProviderBase.DbConnectionFactory.TryGetConnection(DbConnection owningConnection, TaskCompletionSource`1 retry, DbConnectionOptions userOptions, DbConnectionInternal oldConnection, DbConnectionInternal& connection)
   在 System.Data.ProviderBase.DbConnectionInternal.TryOpenConnectionInternal(DbConnection outerConnection, DbConnectionFactory connectionFactory, TaskCompletionSource`1 retry, DbConnectionOptions userOptions)
   在 System.Data.ProviderBase.DbConnectionClosed.TryOpenConnection(DbConnection outerConnection, DbConnectionFactory connectionFactory, TaskCompletionSource`1 retry, DbConnectionOptions userOptions)
   在 System.Data.ProviderBase.DbConnectionInternal.OpenConnection(DbConnection outerConnection, DbConnectionFactory connectionFactory)
   在 System.Data.Odbc.OdbcConnection.Open()
   在 WCAPP.Libs.WcappExcel.Import(String path) 位置 D:\liyang\wcapp\WCAPP\Libs\WcappExcel.cs:行号 30
   在 WCAPP.Controllers.SyncController.ImportExcel(HttpPostedFileBase file) 位置 D:\liyang\wcapp\WCAPP\Controllers\SyncController.cs:行号 118
2018-11-07 14:31:45,596 [28] INFO  log4netlogger - GET http://localhost:54938/Sync
2018-11-07 14:31:45,670 [24] INFO  log4netlogger - GET http://localhost:54938/favicon.ico
2018-11-07 14:31:46,518 [17] INFO  log4netlogger - GET http://localhost:54938/Sync
2018-11-07 14:31:46,584 [34] INFO  log4netlogger - GET http://localhost:54938/favicon.ico
2018-11-07 14:31:47,085 [32] INFO  log4netlogger - GET http://localhost:54938/Sync
2018-11-07 14:31:47,162 [28] INFO  log4netlogger - GET http://localhost:54938/favicon.ico
2018-11-07 14:31:47,286 [24] INFO  log4netlogger - GET http://localhost:54938/Sync
2018-11-07 14:31:47,354 [17] INFO  log4netlogger - GET http://localhost:54938/favicon.ico
2018-11-07 14:31:47,449 [37] INFO  log4netlogger - GET http://localhost:54938/Sync
2018-11-07 14:31:47,515 [34] INFO  log4netlogger - GET http://localhost:54938/favicon.ico
2018-11-07 14:31:47,607 [32] INFO  log4netlogger - GET http://localhost:54938/Sync
2018-11-07 14:31:47,674 [38] INFO  log4netlogger - GET http://localhost:54938/favicon.ico
2018-11-07 14:31:47,759 [28] INFO  log4netlogger - GET http://localhost:54938/Sync
2018-11-07 14:31:47,829 [24] INFO  log4netlogger - GET http://localhost:54938/favicon.ico
2018-11-07 14:31:47,901 [29] INFO  log4netlogger - GET http://localhost:54938/Sync
2018-11-07 14:31:47,969 [17] INFO  log4netlogger - GET http://localhost:54938/favicon.ico
2018-11-07 14:31:48,070 [37] INFO  log4netlogger - GET http://localhost:54938/Sync
2018-11-07 14:31:48,133 [34] INFO  log4netlogger - GET http://localhost:54938/favicon.ico
2018-11-07 14:31:48,214 [32] INFO  log4netlogger - GET http://localhost:54938/Sync
2018-11-07 14:31:48,282 [38] INFO  log4netlogger - GET http://localhost:54938/favicon.ico
2018-11-07 14:31:53,270 [17] INFO  log4netlogger - POST http://localhost:54938/Sync/ImportExcel
2018-11-07 14:31:53,276 [17] ERROR log4netlogger -    在 System.Data.Odbc.OdbcConnection.HandleError(OdbcHandle hrHandle, RetCode retcode)
   在 System.Data.Odbc.OdbcConnectionHandle..ctor(OdbcConnection connection, OdbcConnectionString constr, OdbcEnvironmentHandle environmentHandle)
   在 System.Data.Odbc.OdbcConnectionOpen..ctor(OdbcConnection outerConnection, OdbcConnectionString connectionOptions)
   在 System.Data.Odbc.OdbcConnectionFactory.CreateConnection(DbConnectionOptions options, DbConnectionPoolKey poolKey, Object poolGroupProviderInfo, DbConnectionPool pool, DbConnection owningObject)
   在 System.Data.ProviderBase.DbConnectionFactory.CreateConnection(DbConnectionOptions options, DbConnectionPoolKey poolKey, Object poolGroupProviderInfo, DbConnectionPool pool, DbConnection owningConnection, DbConnectionOptions userOptions)
   在 System.Data.ProviderBase.DbConnectionFactory.CreateNonPooledConnection(DbConnection owningConnection, DbConnectionPoolGroup poolGroup, DbConnectionOptions userOptions)
   在 System.Data.ProviderBase.DbConnectionFactory.TryGetConnection(DbConnection owningConnection, TaskCompletionSource`1 retry, DbConnectionOptions userOptions, DbConnectionInternal oldConnection, DbConnectionInternal& connection)
   在 System.Data.ProviderBase.DbConnectionInternal.TryOpenConnectionInternal(DbConnection outerConnection, DbConnectionFactory connectionFactory, TaskCompletionSource`1 retry, DbConnectionOptions userOptions)
   在 System.Data.ProviderBase.DbConnectionClosed.TryOpenConnection(DbConnection outerConnection, DbConnectionFactory connectionFactory, TaskCompletionSource`1 retry, DbConnectionOptions userOptions)
   在 System.Data.ProviderBase.DbConnectionInternal.OpenConnection(DbConnection outerConnection, DbConnectionFactory connectionFactory)
   在 System.Data.Odbc.OdbcConnection.Open()
   在 WCAPP.Libs.WcappExcel.Import(String path) 位置 D:\liyang\wcapp\WCAPP\Libs\WcappExcel.cs:行号 30
   在 WCAPP.Controllers.SyncController.ImportExcel(HttpPostedFileBase file) 位置 D:\liyang\wcapp\WCAPP\Controllers\SyncController.cs:行号 118
2018-11-07 14:31:59,174 [28] INFO  log4netlogger - GET http://localhost:54938/
2018-11-07 14:31:59,207 [24] INFO  log4netlogger - GET http://localhost:54938/Process
2018-11-07 14:32:02,009 [34] INFO  log4netlogger - GET http://localhost:54938/Sync
2018-11-07 14:32:06,815 [41] INFO  log4netlogger - POST http://localhost:54938/Sync/ImportExcel
2018-11-07 14:32:06,818 [41] ERROR log4netlogger -    在 System.Data.Odbc.OdbcConnection.HandleError(OdbcHandle hrHandle, RetCode retcode)
   在 System.Data.Odbc.OdbcConnectionHandle..ctor(OdbcConnection connection, OdbcConnectionString constr, OdbcEnvironmentHandle environmentHandle)
   在 System.Data.Odbc.OdbcConnectionOpen..ctor(OdbcConnection outerConnection, OdbcConnectionString connectionOptions)
   在 System.Data.Odbc.OdbcConnectionFactory.CreateConnection(DbConnectionOptions options, DbConnectionPoolKey poolKey, Object poolGroupProviderInfo, DbConnectionPool pool, DbConnection owningObject)
   在 System.Data.ProviderBase.DbConnectionFactory.CreateConnection(DbConnectionOptions options, DbConnectionPoolKey poolKey, Object poolGroupProviderInfo, DbConnectionPool pool, DbConnection owningConnection, DbConnectionOptions userOptions)
   在 System.Data.ProviderBase.DbConnectionFactory.CreateNonPooledConnection(DbConnection owningConnection, DbConnectionPoolGroup poolGroup, DbConnectionOptions userOptions)
   在 System.Data.ProviderBase.DbConnectionFactory.TryGetConnection(DbConnection owningConnection, TaskCompletionSource`1 retry, DbConnectionOptions userOptions, DbConnectionInternal oldConnection, DbConnectionInternal& connection)
   在 System.Data.ProviderBase.DbConnectionInternal.TryOpenConnectionInternal(DbConnection outerConnection, DbConnectionFactory connectionFactory, TaskCompletionSource`1 retry, DbConnectionOptions userOptions)
   在 System.Data.ProviderBase.DbConnectionClosed.TryOpenConnection(DbConnection outerConnection, DbConnectionFactory connectionFactory, TaskCompletionSource`1 retry, DbConnectionOptions userOptions)
   在 System.Data.ProviderBase.DbConnectionInternal.OpenConnection(DbConnection outerConnection, DbConnectionFactory connectionFactory)
   在 System.Data.Odbc.OdbcConnection.Open()
   在 WCAPP.Libs.WcappExcel.Import(String path) 位置 D:\liyang\wcapp\WCAPP\Libs\WcappExcel.cs:行号 30
   在 WCAPP.Controllers.SyncController.ImportExcel(HttpPostedFileBase file) 位置 D:\liyang\wcapp\WCAPP\Controllers\SyncController.cs:行号 118
2018-11-07 14:32:26,274 [37] INFO  log4netlogger - GET http://localhost:54938/Sync
2018-11-07 14:32:26,347 [24] INFO  log4netlogger - GET http://localhost:54938/favicon.ico
2018-11-07 14:32:29,663 [32] INFO  log4netlogger - GET http://localhost:54938/
2018-11-07 14:32:29,697 [43] INFO  log4netlogger - GET http://localhost:54938/Process
2018-11-07 14:32:31,787 [34] INFO  log4netlogger - GET http://localhost:54938/Sync
2018-11-07 14:32:37,048 [17] INFO  log4netlogger - POST http://localhost:54938/Sync/ImportExcel
2018-11-07 14:32:37,051 [17] ERROR log4netlogger -    在 System.Data.Odbc.OdbcConnection.HandleError(OdbcHandle hrHandle, RetCode retcode)
   在 System.Data.Odbc.OdbcConnectionHandle..ctor(OdbcConnection connection, OdbcConnectionString constr, OdbcEnvironmentHandle environmentHandle)
   在 System.Data.Odbc.OdbcConnectionOpen..ctor(OdbcConnection outerConnection, OdbcConnectionString connectionOptions)
   在 System.Data.Odbc.OdbcConnectionFactory.CreateConnection(DbConnectionOptions options, DbConnectionPoolKey poolKey, Object poolGroupProviderInfo, DbConnectionPool pool, DbConnection owningObject)
   在 System.Data.ProviderBase.DbConnectionFactory.CreateConnection(DbConnectionOptions options, DbConnectionPoolKey poolKey, Object poolGroupProviderInfo, DbConnectionPool pool, DbConnection owningConnection, DbConnectionOptions userOptions)
   在 System.Data.ProviderBase.DbConnectionFactory.CreateNonPooledConnection(DbConnection owningConnection, DbConnectionPoolGroup poolGroup, DbConnectionOptions userOptions)
   在 System.Data.ProviderBase.DbConnectionFactory.TryGetConnection(DbConnection owningConnection, TaskCompletionSource`1 retry, DbConnectionOptions userOptions, DbConnectionInternal oldConnection, DbConnectionInternal& connection)
   在 System.Data.ProviderBase.DbConnectionInternal.TryOpenConnectionInternal(DbConnection outerConnection, DbConnectionFactory connectionFactory, TaskCompletionSource`1 retry, DbConnectionOptions userOptions)
   在 System.Data.ProviderBase.DbConnectionClosed.TryOpenConnection(DbConnection outerConnection, DbConnectionFactory connectionFactory, TaskCompletionSource`1 retry, DbConnectionOptions userOptions)
   在 System.Data.ProviderBase.DbConnectionInternal.OpenConnection(DbConnection outerConnection, DbConnectionFactory connectionFactory)
   在 System.Data.Odbc.OdbcConnection.Open()
   在 WCAPP.Libs.WcappExcel.Import(String path) 位置 D:\liyang\wcapp\WCAPP\Libs\WcappExcel.cs:行号 30
   在 WCAPP.Controllers.SyncController.ImportExcel(HttpPostedFileBase file) 位置 D:\liyang\wcapp\WCAPP\Controllers\SyncController.cs:行号 118
 ----------------------header-------------------------- 2018-11-07 14:35:21,973 [6] INFO  log4netlogger - GET http://localhost:54938/
2018-11-07 14:36:03,578 [6] INFO  log4netlogger - POST http://localhost:54938/
2018-11-07 14:36:05,883 [8] INFO  log4netlogger - GET http://localhost:54938/Process
2018-11-07 14:36:06,611 [7] INFO  log4netlogger - GET http://localhost:54938/Content/process.css
2018-11-07 14:37:59,847 [7] INFO  log4netlogger - GET http://localhost:54938/Sync
2018-11-07 14:38:05,877 [6] INFO  log4netlogger - POST http://localhost:54938/Sync/ImportExcel
2018-11-07 14:38:06,094 [7] ERROR log4netlogger -    在 System.Data.Odbc.OdbcConnection.HandleError(OdbcHandle hrHandle, RetCode retcode)
   在 System.Data.Odbc.OdbcConnectionHandle..ctor(OdbcConnection connection, OdbcConnectionString constr, OdbcEnvironmentHandle environmentHandle)
   在 System.Data.Odbc.OdbcConnectionOpen..ctor(OdbcConnection outerConnection, OdbcConnectionString connectionOptions)
   在 System.Data.Odbc.OdbcConnectionFactory.CreateConnection(DbConnectionOptions options, DbConnectionPoolKey poolKey, Object poolGroupProviderInfo, DbConnectionPool pool, DbConnection owningObject)
   在 System.Data.ProviderBase.DbConnectionFactory.CreateConnection(DbConnectionOptions options, DbConnectionPoolKey poolKey, Object poolGroupProviderInfo, DbConnectionPool pool, DbConnection owningConnection, DbConnectionOptions userOptions)
   在 System.Data.ProviderBase.DbConnectionFactory.CreateNonPooledConnection(DbConnection owningConnection, DbConnectionPoolGroup poolGroup, DbConnectionOptions userOptions)
   在 System.Data.ProviderBase.DbConnectionFactory.TryGetConnection(DbConnection owningConnection, TaskCompletionSource`1 retry, DbConnectionOptions userOptions, DbConnectionInternal oldConnection, DbConnectionInternal& connection)
   在 System.Data.ProviderBase.DbConnectionInternal.TryOpenConnectionInternal(DbConnection outerConnection, DbConnectionFactory connectionFactory, TaskCompletionSource`1 retry, DbConnectionOptions userOptions)
   在 System.Data.ProviderBase.DbConnectionClosed.TryOpenConnection(DbConnection outerConnection, DbConnectionFactory connectionFactory, TaskCompletionSource`1 retry, DbConnectionOptions userOptions)
   在 System.Data.ProviderBase.DbConnectionInternal.OpenConnection(DbConnection outerConnection, DbConnectionFactory connectionFactory)
   在 System.Data.Odbc.OdbcConnection.Open()
   在 WCAPP.Libs.WcappExcel.Import(String path) 位置 D:\liyang\wcapp\WCAPP\Libs\WcappExcel.cs:行号 30
   在 WCAPP.Controllers.SyncController.ImportExcel(HttpPostedFileBase file) 位置 D:\liyang\wcapp\WCAPP\Controllers\SyncController.cs:行号 118
2018-11-07 14:42:12,825 [9] INFO  log4netlogger - POST http://localhost:54938/Sync/ImportExcel
2018-11-07 14:42:12,850 [7] ERROR log4netlogger -    在 System.Data.Odbc.OdbcConnection.HandleError(OdbcHandle hrHandle, RetCode retcode)
   在 System.Data.Odbc.OdbcConnectionHandle..ctor(OdbcConnection connection, OdbcConnectionString constr, OdbcEnvironmentHandle environmentHandle)
   在 System.Data.Odbc.OdbcConnectionOpen..ctor(OdbcConnection outerConnection, OdbcConnectionString connectionOptions)
   在 System.Data.Odbc.OdbcConnectionFactory.CreateConnection(DbConnectionOptions options, DbConnectionPoolKey poolKey, Object poolGroupProviderInfo, DbConnectionPool pool, DbConnection owningObject)
   在 System.Data.ProviderBase.DbConnectionFactory.CreateConnection(DbConnectionOptions options, DbConnectionPoolKey poolKey, Object poolGroupProviderInfo, DbConnectionPool pool, DbConnection owningConnection, DbConnectionOptions userOptions)
   在 System.Data.ProviderBase.DbConnectionFactory.CreateNonPooledConnection(DbConnection owningConnection, DbConnectionPoolGroup poolGroup, DbConnectionOptions userOptions)
   在 System.Data.ProviderBase.DbConnectionFactory.TryGetConnection(DbConnection owningConnection, TaskCompletionSource`1 retry, DbConnectionOptions userOptions, DbConnectionInternal oldConnection, DbConnectionInternal& connection)
   在 System.Data.ProviderBase.DbConnectionInternal.TryOpenConnectionInternal(DbConnection outerConnection, DbConnectionFactory connectionFactory, TaskCompletionSource`1 retry, DbConnectionOptions userOptions)
   在 System.Data.ProviderBase.DbConnectionClosed.TryOpenConnection(DbConnection outerConnection, DbConnectionFactory connectionFactory, TaskCompletionSource`1 retry, DbConnectionOptions userOptions)
   在 System.Data.ProviderBase.DbConnectionInternal.OpenConnection(DbConnection outerConnection, DbConnectionFactory connectionFactory)
   在 System.Data.Odbc.OdbcConnection.Open()
   在 WCAPP.Libs.WcappExcel.Import(String path) 位置 D:\liyang\wcapp\WCAPP\Libs\WcappExcel.cs:行号 30
   在 WCAPP.Controllers.SyncController.ImportExcel(HttpPostedFileBase file) 位置 D:\liyang\wcapp\WCAPP\Controllers\SyncController.cs:行号 118
 ----------------------header-------------------------- 2018-11-07 15:19:18,397 [6] INFO  log4netlogger - GET http://localhost:54938/
2018-11-07 15:19:29,114 [11] INFO  log4netlogger - POST http://localhost:54938/
2018-11-07 15:19:31,099 [13] INFO  log4netlogger - GET http://localhost:54938/Process
2018-11-07 15:19:57,681 [6] INFO  log4netlogger - GET http://localhost:54938/Process/Creating/27
2018-11-07 15:20:01,857 [6] INFO  log4netlogger - GET http://localhost:54938/Procedure/Creating/6
2018-11-07 15:20:05,207 [9] INFO  log4netlogger - GET http://localhost:54938/Process/Creating/27
2018-11-07 15:20:11,094 [7] INFO  log4netlogger - POST http://localhost:54938/Approve/Submit?pid=27
2018-11-07 15:20:11,712 [13] INFO  log4netlogger - GET http://localhost:54938/Home/Empty?http://localhost:54938/Process/Creating/27
2018-11-07 15:20:11,740 [9] INFO  log4netlogger - GET http://localhost:54938/Process/Creating/27
2018-11-07 15:25:07,601 [24] INFO  log4netlogger - GET http://localhost:54938/Process/Creating/27
2018-11-07 15:25:08,433 [10] INFO  log4netlogger - GET http://localhost:54938/favicon.ico
2018-11-07 15:25:12,135 [19] INFO  log4netlogger - GET http://localhost:54938/Process
2018-11-07 15:26:09,849 [6] INFO  log4netlogger - GET http://localhost:54938/Process/Creating/35
2018-11-07 15:26:41,501 [23] INFO  log4netlogger - GET http://localhost:54938/Process/Creating/35
2018-11-07 15:26:42,528 [20] INFO  log4netlogger - GET http://localhost:54938/favicon.ico
 ----------------------header-------------------------- 2018-11-07 15:27:28,939 [8] INFO  log4netlogger - GET http://localhost:54938/
2018-11-07 15:27:35,868 [8] INFO  log4netlogger - POST http://localhost:54938/
2018-11-07 15:27:40,076 [11] INFO  log4netlogger - GET http://localhost:54938/Process
2018-11-07 15:27:48,138 [8] INFO  log4netlogger - GET http://localhost:54938/Process/Creating/35
2018-11-07 15:27:57,944 [8] INFO  log4netlogger - POST http://localhost:54938/Approve/Submit?pid=35
2018-11-07 15:27:58,376 [11] INFO  log4netlogger - GET http://localhost:54938/Home/Empty?http://localhost:54938/Process/Creating/35
2018-11-07 15:27:58,417 [13] INFO  log4netlogger - GET http://localhost:54938/Process/Creating/35
2018-11-07 15:28:00,201 [12] INFO  log4netlogger - GET http://localhost:54938/Process
2018-11-07 15:28:50,919 [10] INFO  log4netlogger - GET http://localhost:54938/Process/ReviseIndex?pageSize=10
2018-11-07 15:28:51,536 [12] INFO  log4netlogger - GET http://localhost:54938/Sync
2018-11-07 15:29:43,983 [10] INFO  log4netlogger - POST http://localhost:54938/Sync/ImportExcel
2018-11-07 15:29:44,101 [10] ERROR log4netlogger -    在 System.Data.Odbc.OdbcConnection.HandleError(OdbcHandle hrHandle, RetCode retcode)
   在 System.Data.Odbc.OdbcConnectionHandle..ctor(OdbcConnection connection, OdbcConnectionString constr, OdbcEnvironmentHandle environmentHandle)
   在 System.Data.Odbc.OdbcConnectionOpen..ctor(OdbcConnection outerConnection, OdbcConnectionString connectionOptions)
   在 System.Data.Odbc.OdbcConnectionFactory.CreateConnection(DbConnectionOptions options, DbConnectionPoolKey poolKey, Object poolGroupProviderInfo, DbConnectionPool pool, DbConnection owningObject)
   在 System.Data.ProviderBase.DbConnectionFactory.CreateConnection(DbConnectionOptions options, DbConnectionPoolKey poolKey, Object poolGroupProviderInfo, DbConnectionPool pool, DbConnection owningConnection, DbConnectionOptions userOptions)
   在 System.Data.ProviderBase.DbConnectionFactory.CreateNonPooledConnection(DbConnection owningConnection, DbConnectionPoolGroup poolGroup, DbConnectionOptions userOptions)
   在 System.Data.ProviderBase.DbConnectionFactory.TryGetConnection(DbConnection owningConnection, TaskCompletionSource`1 retry, DbConnectionOptions userOptions, DbConnectionInternal oldConnection, DbConnectionInternal& connection)
   在 System.Data.ProviderBase.DbConnectionInternal.TryOpenConnectionInternal(DbConnection outerConnection, DbConnectionFactory connectionFactory, TaskCompletionSource`1 retry, DbConnectionOptions userOptions)
   在 System.Data.ProviderBase.DbConnectionClosed.TryOpenConnection(DbConnection outerConnection, DbConnectionFactory connectionFactory, TaskCompletionSource`1 retry, DbConnectionOptions userOptions)
   在 System.Data.ProviderBase.DbConnectionInternal.OpenConnection(DbConnection outerConnection, DbConnectionFactory connectionFactory)
   在 System.Data.Odbc.OdbcConnection.Open()
   在 WCAPP.Libs.WcappExcel.Import(String path) 位置 D:\liyang\wcapp\WCAPP\Libs\WcappExcel.cs:行号 30
   在 WCAPP.Controllers.SyncController.ImportExcel(HttpPostedFileBase file) 位置 D:\liyang\wcapp\WCAPP\Controllers\SyncController.cs:行号 118
 ----------------------header-------------------------- 2018-11-07 16:25:15,991 [6] INFO  log4netlogger - GET http://localhost:54938/Sync/Index
2018-11-07 16:25:16,039 [6] INFO  log4netlogger - GET http://localhost:54938/
2018-11-07 16:25:29,734 [13] INFO  log4netlogger - POST http://localhost:54938/
2018-11-07 16:25:31,600 [6] INFO  log4netlogger - GET http://localhost:54938/Process
2018-11-07 16:25:34,900 [10] INFO  log4netlogger - GET http://localhost:54938/Sync
2018-11-07 16:25:41,644 [9] INFO  log4netlogger - POST http://localhost:54938/Sync/ImportExcel
2018-11-07 16:25:41,673 [9] ERROR log4netlogger -    在 System.Data.Odbc.OdbcConnection.HandleError(OdbcHandle hrHandle, RetCode retcode)
   在 System.Data.Odbc.OdbcConnectionHandle..ctor(OdbcConnection connection, OdbcConnectionString constr, OdbcEnvironmentHandle environmentHandle)
   在 System.Data.Odbc.OdbcConnectionOpen..ctor(OdbcConnection outerConnection, OdbcConnectionString connectionOptions)
   在 System.Data.Odbc.OdbcConnectionFactory.CreateConnection(DbConnectionOptions options, DbConnectionPoolKey poolKey, Object poolGroupProviderInfo, DbConnectionPool pool, DbConnection owningObject)
   在 System.Data.ProviderBase.DbConnectionFactory.CreateConnection(DbConnectionOptions options, DbConnectionPoolKey poolKey, Object poolGroupProviderInfo, DbConnectionPool pool, DbConnection owningConnection, DbConnectionOptions userOptions)
   在 System.Data.ProviderBase.DbConnectionFactory.CreateNonPooledConnection(DbConnection owningConnection, DbConnectionPoolGroup poolGroup, DbConnectionOptions userOptions)
   在 System.Data.ProviderBase.DbConnectionFactory.TryGetConnection(DbConnection owningConnection, TaskCompletionSource`1 retry, DbConnectionOptions userOptions, DbConnectionInternal oldConnection, DbConnectionInternal& connection)
   在 System.Data.ProviderBase.DbConnectionInternal.TryOpenConnectionInternal(DbConnection outerConnection, DbConnectionFactory connectionFactory, TaskCompletionSource`1 retry, DbConnectionOptions userOptions)
   在 System.Data.ProviderBase.DbConnectionClosed.TryOpenConnection(DbConnection outerConnection, DbConnectionFactory connectionFactory, TaskCompletionSource`1 retry, DbConnectionOptions userOptions)
   在 System.Data.ProviderBase.DbConnectionInternal.OpenConnection(DbConnection outerConnection, DbConnectionFactory connectionFactory)
   在 System.Data.Odbc.OdbcConnection.Open()
   在 WCAPP.Libs.WcappExcel.Import(String path) 位置 D:\liyang\wcapp\WCAPP\Libs\WcappExcel.cs:行号 30
   在 WCAPP.Controllers.SyncController.ImportExcel(HttpPostedFileBase file) 位置 D:\liyang\wcapp\WCAPP\Controllers\SyncController.cs:行号 118
2018-11-07 16:27:56,604 [8] INFO  log4netlogger - POST http://localhost:54938/Sync/ImportExcel
2018-11-07 16:27:56,614 [9] ERROR log4netlogger -    在 System.Data.Odbc.OdbcConnection.HandleError(OdbcHandle hrHandle, RetCode retcode)
   在 System.Data.Odbc.OdbcConnectionHandle..ctor(OdbcConnection connection, OdbcConnectionString constr, OdbcEnvironmentHandle environmentHandle)
   在 System.Data.Odbc.OdbcConnectionOpen..ctor(OdbcConnection outerConnection, OdbcConnectionString connectionOptions)
   在 System.Data.Odbc.OdbcConnectionFactory.CreateConnection(DbConnectionOptions options, DbConnectionPoolKey poolKey, Object poolGroupProviderInfo, DbConnectionPool pool, DbConnection owningObject)
   在 System.Data.ProviderBase.DbConnectionFactory.CreateConnection(DbConnectionOptions options, DbConnectionPoolKey poolKey, Object poolGroupProviderInfo, DbConnectionPool pool, DbConnection owningConnection, DbConnectionOptions userOptions)
   在 System.Data.ProviderBase.DbConnectionFactory.CreateNonPooledConnection(DbConnection owningConnection, DbConnectionPoolGroup poolGroup, DbConnectionOptions userOptions)
   在 System.Data.ProviderBase.DbConnectionFactory.TryGetConnection(DbConnection owningConnection, TaskCompletionSource`1 retry, DbConnectionOptions userOptions, DbConnectionInternal oldConnection, DbConnectionInternal& connection)
   在 System.Data.ProviderBase.DbConnectionInternal.TryOpenConnectionInternal(DbConnection outerConnection, DbConnectionFactory connectionFactory, TaskCompletionSource`1 retry, DbConnectionOptions userOptions)
   在 System.Data.ProviderBase.DbConnectionClosed.TryOpenConnection(DbConnection outerConnection, DbConnectionFactory connectionFactory, TaskCompletionSource`1 retry, DbConnectionOptions userOptions)
   在 System.Data.ProviderBase.DbConnectionInternal.OpenConnection(DbConnection outerConnection, DbConnectionFactory connectionFactory)
   在 System.Data.Odbc.OdbcConnection.Open()
   在 WCAPP.Libs.WcappExcel.Import(String path) 位置 D:\liyang\wcapp\WCAPP\Libs\WcappExcel.cs:行号 30
   在 WCAPP.Controllers.SyncController.ImportExcel(HttpPostedFileBase file) 位置 D:\liyang\wcapp\WCAPP\Controllers\SyncController.cs:行号 118
2018-11-07 16:28:02,616 [6] INFO  log4netlogger - POST http://localhost:54938/Sync/ImportExcel
2018-11-07 16:28:02,632 [6] ERROR log4netlogger -    在 System.Data.Odbc.OdbcConnection.HandleError(OdbcHandle hrHandle, RetCode retcode)
   在 System.Data.Odbc.OdbcConnectionHandle..ctor(OdbcConnection connection, OdbcConnectionString constr, OdbcEnvironmentHandle environmentHandle)
   在 System.Data.Odbc.OdbcConnectionOpen..ctor(OdbcConnection outerConnection, OdbcConnectionString connectionOptions)
   在 System.Data.Odbc.OdbcConnectionFactory.CreateConnection(DbConnectionOptions options, DbConnectionPoolKey poolKey, Object poolGroupProviderInfo, DbConnectionPool pool, DbConnection owningObject)
   在 System.Data.ProviderBase.DbConnectionFactory.CreateConnection(DbConnectionOptions options, DbConnectionPoolKey poolKey, Object poolGroupProviderInfo, DbConnectionPool pool, DbConnection owningConnection, DbConnectionOptions userOptions)
   在 System.Data.ProviderBase.DbConnectionFactory.CreateNonPooledConnection(DbConnection owningConnection, DbConnectionPoolGroup poolGroup, DbConnectionOptions userOptions)
   在 System.Data.ProviderBase.DbConnectionFactory.TryGetConnection(DbConnection owningConnection, TaskCompletionSource`1 retry, DbConnectionOptions userOptions, DbConnectionInternal oldConnection, DbConnectionInternal& connection)
   在 System.Data.ProviderBase.DbConnectionInternal.TryOpenConnectionInternal(DbConnection outerConnection, DbConnectionFactory connectionFactory, TaskCompletionSource`1 retry, DbConnectionOptions userOptions)
   在 System.Data.ProviderBase.DbConnectionClosed.TryOpenConnection(DbConnection outerConnection, DbConnectionFactory connectionFactory, TaskCompletionSource`1 retry, DbConnectionOptions userOptions)
   在 System.Data.ProviderBase.DbConnectionInternal.OpenConnection(DbConnection outerConnection, DbConnectionFactory connectionFactory)
   在 System.Data.Odbc.OdbcConnection.Open()
   在 WCAPP.Libs.WcappExcel.Import(String path) 位置 D:\liyang\wcapp\WCAPP\Libs\WcappExcel.cs:行号 30
   在 WCAPP.Controllers.SyncController.ImportExcel(HttpPostedFileBase file) 位置 D:\liyang\wcapp\WCAPP\Controllers\SyncController.cs:行号 118
2018-11-07 16:29:25,949 [8] INFO  log4netlogger - GET http://localhost:54938/
2018-11-07 16:29:25,994 [20] INFO  log4netlogger - GET http://localhost:54938/Process
2018-11-07 16:29:31,731 [14] INFO  log4netlogger - GET http://localhost:54938/Sync
 ----------------------header-------------------------- 2018-11-07 16:29:40,208 [6] INFO  log4netlogger - GET http://localhost:54938/
2018-11-07 16:30:00,021 [11] INFO  log4netlogger - POST http://localhost:54938/
2018-11-07 16:30:02,149 [7] INFO  log4netlogger - GET http://localhost:54938/Process
2018-11-07 16:30:16,765 [6] INFO  log4netlogger - GET http://localhost:54938/Sync
2018-11-07 16:30:29,243 [7] INFO  log4netlogger - POST http://localhost:54938/Sync/ImportExcel
2018-11-07 16:31:47,316 [7] ERROR log4netlogger -    在 System.Data.Odbc.OdbcConnection.HandleError(OdbcHandle hrHandle, RetCode retcode)
   在 System.Data.Odbc.OdbcConnectionHandle..ctor(OdbcConnection connection, OdbcConnectionString constr, OdbcEnvironmentHandle environmentHandle)
   在 System.Data.Odbc.OdbcConnectionOpen..ctor(OdbcConnection outerConnection, OdbcConnectionString connectionOptions)
   在 System.Data.Odbc.OdbcConnectionFactory.CreateConnection(DbConnectionOptions options, DbConnectionPoolKey poolKey, Object poolGroupProviderInfo, DbConnectionPool pool, DbConnection owningObject)
   在 System.Data.ProviderBase.DbConnectionFactory.CreateConnection(DbConnectionOptions options, DbConnectionPoolKey poolKey, Object poolGroupProviderInfo, DbConnectionPool pool, DbConnection owningConnection, DbConnectionOptions userOptions)
   在 System.Data.ProviderBase.DbConnectionFactory.CreateNonPooledConnection(DbConnection owningConnection, DbConnectionPoolGroup poolGroup, DbConnectionOptions userOptions)
   在 System.Data.ProviderBase.DbConnectionFactory.TryGetConnection(DbConnection owningConnection, TaskCompletionSource`1 retry, DbConnectionOptions userOptions, DbConnectionInternal oldConnection, DbConnectionInternal& connection)
   在 System.Data.ProviderBase.DbConnectionInternal.TryOpenConnectionInternal(DbConnection outerConnection, DbConnectionFactory connectionFactory, TaskCompletionSource`1 retry, DbConnectionOptions userOptions)
   在 System.Data.ProviderBase.DbConnectionClosed.TryOpenConnection(DbConnection outerConnection, DbConnectionFactory connectionFactory, TaskCompletionSource`1 retry, DbConnectionOptions userOptions)
   在 System.Data.ProviderBase.DbConnectionInternal.OpenConnection(DbConnection outerConnection, DbConnectionFactory connectionFactory)
   在 System.Data.Odbc.OdbcConnection.Open()
   在 WCAPP.Libs.WcappExcel.Import(String path) 位置 D:\liyang\wcapp\WCAPP\Libs\WcappExcel.cs:行号 30
   在 WCAPP.Controllers.SyncController.ImportExcel(HttpPostedFileBase file) 位置 D:\liyang\wcapp\WCAPP\Controllers\SyncController.cs:行号 118
2018-11-07 16:33:39,043 [6] INFO  log4netlogger - POST http://localhost:54938/Sync/ImportExcel
2018-11-07 16:33:40,890 [6] ERROR log4netlogger -    在 System.Data.Odbc.OdbcConnection.HandleError(OdbcHandle hrHandle, RetCode retcode)
   在 System.Data.Odbc.OdbcConnectionHandle..ctor(OdbcConnection connection, OdbcConnectionString constr, OdbcEnvironmentHandle environmentHandle)
   在 System.Data.Odbc.OdbcConnectionOpen..ctor(OdbcConnection outerConnection, OdbcConnectionString connectionOptions)
   在 System.Data.Odbc.OdbcConnectionFactory.CreateConnection(DbConnectionOptions options, DbConnectionPoolKey poolKey, Object poolGroupProviderInfo, DbConnectionPool pool, DbConnection owningObject)
   在 System.Data.ProviderBase.DbConnectionFactory.CreateConnection(DbConnectionOptions options, DbConnectionPoolKey poolKey, Object poolGroupProviderInfo, DbConnectionPool pool, DbConnection owningConnection, DbConnectionOptions userOptions)
   在 System.Data.ProviderBase.DbConnectionFactory.CreateNonPooledConnection(DbConnection owningConnection, DbConnectionPoolGroup poolGroup, DbConnectionOptions userOptions)
   在 System.Data.ProviderBase.DbConnectionFactory.TryGetConnection(DbConnection owningConnection, TaskCompletionSource`1 retry, DbConnectionOptions userOptions, DbConnectionInternal oldConnection, DbConnectionInternal& connection)
   在 System.Data.ProviderBase.DbConnectionInternal.TryOpenConnectionInternal(DbConnection outerConnection, DbConnectionFactory connectionFactory, TaskCompletionSource`1 retry, DbConnectionOptions userOptions)
   在 System.Data.ProviderBase.DbConnectionClosed.TryOpenConnection(DbConnection outerConnection, DbConnectionFactory connectionFactory, TaskCompletionSource`1 retry, DbConnectionOptions userOptions)
   在 System.Data.ProviderBase.DbConnectionInternal.OpenConnection(DbConnection outerConnection, DbConnectionFactory connectionFactory)
   在 System.Data.Odbc.OdbcConnection.Open()
   在 WCAPP.Libs.WcappExcel.Import(String path) 位置 D:\liyang\wcapp\WCAPP\Libs\WcappExcel.cs:行号 30
   在 WCAPP.Controllers.SyncController.ImportExcel(HttpPostedFileBase file) 位置 D:\liyang\wcapp\WCAPP\Controllers\SyncController.cs:行号 118
 ----------------------header-------------------------- 2018-11-07 16:34:59,773 [6] INFO  log4netlogger - GET http://localhost:54938/
2018-11-07 16:34:59,864 [6] INFO  log4netlogger - GET http://localhost:54938/Process
2018-11-07 16:35:07,004 [9] INFO  log4netlogger - GET http://localhost:54938/Sync
2018-11-07 16:35:12,483 [7] INFO  log4netlogger - POST http://localhost:54938/Sync/ImportExcel
2018-11-07 16:35:12,498 [7] ERROR log4netlogger -    在 System.Data.Odbc.OdbcConnection.HandleError(OdbcHandle hrHandle, RetCode retcode)
   在 System.Data.Odbc.OdbcConnectionHandle..ctor(OdbcConnection connection, OdbcConnectionString constr, OdbcEnvironmentHandle environmentHandle)
   在 System.Data.Odbc.OdbcConnectionOpen..ctor(OdbcConnection outerConnection, OdbcConnectionString connectionOptions)
   在 System.Data.Odbc.OdbcConnectionFactory.CreateConnection(DbConnectionOptions options, DbConnectionPoolKey poolKey, Object poolGroupProviderInfo, DbConnectionPool pool, DbConnection owningObject)
   在 System.Data.ProviderBase.DbConnectionFactory.CreateConnection(DbConnectionOptions options, DbConnectionPoolKey poolKey, Object poolGroupProviderInfo, DbConnectionPool pool, DbConnection owningConnection, DbConnectionOptions userOptions)
   在 System.Data.ProviderBase.DbConnectionFactory.CreateNonPooledConnection(DbConnection owningConnection, DbConnectionPoolGroup poolGroup, DbConnectionOptions userOptions)
   在 System.Data.ProviderBase.DbConnectionFactory.TryGetConnection(DbConnection owningConnection, TaskCompletionSource`1 retry, DbConnectionOptions userOptions, DbConnectionInternal oldConnection, DbConnectionInternal& connection)
   在 System.Data.ProviderBase.DbConnectionInternal.TryOpenConnectionInternal(DbConnection outerConnection, DbConnectionFactory connectionFactory, TaskCompletionSource`1 retry, DbConnectionOptions userOptions)
   在 System.Data.ProviderBase.DbConnectionClosed.TryOpenConnection(DbConnection outerConnection, DbConnectionFactory connectionFactory, TaskCompletionSource`1 retry, DbConnectionOptions userOptions)
   在 System.Data.ProviderBase.DbConnectionInternal.OpenConnection(DbConnection outerConnection, DbConnectionFactory connectionFactory)
   在 System.Data.Odbc.OdbcConnection.Open()
   在 WCAPP.Libs.WcappExcel.Import(String path) 位置 D:\liyang\wcapp\WCAPP\Libs\WcappExcel.cs:行号 30
   在 WCAPP.Controllers.SyncController.ImportExcel(HttpPostedFileBase file) 位置 D:\liyang\wcapp\WCAPP\Controllers\SyncController.cs:行号 118
 ----------------------footer--------------------------  ----------------------header-------------------------- 2018-11-07 16:44:53,652 [24] INFO  log4netlogger - GET http://localhost:54938/
2018-11-07 16:44:53,723 [21] INFO  log4netlogger - GET http://localhost:54938/Process
2018-11-07 16:45:02,051 [21] INFO  log4netlogger - GET http://localhost:54938/User
2018-11-07 16:45:05,524 [8] INFO  log4netlogger - GET http://localhost:54938/User/GetUserPdfs/admin,cj,cjsh,infodba,sh,test1,wjq,yd
 ----------------------footer--------------------------  ----------------------header-------------------------- 2018-11-07 17:00:34,759 [23] INFO  log4netlogger - GET http://localhost:54938/
2018-11-07 17:00:34,833 [10] INFO  log4netlogger - GET http://localhost:54938/Process
2018-11-07 17:00:46,059 [23] INFO  log4netlogger - GET http://localhost:54938/User
2018-11-07 17:00:48,899 [37] INFO  log4netlogger - GET http://localhost:54938/User/GetUserPdfs/admin,cj,cjsh,infodba,sh,test1,wjq,yd
 ----------------------footer--------------------------  ----------------------header-------------------------- 2018-11-07 17:06:00,137 [23] INFO  log4netlogger - GET http://localhost:54938/User
2018-11-07 17:06:04,144 [19] INFO  log4netlogger - GET http://localhost:54938/User/GetUserPdfs/admin,cj,cjsh,infodba,sh,test1,wjq,yd
2018-11-07 17:06:04,898 [10] INFO  log4netlogger - GET http://localhost:54938/User
 ----------------------footer--------------------------  ----------------------header-------------------------- 2018-11-07 17:09:08,000 [23] INFO  log4netlogger - GET http://localhost:54938/User/GetUserPdfs/admin,cj,cjsh,infodba,sh,test1,wjq,yd
2018-11-07 17:09:10,026 [22] INFO  log4netlogger - GET http://localhost:54938/User
2018-11-07 17:09:33,438 [25] INFO  log4netlogger - GET http://localhost:54938/User/GetUserPdfs/admin,cj,cjsh,infodba,sh,test1,wjq,yd
 ----------------------footer--------------------------  ----------------------header-------------------------- 2018-11-07 17:09:58,234 [25] INFO  log4netlogger - GET http://localhost:54938/User
2018-11-07 17:10:01,891 [23] INFO  log4netlogger - GET http://localhost:54938/favicon.ico
2018-11-07 17:10:11,797 [15] INFO  log4netlogger - GET http://localhost:54938/User/GetUserPdfs/admin,cj,cjsh,infodba,sh,test1,wjq,yd
2018-11-07 18:24:06,364 [54] INFO  log4netlogger - GET http://localhost:54938/Sync
2018-11-07 18:24:06,373 [52] INFO  log4netlogger - GET http://localhost:54938/
 ----------------------header-------------------------- 2018-11-07 18:25:44,350 [6] INFO  log4netlogger - GET http://localhost:54938/
2018-11-07 18:25:52,329 [11] INFO  log4netlogger - POST http://localhost:54938/
2018-11-07 18:25:56,353 [8] INFO  log4netlogger - GET http://localhost:54938/Process
2018-11-07 18:26:01,421 [7] INFO  log4netlogger - GET http://localhost:54938/Sync
2018-11-07 18:26:10,005 [7] INFO  log4netlogger - POST http://localhost:54938/Sync/ImportExcel
2018-11-07 18:26:11,228 [7] ERROR log4netlogger -    在 WCAPP.Utils.Common.GetDbEnum[T](Object cell) 位置 D:\liyang\wcapp\WCAPP\Utils\Common.cs:行号 231
   在 WCAPP.Libs.WcappExcel.Import(String path) 位置 D:\liyang\wcapp\WCAPP\Libs\WcappExcel.cs:行号 117
2018-11-07 18:26:11,482 [7] ERROR log4netlogger -    在 WCAPP.Libs.WcappExcel.Import(String path) 位置 D:\liyang\wcapp\WCAPP\Libs\WcappExcel.cs:行号 191
   在 WCAPP.Controllers.SyncController.ImportExcel(HttpPostedFileBase file) 位置 D:\liyang\wcapp\WCAPP\Controllers\SyncController.cs:行号 118
2018-11-07 18:50:49,654 [45] INFO  log4netlogger - GET http://localhost:54938/Process
2018-11-07 18:50:51,629 [36] INFO  log4netlogger - GET http://localhost:54938/Process/Detail/31
2018-11-07 18:50:54,062 [50] INFO  log4netlogger - GET http://localhost:54938/Procedure/Detail/29
2018-11-07 18:50:58,158 [45] INFO  log4netlogger - POST http://localhost:54938/Procedure/StartTest?sid=37
2018-11-07 18:50:58,531 [39] INFO  log4netlogger - GET http://localhost:54938/Home/Empty?http://localhost:54938/Procedure/Detail/29
2018-11-07 18:50:58,563 [36] INFO  log4netlogger - GET http://localhost:54938/Procedure/Detail/29
2018-11-07 19:06:49,948 [70] INFO  log4netlogger - GET http://localhost:54938/
2018-11-07 19:07:13,053 [55] INFO  log4netlogger - POST http://localhost:54938/
2018-11-07 19:07:13,075 [73] INFO  log4netlogger - GET http://localhost:54938/Process
2018-11-07 19:07:15,079 [71] INFO  log4netlogger - GET http://localhost:54938/Task
2018-11-07 19:07:17,124 [62] INFO  log4netlogger - GET http://localhost:54938/Sync
2018-11-07 19:07:23,523 [70] INFO  log4netlogger - POST http://localhost:54938/Sync/ImportExcel
2018-11-07 19:07:23,582 [62] ERROR log4netlogger -    在 WCAPP.Utils.Common.GetDbEnum[T](Object cell) 位置 D:\liyang\wcapp\WCAPP\Utils\Common.cs:行号 231
   在 WCAPP.Libs.WcappExcel.Import(String path) 位置 D:\liyang\wcapp\WCAPP\Libs\WcappExcel.cs:行号 117
2018-11-07 19:07:23,639 [62] ERROR log4netlogger -    在 WCAPP.Libs.WcappExcel.Import(String path) 位置 D:\liyang\wcapp\WCAPP\Libs\WcappExcel.cs:行号 191
   在 WCAPP.Controllers.SyncController.ImportExcel(HttpPostedFileBase file) 位置 D:\liyang\wcapp\WCAPP\Controllers\SyncController.cs:行号 118
2018-11-07 19:07:28,879 [66] INFO  log4netlogger - POST http://localhost:54938/Sync/ImportExcel
2018-11-07 19:07:28,974 [66] ERROR log4netlogger -    在 System.Data.DataRow.GetDataColumn(String columnName)
   在 System.Data.DataRow.get_Item(String columnName)
   在 WCAPP.Libs.WcappExcel.Import(String path) 位置 D:\liyang\wcapp\WCAPP\Libs\WcappExcel.cs:行号 140
2018-11-07 19:07:29,012 [66] ERROR log4netlogger -    在 WCAPP.Libs.WcappExcel.Import(String path) 位置 D:\liyang\wcapp\WCAPP\Libs\WcappExcel.cs:行号 191
   在 WCAPP.Controllers.SyncController.ImportExcel(HttpPostedFileBase file) 位置 D:\liyang\wcapp\WCAPP\Controllers\SyncController.cs:行号 118
2018-11-07 19:07:36,447 [69] INFO  log4netlogger - POST http://localhost:54938/Sync/ImportExcel
2018-11-07 19:07:39,074 [62] INFO  log4netlogger - GET http://localhost:54938/Sync
2018-11-07 19:07:46,707 [71] INFO  log4netlogger - POST http://localhost:54938/Sync/ExportWcapp
2018-11-07 19:07:47,226 [70] INFO  log4netlogger - GET http://localhost:54938/Sync?pageNo=2&searchType=&search=&pageSize=10
2018-11-07 19:07:56,729 [74] INFO  log4netlogger - POST http://localhost:54938/Sync/ImportExcel
2018-11-07 19:07:58,099 [62] INFO  log4netlogger - GET http://localhost:54938/Sync
2018-11-07 19:08:01,442 [70] INFO  log4netlogger - GET http://localhost:54938/Process
2018-11-07 19:10:14,317 [79] INFO  log4netlogger - GET http://localhost:54938/Process?copPageNo=1&searchType=partno&search=113B-2J-132123
2018-11-07 19:10:20,733 [80] INFO  log4netlogger - GET http://localhost:54938/Process/Detail/31
2018-11-07 19:10:23,459 [69] INFO  log4netlogger - GET http://localhost:54938/Process
2018-11-07 19:10:27,090 [66] INFO  log4netlogger - GET http://localhost:54938/Process?copPageNo=1&searchType=partno&search=113B-2J-132123
2018-11-07 19:10:28,379 [81] INFO  log4netlogger - GET http://localhost:54938/Process/Detail/32
2018-11-07 19:10:32,890 [72] INFO  log4netlogger - GET http://localhost:54938/Process
2018-11-07 19:10:36,841 [71] INFO  log4netlogger - GET http://localhost:54938/Process?crtPageNo=1&searchType=partno&search=113B-2J-132123
2018-11-07 19:11:01,400 [73] INFO  log4netlogger - GET http://localhost:54938/Process/ReviseIndex?pageSize=10
2018-11-07 19:11:02,340 [83] INFO  log4netlogger - GET http://localhost:54938/Sync
2018-11-07 19:11:08,322 [79] INFO  log4netlogger - POST http://localhost:54938/Sync/ImportExcel
2018-11-07 19:11:09,571 [66] INFO  log4netlogger - GET http://localhost:54938/Sync
2018-11-07 19:11:11,162 [65] INFO  log4netlogger - GET http://localhost:54938/Process
2018-11-07 19:11:20,436 [80] INFO  log4netlogger - GET http://localhost:54938/Process?crtPageNo=1&searchType=partno&search=wjq
 ----------------------header-------------------------- 2018-11-07 19:11:43,495 [6] INFO  log4netlogger - GET http://localhost:54938/
2018-11-07 19:12:13,726 [7] INFO  log4netlogger - POST http://localhost:54938/
2018-11-07 19:12:16,791 [8] INFO  log4netlogger - GET http://localhost:54938/Process
2018-11-07 19:12:21,307 [10] INFO  log4netlogger - GET http://localhost:54938/Sync
2018-11-07 19:12:35,355 [6] INFO  log4netlogger - POST http://localhost:54938/Sync/ImportExcel
2018-11-07 19:13:05,300 [6] INFO  log4netlogger - GET http://localhost:54938/Sync
2018-11-07 19:13:11,162 [7] INFO  log4netlogger - POST http://localhost:54938/Sync/ImportExcel
2018-11-07 19:13:47,188 [6] INFO  log4netlogger - GET http://localhost:54938/Sync
2018-11-07 19:13:52,640 [8] INFO  log4netlogger - POST http://localhost:54938/Sync/ImportExcel
 ----------------------header-------------------------- 2018-11-07 19:16:28,362 [5] INFO  log4netlogger - GET http://localhost:54938/
2018-11-07 19:16:41,069 [5] INFO  log4netlogger - POST http://localhost:54938/
2018-11-07 19:16:44,120 [8] INFO  log4netlogger - GET http://localhost:54938/Process
2018-11-07 19:16:52,011 [5] INFO  log4netlogger - GET http://localhost:54938/Sync
2018-11-07 19:16:58,435 [6] INFO  log4netlogger - POST http://localhost:54938/Sync/ImportExcel
 ----------------------header-------------------------- 2018-11-07 19:20:10,123 [6] INFO  log4netlogger - GET http://localhost:54938/
2018-11-07 19:20:17,004 [6] INFO  log4netlogger - POST http://localhost:54938/
2018-11-07 19:20:20,001 [8] INFO  log4netlogger - GET http://localhost:54938/Process
2018-11-07 19:20:24,490 [7] INFO  log4netlogger - GET http://localhost:54938/Sync
2018-11-07 19:20:30,145 [8] INFO  log4netlogger - POST http://localhost:54938/Sync/ImportExcel
 ----------------------header-------------------------- 2018-11-07 19:24:53,329 [6] INFO  log4netlogger - GET http://localhost:54938/
2018-11-07 19:25:22,733 [6] INFO  log4netlogger - POST http://localhost:54938/
2018-11-07 19:25:25,638 [8] INFO  log4netlogger - GET http://localhost:54938/Process
2018-11-07 19:25:31,909 [7] INFO  log4netlogger - GET http://localhost:54938/Sync
2018-11-07 19:25:38,457 [7] INFO  log4netlogger - POST http://localhost:54938/Sync/ImportExcel
 ----------------------header-------------------------- 2018-11-07 19:26:49,176 [6] INFO  log4netlogger - GET http://localhost:54938/
2018-11-07 19:26:56,188 [6] INFO  log4netlogger - POST http://localhost:54938/
2018-11-07 19:26:59,050 [6] INFO  log4netlogger - GET http://localhost:54938/Process
2018-11-07 19:27:03,891 [7] INFO  log4netlogger - GET http://localhost:54938/Sync
2018-11-07 19:27:09,443 [9] INFO  log4netlogger - POST http://localhost:54938/Sync/ImportExcel
2018-11-07 19:27:28,244 [6] INFO  log4netlogger - GET http://localhost:54938/Sync
2018-11-07 19:27:32,395 [8] INFO  log4netlogger - POST http://localhost:54938/Sync/ExportWcapp
2018-11-07 19:27:32,907 [7] INFO  log4netlogger - GET http://localhost:54938/Sync?pageNo=2&searchType=&search=&pageSize=10
2018-11-07 19:27:35,498 [6] INFO  log4netlogger - POST http://localhost:54938/Sync/ExportWcapp
2018-11-07 19:27:35,516 [7] INFO  log4netlogger - GET http://localhost:54938/Sync?pageNo=1&searchType=&search=&pageSize=10
2018-11-07 19:27:36,763 [10] INFO  log4netlogger - GET http://localhost:54938/Process
2018-11-07 19:27:39,594 [6] INFO  log4netlogger - GET http://localhost:54938/Process/Creating/45
2018-11-07 19:27:43,996 [6] INFO  log4netlogger - GET http://localhost:54938/Process
 ----------------------header-------------------------- 2018-11-07 19:28:48,105 [6] INFO  log4netlogger - GET http://localhost:54938/
2018-11-07 19:28:56,669 [6] INFO  log4netlogger - POST http://localhost:54938/
2018-11-07 19:28:59,513 [7] INFO  log4netlogger - GET http://localhost:54938/Process
2018-11-07 19:29:03,059 [6] INFO  log4netlogger - GET http://localhost:54938/Sync
2018-11-07 19:29:08,977 [7] INFO  log4netlogger - POST http://localhost:54938/Sync/ImportExcel
2018-11-07 19:29:14,765 [6] INFO  log4netlogger - GET http://localhost:54938/Sync
2018-11-07 19:29:19,312 [6] INFO  log4netlogger - GET http://localhost:54938/Process
2018-11-07 19:29:21,707 [6] INFO  log4netlogger - GET http://localhost:54938/Process?copPageNo=2&pageSize=10
2018-11-07 19:29:24,134 [6] INFO  log4netlogger - GET http://localhost:54938/Process?copPageNo=1&pageSize=10
2018-11-07 19:29:28,290 [10] INFO  log4netlogger - GET http://localhost:54938/Process/Creating/45
2018-11-07 19:30:18,905 [7] INFO  log4netlogger - GET http://localhost:54938/Process/Creating/45
2018-11-07 19:30:19,055 [9] INFO  log4netlogger - GET http://localhost:54938/favicon.ico
2018-11-07 19:30:20,058 [11] INFO  log4netlogger - GET http://localhost:54938/Sync
2018-11-07 19:30:28,338 [8] INFO  log4netlogger - POST http://localhost:54938/Sync/ImportExcel
2018-11-07 19:31:26,615 [6] INFO  log4netlogger - POST http://localhost:54938/Sync/ImportExcel
2018-11-07 19:32:50,072 [6] INFO  log4netlogger - POST http://localhost:54938/Sync/ImportExcel
2018-11-07 19:32:56,036 [6] INFO  log4netlogger - GET http://localhost:54938/Sync
2018-11-07 19:32:57,869 [6] INFO  log4netlogger - GET http://localhost:54938/Process
2018-11-07 19:33:01,389 [7] INFO  log4netlogger - GET http://localhost:54938/Process/Creating/46
2018-11-07 19:33:05,406 [7] INFO  log4netlogger - GET http://localhost:54938/Procedure/Creating/51
2018-11-07 19:33:13,628 [6] INFO  log4netlogger - GET http://localhost:54938/Process/Creating/46
2018-11-07 19:33:14,962 [9] INFO  log4netlogger - GET http://localhost:54938/Process
