 ----------------------header-------------------------- 2018-11-05 14:00:49,007 [10] INFO  log4netlogger - GET http://localhost:9991/
2018-11-05 14:00:56,424 [19] INFO  log4netlogger - POST http://localhost:9991/
2018-11-05 14:00:59,278 [19] INFO  log4netlogger - GET http://localhost:9991/Process
2018-11-05 14:01:00,043 [10] INFO  log4netlogger - GET http://localhost:9991/Content/process.css
2018-11-05 14:01:01,897 [23] INFO  log4netlogger - GET http://localhost:9991/Process/Detail/31
2018-11-05 14:01:03,490 [25] INFO  log4netlogger - GET http://localhost:9991/Procedure/Detail/29
2018-11-05 14:01:09,688 [23] INFO  log4netlogger - GET http://localhost:9991/Process/Detail/31
2018-11-05 14:01:10,737 [19] INFO  log4netlogger - GET http://localhost:9991/Process
2018-11-05 14:01:13,736 [20] INFO  log4netlogger - GET http://localhost:9991/Process/ImportProcesses?processIdes=31,
2018-11-05 14:01:49,298 [24] INFO  log4netlogger - GET http://localhost:9991/Process?pageSize=10
2018-11-05 14:01:52,569 [21] INFO  log4netlogger - GET http://localhost:9991/Process?pageSize=200
2018-11-05 14:01:53,459 [8] INFO  log4netlogger - GET http://localhost:9991/Process?pageSize=200
2018-11-05 14:02:02,258 [20] INFO  log4netlogger - GET http://localhost:9991/Process?pageSize=100
2018-11-05 14:02:05,648 [24] INFO  log4netlogger - GET http://localhost:9991/Process?pageSize=200
2018-11-05 14:03:15,910 [5] INFO  log4netlogger - GET http://localhost:9991/Process/ImportProcesses?processIdes=25,31,32,2,3,4,41,44,40,36
2018-11-05 14:05:50,587 [19] INFO  log4netlogger - GET http://localhost:9991/Process/Create
2018-11-05 14:05:54,280 [34] INFO  log4netlogger - GET http://localhost:9991/User
2018-11-05 14:05:57,725 [31] INFO  log4netlogger - GET http://localhost:9991/Process
2018-11-05 14:05:57,789 [36] INFO  log4netlogger - GET http://localhost:9991/Process
2018-11-05 14:06:01,768 [34] INFO  log4netlogger - GET http://localhost:9991/Process/Create
2018-11-05 14:06:03,993 [25] INFO  log4netlogger - GET http://localhost:9991/Process
2018-11-05 14:06:06,601 [35] INFO  log4netlogger - GET http://localhost:9991/Process/Creating/1
2018-11-05 14:06:10,449 [27] INFO  log4netlogger - POST http://localhost:9991/Process/DeleteProcedure/1
2018-11-05 14:06:10,925 [19] INFO  log4netlogger - GET http://localhost:9991/Home/Empty?http://localhost:9991/Process/Creating/1
2018-11-05 14:06:10,956 [10] INFO  log4netlogger - GET http://localhost:9991/Process/Creating/1
2018-11-05 14:06:21,281 [24] INFO  log4netlogger - POST http://localhost:9991/Process/AddProcedure?pid=1
2018-11-05 14:06:21,777 [35] INFO  log4netlogger - GET http://localhost:9991/Home/Empty?http://localhost:9991/Process/Creating/1
2018-11-05 14:06:21,802 [20] INFO  log4netlogger - GET http://localhost:9991/Process/Creating/1
2018-11-05 14:06:31,215 [31] INFO  log4netlogger - POST http://localhost:9991/Process/AddProcedure?pid=1
2018-11-05 14:06:31,274 [19] INFO  log4netlogger - GET http://localhost:9991/Home/Empty?http://localhost:9991/Process/Creating/1
2018-11-05 14:06:31,298 [36] INFO  log4netlogger - GET http://localhost:9991/Process/Creating/1
2018-11-05 14:06:41,663 [10] INFO  log4netlogger - POST http://localhost:9991/Process/AddProcedure?pid=1
2018-11-05 14:06:43,957 [22] INFO  log4netlogger - POST http://localhost:9991/Process/AddProcedure?pid=1
2018-11-05 14:06:43,968 [38] INFO  log4netlogger - GET http://localhost:9991/Home/Empty?http://localhost:9991/Process/Creating/1
2018-11-05 14:06:43,989 [25] INFO  log4netlogger - GET http://localhost:9991/Process/Creating/1
2018-11-05 14:07:24,095 [44] INFO  log4netlogger - POST http://localhost:9991/Process/AddProcedure?pid=1
2018-11-05 14:07:24,120 [20] INFO  log4netlogger - GET http://localhost:9991/Home/Empty?http://localhost:9991/Process/Creating/1
2018-11-05 14:07:24,143 [38] INFO  log4netlogger - GET http://localhost:9991/Process/Creating/1
2018-11-05 14:07:33,382 [10] INFO  log4netlogger - POST http://localhost:9991/Process/AddProcedure?pid=1
2018-11-05 14:07:33,410 [31] INFO  log4netlogger - GET http://localhost:9991/Home/Empty?http://localhost:9991/Process/Creating/1
2018-11-05 14:07:33,433 [44] INFO  log4netlogger - GET http://localhost:9991/Process/Creating/1
2018-11-05 14:07:34,849 [20] INFO  log4netlogger - GET http://localhost:9991/Procedure/Creating/45
2018-11-05 14:07:49,568 [19] INFO  log4netlogger - POST http://localhost:9991/Procedure/AddSeam?prid=45
2018-11-05 14:07:49,712 [34] INFO  log4netlogger - GET http://localhost:9991/Home/Empty?http://localhost:9991/Procedure/Creating/45
2018-11-05 14:07:49,735 [31] INFO  log4netlogger - GET http://localhost:9991/Procedure/Creating/45
2018-11-05 14:07:51,418 [45] INFO  log4netlogger - POST http://localhost:9991/Procedure/GenParam?sid=60
2018-11-05 14:07:53,406 [47] INFO  log4netlogger - POST http://localhost:9991/Procedure/EditParam?sid=60
2018-11-05 14:07:53,471 [40] INFO  log4netlogger - GET http://localhost:9991/Home/Empty?http://localhost:9991/Procedure/Creating/45
2018-11-05 14:07:53,493 [10] INFO  log4netlogger - GET http://localhost:9991/Procedure/Creating/45
2018-11-05 14:07:54,320 [39] INFO  log4netlogger - GET http://localhost:9991/Process/Creating/1
2018-11-05 14:07:56,051 [28] INFO  log4netlogger - GET http://localhost:9991/Procedure/Creating/46
2018-11-05 14:08:09,238 [20] INFO  log4netlogger - POST http://localhost:9991/Procedure/AddSeam?prid=46
2018-11-05 14:08:09,275 [44] INFO  log4netlogger - GET http://localhost:9991/Home/Empty?http://localhost:9991/Procedure/Creating/46
2018-11-05 14:08:09,298 [38] INFO  log4netlogger - GET http://localhost:9991/Procedure/Creating/46
2018-11-05 14:08:10,438 [30] INFO  log4netlogger - POST http://localhost:9991/Procedure/GenParam?sid=61
2018-11-05 14:08:12,381 [46] INFO  log4netlogger - POST http://localhost:9991/Procedure/EditParam?sid=61
2018-11-05 14:08:12,404 [34] INFO  log4netlogger - GET http://localhost:9991/Home/Empty?http://localhost:9991/Procedure/Creating/46
2018-11-05 14:08:12,425 [19] INFO  log4netlogger - GET http://localhost:9991/Procedure/Creating/46
2018-11-05 14:08:47,786 [30] INFO  log4netlogger - GET http://localhost:9991/Process/Creating/1
2018-11-05 14:08:49,627 [47] INFO  log4netlogger - GET http://localhost:9991/Procedure/Creating/47
2018-11-05 14:09:04,681 [33] INFO  log4netlogger - POST http://localhost:9991/Procedure/AddSeam?prid=47
2018-11-05 14:09:04,711 [48] INFO  log4netlogger - GET http://localhost:9991/Home/Empty?http://localhost:9991/Procedure/Creating/47
2018-11-05 14:09:04,732 [44] INFO  log4netlogger - GET http://localhost:9991/Procedure/Creating/47
2018-11-05 14:09:05,377 [28] INFO  log4netlogger - POST http://localhost:9991/Procedure/GenParam?sid=62
2018-11-05 14:09:07,117 [25] INFO  log4netlogger - POST http://localhost:9991/Procedure/EditParam?sid=62
2018-11-05 14:09:07,167 [39] INFO  log4netlogger - GET http://localhost:9991/Home/Empty?http://localhost:9991/Procedure/Creating/47
2018-11-05 14:09:07,190 [53] INFO  log4netlogger - GET http://localhost:9991/Procedure/Creating/47
2018-11-05 14:09:07,936 [51] INFO  log4netlogger - GET http://localhost:9991/Process/Creating/1
2018-11-05 14:09:09,481 [55] INFO  log4netlogger - GET http://localhost:9991/Procedure/Creating/48
2018-11-05 14:09:23,846 [47] INFO  log4netlogger - POST http://localhost:9991/Procedure/AddSeam?prid=48
2018-11-05 14:09:23,870 [57] INFO  log4netlogger - GET http://localhost:9991/Home/Empty?http://localhost:9991/Procedure/Creating/48
2018-11-05 14:09:23,893 [50] INFO  log4netlogger - GET http://localhost:9991/Procedure/Creating/48
2018-11-05 14:09:24,830 [53] INFO  log4netlogger - POST http://localhost:9991/Procedure/GenParam?sid=63
2018-11-05 14:09:26,414 [48] INFO  log4netlogger - POST http://localhost:9991/Procedure/EditParam?sid=63
2018-11-05 14:09:26,446 [19] INFO  log4netlogger - GET http://localhost:9991/Home/Empty?http://localhost:9991/Procedure/Creating/48
2018-11-05 14:09:26,475 [49] INFO  log4netlogger - GET http://localhost:9991/Procedure/Creating/48
2018-11-05 14:10:10,315 [55] INFO  log4netlogger - GET http://localhost:9991/Process/Creating/1
2018-11-05 14:10:12,058 [34] INFO  log4netlogger - GET http://localhost:9991/Procedure/Creating/49
2018-11-05 14:10:26,992 [28] INFO  log4netlogger - POST http://localhost:9991/Procedure/AddSeam?prid=49
2018-11-05 14:10:27,040 [33] INFO  log4netlogger - GET http://localhost:9991/Home/Empty?http://localhost:9991/Procedure/Creating/49
2018-11-05 14:10:27,064 [50] INFO  log4netlogger - GET http://localhost:9991/Procedure/Creating/49
2018-11-05 14:10:28,936 [30] INFO  log4netlogger - POST http://localhost:9991/Procedure/GenParam?sid=64
2018-11-05 14:10:30,967 [56] INFO  log4netlogger - POST http://localhost:9991/Procedure/EditParam?sid=64
2018-11-05 14:10:30,991 [49] INFO  log4netlogger - GET http://localhost:9991/Home/Empty?http://localhost:9991/Procedure/Creating/49
2018-11-05 14:10:31,014 [19] INFO  log4netlogger - GET http://localhost:9991/Procedure/Creating/49
2018-11-05 14:10:31,881 [28] INFO  log4netlogger - GET http://localhost:9991/Process/Creating/1
2018-11-05 14:10:36,582 [48] INFO  log4netlogger - POST http://localhost:9991/Approve/Submit?pid=1
2018-11-05 14:10:36,723 [34] INFO  log4netlogger - GET http://localhost:9991/Home/Empty?http://localhost:9991/Process/Creating/1
2018-11-05 14:10:36,746 [30] INFO  log4netlogger - GET http://localhost:9991/Process/Creating/1
2018-11-05 14:10:38,212 [56] INFO  log4netlogger - GET http://localhost:9991/Home/Logoff
2018-11-05 14:10:38,273 [49] INFO  log4netlogger - GET http://localhost:9991/
2018-11-05 14:10:46,242 [33] INFO  log4netlogger - POST http://localhost:9991/
2018-11-05 14:10:46,247 [20] INFO  log4netlogger - GET http://localhost:9991/Process
2018-11-05 14:10:48,241 [20] INFO  log4netlogger - GET http://localhost:9991/Approve/Waiting
2018-11-05 14:10:49,113 [48] INFO  log4netlogger - GET http://localhost:9991/Approve/Approve/12
2018-11-05 14:10:51,622 [56] INFO  log4netlogger - POST http://localhost:9991/Approve/Approve/12
2018-11-05 14:10:52,914 [28] INFO  log4netlogger - GET http://localhost:9991/Approve/Waiting
2018-11-05 14:10:54,374 [19] INFO  log4netlogger - GET http://localhost:9991/Home/Logoff
2018-11-05 14:10:54,380 [53] INFO  log4netlogger - GET http://localhost:9991/
2018-11-05 14:10:57,776 [47] INFO  log4netlogger - POST http://localhost:9991/
2018-11-05 14:10:57,782 [56] INFO  log4netlogger - GET http://localhost:9991/Process
2018-11-05 14:10:59,263 [19] INFO  log4netlogger - GET http://localhost:9991/Approve/Waiting
2018-11-05 14:11:00,712 [57] INFO  log4netlogger - GET http://localhost:9991/Approve/Approve/12
2018-11-05 14:11:03,238 [19] INFO  log4netlogger - POST http://localhost:9991/Approve/Approve/12
2018-11-05 14:11:04,168 [56] INFO  log4netlogger - GET http://localhost:9991/Approve/Waiting
2018-11-05 14:11:05,766 [55] INFO  log4netlogger - GET http://localhost:9991/Home/Logoff
2018-11-05 14:11:05,771 [20] INFO  log4netlogger - GET http://localhost:9991/
2018-11-05 14:11:09,666 [57] INFO  log4netlogger - POST http://localhost:9991/
2018-11-05 14:11:09,671 [53] INFO  log4netlogger - GET http://localhost:9991/Process
2018-11-05 14:11:14,283 [19] INFO  log4netlogger - GET http://localhost:9991/Process/Detail/1
2018-11-05 14:11:15,449 [56] INFO  log4netlogger - GET http://localhost:9991/Process
2018-11-05 14:11:16,863 [44] INFO  log4netlogger - GET http://localhost:9991/Process/ImportProcesses?processIdes=1,
2018-11-05 14:12:20,750 [44] INFO  log4netlogger - GET http://localhost:9991/Process/ImportProcesses?processIdes=25,31,32,2,3,4,41,44,40,1
 ----------------------footer-------------------------- 